<?xml version="1.0" encoding="windows-1252" standalone="no"?>
<!DOCTYPE log SYSTEM "logger.dtd">
<log>
<record>
  <date>2018-03-06T01:38:14</date>
  <millis>1520300294520</millis>
  <sequence>2</sequence>
  <logger>com.ibm.ws.postinstall</logger>
  <level>INFO</level>
  <class>com.ibm.ws.postinstall.LaunchUnifiedPostInstaller</class>
  <method>runPostinstaller</method>
  <thread>1</thread>
  <message>-WS_PI_ACTION_REGISTRY_EXTENSION was not specified. Using default value C:\Program Files (x86)\IBM\WebSphere\AppServer\properties\postinstall\registryExtension.xml
-DELTA_ACTION_REGISTRY was not specified. Using default value C:\Program Files (x86)\IBM\WebSphere\AppServer\profiles\AppSrv01\properties\service\productDir\PreConfigActions\deltaActionRegistry.xml
</message>
</record>
<record>
  <date>2018-03-06T01:38:14</date>
  <millis>1520300294520</millis>
  <sequence>3</sequence>
  <logger>com.ibm.ws.postinstall</logger>
  <level>INFO</level>
  <class>com.ibm.ws.postinstall.LaunchUnifiedPostInstaller</class>
  <method>writeParamsToLog</method>
  <thread>1</thread>
  <message>Parameters are:  -PROFILE_MASTER_ACTION_REGISTRY  =  C:\Program Files (x86)\IBM\WebSphere\AppServer/properties/service/productDir/PreConfigActions/service/masterActionRegistry.xml
-MASTER_ACTION_REGISTRY  =  C:\Program Files (x86)\IBM\WebSphere\AppServer/properties/postinstall/masterRegistry.xml
-WS_CMT_LOG_HOME  =  C:\Program Files (x86)\IBM\WebSphere\AppServer\profiles\AppSrv01/properties/service/productDir/PreConfigActions/logs
-WS_PI_ACTION_REGISTRY_EXTENSION  =  C:\Program Files (x86)\IBM\WebSphere\AppServer\properties\postinstall\registryExtension.xml
-SUB_ACTION_REGISTRY  =  C:\Program Files (x86)\IBM\WebSphere\AppServer/properties/postinstall/masterRegistry.xml
-NO_CACHE_CREATE  =  TRUE
-PROFILE_SUB_ACTION_REGISTRY  =  C:\Program Files (x86)\IBM\WebSphere\AppServer\profiles\AppSrv01/properties/service/productDir/PreConfigActions/cacheActionRegistry.xml
-WS_CMT_CONF_DIR  =  C:\Program Files (x86)\IBM\WebSphere\AppServer/properties/service/productDir/PreConfigActions/service
WAS_HOME  =  C:\Program Files (x86)\IBM\WebSphere\AppServer
-PROFILE_ACTION_REGISTRY_EXTENSION  =  C:\Program Files (x86)\IBM\WebSphere\AppServer/properties/service/productDir/PreConfigActions/service/registryExtension.xml
-POSTINSTALL_LOG_FILE  =  C:\Program Files (x86)\IBM\WebSphere\AppServer\profiles\AppSrv01/properties/service/productDir/PreConfigActions/logs/postinstall.log
-profilePath  =  C:\Program Files (x86)\IBM\WebSphere\AppServer\profiles\AppSrv01
-WS_PI_REGISTRY_EXTENSION  =  C:\Program Files (x86)\IBM\WebSphere\AppServer/properties/postinstall/registryExtension.xml
-DELTA_ACTION_REGISTRY  =  C:\Program Files (x86)\IBM\WebSphere\AppServer\profiles\AppSrv01\properties\service\productDir\PreConfigActions\deltaActionRegistry.xml
</message>
</record>
<record>
  <date>2018-03-06T01:38:14</date>
  <millis>1520300294614</millis>
  <sequence>4</sequence>
  <logger>com.ibm.ws.postinstall</logger>
  <level>INFO</level>
  <class>com.ibm.ws.postinstall.LaunchUnifiedPostInstaller</class>
  <method>launchConfigManager</method>
  <thread>1</thread>
  <message>Install or uninstall: install</message>
</record>
<record>
  <date>2018-03-06T01:38:14</date>
  <millis>1520300294614</millis>
  <sequence>5</sequence>
  <logger>com.ibm.ws.postinstall</logger>
  <level>INFO</level>
  <class>com.ibm.ws.postinstall.LaunchUnifiedPostInstaller</class>
  <method>launchConfigManagerWithRegistry</method>
  <thread>1</thread>
  <message>WS_CMT_LOG_HOME is in C:\Program Files (x86)\IBM\WebSphere\AppServer\profiles\AppSrv01/properties/service/productDir/PreConfigActions/logs\postinstallerConfigActions1520300294614.log</message>
</record>
<record>
  <date>2018-03-06T01:38:15</date>
  <millis>1520300295428</millis>
  <sequence>52</sequence>
  <logger>com.ibm.ws.postinstall</logger>
  <level>INFO</level>
  <class>com.ibm.ws.postinstall.LaunchUnifiedPostInstaller</class>
  <method>logReturnCode</method>
  <thread>1</thread>
  <message>INSTCONFSUCCESS: All config actions ran successfully with return code 0</message>
</record>
</log>
