<?xml version="1.0" encoding="windows-1252" standalone="no"?>
<!DOCTYPE log SYSTEM "logger.dtd">
<log>
<record>
  <date>2018-03-05T09:51:50</date>
  <millis>1520243510759</millis>
  <sequence>0</sequence>
  <logger>com.ibm.ws.postinstall</logger>
  <level>INFO</level>
  <class>com.ibm.ws.postinstall.LaunchUnifiedPostInstaller</class>
  <method>runPostinstaller</method>
  <thread>1</thread>
  <message>-DELTA_ACTION_REGISTRY was not specified. Using default value C:\Program Files (x86)\IBM\WebSphere\AppServer\properties\postinstall\fixpack\deltaActionRegistry.xml
</message>
</record>
<record>
  <date>2018-03-05T09:51:50</date>
  <millis>1520243510791</millis>
  <sequence>1</sequence>
  <logger>com.ibm.ws.postinstall</logger>
  <level>INFO</level>
  <class>com.ibm.ws.postinstall.LaunchUnifiedPostInstaller</class>
  <method>writeParamsToLog</method>
  <thread>1</thread>
  <message>Parameters are:  -WS_CMT_CONF_DIR  =  C:\Program Files (x86)\IBM\WebSphere\AppServer\properties\postinstall\fixpack/
-SUB_ACTION_REGISTRY  =  C:\Program Files (x86)\IBM\WebSphere\AppServer\properties\postinstall\fixpack\cacheRegistry.xml
-WS_CMT_LOG_HOME  =  C:\Program Files (x86)\IBM\WebSphere\AppServer\logs\postinstall\fixpack
WAS_HOME  =  C:\Program Files (x86)\IBM\WebSphere\AppServer
-POSTINSTALL_LOG_FILE  =  C:\Program Files (x86)\IBM\WebSphere\AppServer\logs\postinstall\fixpack\postinstall.log
-MASTER_ACTION_REGISTRY  =  C:\Program Files (x86)\IBM\WebSphere\AppServer\properties\postinstall\fixpack\masterRegistry.xml
-DELTA_ACTION_REGISTRY  =  C:\Program Files (x86)\IBM\WebSphere\AppServer\properties\postinstall\fixpack\deltaActionRegistry.xml
-WS_PI_ACTION_REGISTRY_EXTENSION  =  C:\Program Files (x86)\IBM\WebSphere\AppServer\properties\postinstall\fixpack\registryExtension.xml
</message>
</record>
<record>
  <date>2018-03-05T09:51:50</date>
  <millis>1520243510845</millis>
  <sequence>2</sequence>
  <logger>com.ibm.ws.postinstall</logger>
  <level>INFO</level>
  <class>com.ibm.ws.postinstall.LaunchUnifiedPostInstaller</class>
  <method>launchConfigManager</method>
  <thread>1</thread>
  <message>Install or uninstall: install</message>
</record>
<record>
  <date>2018-03-05T09:51:50</date>
  <millis>1520243510846</millis>
  <sequence>3</sequence>
  <logger>com.ibm.ws.postinstall</logger>
  <level>INFO</level>
  <class>com.ibm.ws.postinstall.LaunchUnifiedPostInstaller</class>
  <method>launchConfigManagerWithRegistry</method>
  <thread>1</thread>
  <message>WS_CMT_LOG_HOME is in C:\Program Files (x86)\IBM\WebSphere\AppServer\logs\postinstall\fixpack\postinstallerConfigActions1520243510846.log</message>
</record>
<record>
  <date>2018-03-05T09:51:54</date>
  <millis>1520243514965</millis>
  <sequence>1105</sequence>
  <logger>com.ibm.ws.postinstall</logger>
  <level>INFO</level>
  <class>com.ibm.ws.postinstall.LaunchUnifiedPostInstaller</class>
  <method>logReturnCode</method>
  <thread>1</thread>
  <message>INSTCONFSUCCESS: All config actions ran successfully with return code 0</message>
</record>
</log>
