<?xml version="1.0" encoding="windows-1252" standalone="no"?>
<!DOCTYPE log SYSTEM "logger.dtd">
<log>
<record>
  <date>2018-03-05T09:51:55</date>
  <millis>1520243515586</millis>
  <sequence>4</sequence>
  <logger>com.ibm.ws.install.configmanager.launcher.Launcher</logger>
  <level>INFO</level>
  <class>com.ibm.ws.install.configmanager.launcher.Launcher</class>
  <method>fillInCommandLineArguments</method>
  <thread>1</thread>
  <message>Incoming arguments are: -WS_CMT_ACTION_REGISTRY, C:\Program Files (x86)\IBM\WebSphere\AppServer\properties\postinstall\8.5.5.9-WS-WAS-IFPI73197\deltaActionRegistry.xml, -WS_CMT_EXTENSION, com.ibm.ws.postinstall.cmext.ConfigManagerExtension, -WS_PI_ACTION_REGISTRY_EXTENSION, C:\Program Files (x86)\IBM\WebSphere\AppServer\properties\postinstall\8.5.5.9-WS-WAS-IFPI73197\registryExtension.xml, -actionTarget, install, -WS_CMT_CONF_DIR, C:\Program Files (x86)\IBM\WebSphere\AppServer\properties\postinstall\8.5.5.9-WS-WAS-IFPI73197, -permissionsProcessing, false, -WS_CMT_EXTENSION_LIB, C:\Program Files (x86)\IBM\WebSphere\AppServer\lib\ext, -WAS_HOME, C:\Program Files (x86)\IBM\WebSphere\AppServer</message>
</record>
<record>
  <date>2018-03-05T09:51:55</date>
  <millis>1520243515600</millis>
  <sequence>5</sequence>
  <logger>com.ibm.ws.install.configmanager.osutils.PlatformConstants</logger>
  <level>INFO</level>
  <class>com.ibm.ws.install.configmanager.osutils.PlatformConstants</class>
  <method>getCurrentPlatform</method>
  <thread>1</thread>
  <message>Current platform was detected as Windows</message>
</record>
<record>
  <date>2018-03-05T09:51:55</date>
  <millis>1520243515602</millis>
  <sequence>6</sequence>
  <logger>com.ibm.ws.install.configmanager.osutils.ProcessEnvironment</logger>
  <level>INFO</level>
  <class>com.ibm.ws.install.configmanager.osutils.ProcessEnvironment</class>
  <method>getEnvironmentVariableValue</method>
  <thread>1</thread>
  <message>Value of WS_CMT_EXTRINSICS could not be extracted from the process environment, returning null</message>
</record>
<record>
  <date>2018-03-05T09:51:55</date>
  <millis>1520243515603</millis>
  <sequence>7</sequence>
  <logger>com.ibm.ws.install.configmanager.launcher.ArgumentValueFetcher</logger>
  <level>INFO</level>
  <class>com.ibm.ws.install.configmanager.launcher.ArgumentValueFetcher</class>
  <method>getArgumentValue</method>
  <thread>1</thread>
  <message>Could not resolve this argument: WS_CMT_EXTRINSICS, returning null</message>
</record>
<record>
  <date>2018-03-05T09:51:55</date>
  <millis>1520243515605</millis>
  <sequence>8</sequence>
  <logger>com.ibm.ws.install.configmanager.utils.ClassPathModifier</logger>
  <level>INFO</level>
  <class>com.ibm.ws.install.configmanager.utils.ClassPathModifier</class>
  <method>addFileToClassPath</method>
  <thread>1</thread>
  <message>Adding this file to the system JVM classpath: C:\Program Files (x86)\IBM\WebSphere\AppServer\lib\ext</message>
</record>
<record>
  <date>2018-03-05T09:51:55</date>
  <millis>1520243515605</millis>
  <sequence>9</sequence>
  <logger>com.ibm.ws.install.configmanager.utils.ClassPathModifier</logger>
  <level>INFO</level>
  <class>com.ibm.ws.install.configmanager.utils.ClassPathModifier</class>
  <method>addURLToClassPath</method>
  <thread>1</thread>
  <message>Adding this URL to the system JVM classpath: file:/C:/Program%20Files%20(x86)/IBM/WebSphere/AppServer/lib/ext/</message>
</record>
<record>
  <date>2018-03-05T09:51:55</date>
  <millis>1520243515658</millis>
  <sequence>10</sequence>
  <logger>com.ibm.ws.install.configmanager.osutils.ProcessEnvironment</logger>
  <level>INFO</level>
  <class>com.ibm.ws.install.configmanager.osutils.ProcessEnvironment</class>
  <method>getEnvironmentVariableValue</method>
  <thread>1</thread>
  <message>Value of omitAction could not be extracted from the process environment, returning null</message>
</record>
<record>
  <date>2018-03-05T09:51:55</date>
  <millis>1520243515658</millis>
  <sequence>11</sequence>
  <logger>com.ibm.ws.install.configmanager.launcher.ArgumentValueFetcher</logger>
  <level>INFO</level>
  <class>com.ibm.ws.install.configmanager.launcher.ArgumentValueFetcher</class>
  <method>getArgumentValue</method>
  <thread>1</thread>
  <message>Could not resolve this argument: omitAction, returning null</message>
</record>
<record>
  <date>2018-03-05T09:51:55</date>
  <millis>1520243515658</millis>
  <sequence>12</sequence>
  <logger>com.ibm.ws.install.configmanager.osutils.ProcessEnvironment</logger>
  <level>INFO</level>
  <class>com.ibm.ws.install.configmanager.osutils.ProcessEnvironment</class>
  <method>getEnvironmentVariableValue</method>
  <thread>1</thread>
  <message>Value of omitAction1 could not be extracted from the process environment, returning null</message>
</record>
<record>
  <date>2018-03-05T09:51:55</date>
  <millis>1520243515659</millis>
  <sequence>13</sequence>
  <logger>com.ibm.ws.install.configmanager.launcher.ArgumentValueFetcher</logger>
  <level>INFO</level>
  <class>com.ibm.ws.install.configmanager.launcher.ArgumentValueFetcher</class>
  <method>getArgumentValue</method>
  <thread>1</thread>
  <message>Could not resolve this argument: omitAction1, returning null</message>
</record>
<record>
  <date>2018-03-05T09:51:55</date>
  <millis>1520243515659</millis>
  <sequence>14</sequence>
  <logger>com.ibm.ws.install.configmanager.osutils.ProcessEnvironment</logger>
  <level>INFO</level>
  <class>com.ibm.ws.install.configmanager.osutils.ProcessEnvironment</class>
  <method>getEnvironmentVariableValue</method>
  <thread>1</thread>
  <message>Value of PRE_IJC_LIB could not be extracted from the process environment, returning null</message>
</record>
<record>
  <date>2018-03-05T09:51:55</date>
  <millis>1520243515659</millis>
  <sequence>15</sequence>
  <logger>com.ibm.ws.install.configmanager.launcher.ArgumentValueFetcher</logger>
  <level>INFO</level>
  <class>com.ibm.ws.install.configmanager.launcher.ArgumentValueFetcher</class>
  <method>getArgumentValue</method>
  <thread>1</thread>
  <message>Could not resolve this argument: PRE_IJC_LIB, returning null</message>
</record>
<record>
  <date>2018-03-05T09:51:55</date>
  <millis>1520243515660</millis>
  <sequence>16</sequence>
  <logger>com.ibm.ws.install.configmanager.utils.FileUtils</logger>
  <level>INFO</level>
  <class>com.ibm.ws.install.configmanager.utils.FileUtils</class>
  <method>getAllFilesInThisDirectory</method>
  <thread>1</thread>
  <message>C:\Program Files (x86)\IBM\WebSphere\AppServer\properties\postinstall\8.5.5.9-WS-WAS-IFPI73197\lib contains no files.</message>
</record>
<record>
  <date>2018-03-05T09:51:55</date>
  <millis>1520243515661</millis>
  <sequence>17</sequence>
  <logger>com.ibm.ws.install.configmanager.utils.FileUtils</logger>
  <level>INFO</level>
  <class>com.ibm.ws.install.configmanager.utils.FileUtils</class>
  <method>getAllFilesInThisDirectoryMatchingThisPatternIgnoreCase</method>
  <thread>1</thread>
  <message>List of files in C:\Program Files (x86)\IBM\WebSphere\AppServer\properties\postinstall\8.5.5.9-WS-WAS-IFPI73197\lib matching the pattern ^.*\.jar$ is: {  }</message>
</record>
<record>
  <date>2018-03-05T09:51:55</date>
  <millis>1520243515661</millis>
  <sequence>18</sequence>
  <logger>com.ibm.ws.install.configmanager.utils.ClassPathModifier</logger>
  <level>INFO</level>
  <class>com.ibm.ws.install.configmanager.utils.ClassPathModifier</class>
  <method>addAllJARsInDirectoryToClassPath</method>
  <thread>1</thread>
  <message>ListJAR files in found in C:\Program Files (x86)\IBM\WebSphere\AppServer\properties\postinstall\8.5.5.9-WS-WAS-IFPI73197\lib is: {  }</message>
</record>
<record>
  <date>2018-03-05T09:51:55</date>
  <millis>1520243515661</millis>
  <sequence>19</sequence>
  <logger>com.ibm.ws.install.configmanager.osutils.ProcessEnvironment</logger>
  <level>INFO</level>
  <class>com.ibm.ws.install.configmanager.osutils.ProcessEnvironment</class>
  <method>getEnvironmentVariableValue</method>
  <thread>1</thread>
  <message>Value of POST_IJC_LIB could not be extracted from the process environment, returning null</message>
</record>
<record>
  <date>2018-03-05T09:51:55</date>
  <millis>1520243515661</millis>
  <sequence>20</sequence>
  <logger>com.ibm.ws.install.configmanager.launcher.ArgumentValueFetcher</logger>
  <level>INFO</level>
  <class>com.ibm.ws.install.configmanager.launcher.ArgumentValueFetcher</class>
  <method>getArgumentValue</method>
  <thread>1</thread>
  <message>Could not resolve this argument: POST_IJC_LIB, returning null</message>
</record>
<record>
  <date>2018-03-05T09:51:55</date>
  <millis>1520243515661</millis>
  <sequence>21</sequence>
  <logger>com.ibm.ws.install.configmanager.ConfigManager</logger>
  <level>INFO</level>
  <class>com.ibm.ws.install.configmanager.ConfigManager</class>
  <method>executeActions</method>
  <thread>1</thread>
  <message>List of all actions found in the repository: [com.ibm.ws.install.configmanager.actionengine.ConfigAction-C:\Program Files (x86)\IBM\WebSphere\AppServer\properties\postinstall\8.5.5.9-WS-WAS-IFPI73197\ejbdeploy.ant]</message>
</record>
<record>
  <date>2018-03-05T09:51:55</date>
  <millis>1520243515669</millis>
  <sequence>22</sequence>
  <logger>com.ibm.ws.postinstall.cmext.ConfigManagerExtension</logger>
  <level>INFO</level>
  <class>com.ibm.ws.postinstall.cmext.ConfigManagerExtension</class>
  <method>preprocessing</method>
  <thread>1</thread>
  <message>WAS_HOME =  C:\Program Files (x86)\IBM\WebSphere\AppServer</message>
</record>
<record>
  <date>2018-03-05T09:51:55</date>
  <millis>1520243515676</millis>
  <sequence>23</sequence>
  <logger>com.ibm.ws.postinstall.cmext.ConfigManagerExtension</logger>
  <level>INFO</level>
  <class>com.ibm.ws.postinstall.cmext.ConfigManagerExtension</class>
  <method>configurationActionPreprocessor</method>
  <thread>1</thread>
  <message>preprocessing config action C:\Program Files (x86)\IBM\WebSphere\AppServer\properties\postinstall\8.5.5.9-WS-WAS-IFPI73197\ejbdeploy.ant</message>
</record>
<record>
  <date>2018-03-05T09:51:55</date>
  <millis>1520243515676</millis>
  <sequence>24</sequence>
  <logger>com.ibm.ws.postinstall.cmext.ConfigManagerExtension</logger>
  <level>INFO</level>
  <class>com.ibm.ws.postinstall.cmext.ConfigManagerExtension</class>
  <method>configurationActionPreprocessor</method>
  <thread>1</thread>
  <message>profileUpdate attribute =  false</message>
</record>
<record>
  <date>2018-03-05T09:51:55</date>
  <millis>1520243515676</millis>
  <sequence>25</sequence>
  <logger>com.ibm.ws.postinstall.cmext.ConfigManagerExtension</logger>
  <level>INFO</level>
  <class>com.ibm.ws.postinstall.cmext.ConfigManagerExtension</class>
  <method>configurationActionPreprocessor</method>
  <thread>1</thread>
  <message>alwaysExecute attribute =  true</message>
</record>
<record>
  <date>2018-03-05T09:51:55</date>
  <millis>1520243515677</millis>
  <sequence>26</sequence>
  <logger>com.ibm.ws.postinstall.cmext.ConfigManagerExtension</logger>
  <level>INFO</level>
  <class>com.ibm.ws.postinstall.cmext.ConfigManagerExtension</class>
  <method>configurationActionPreprocessor</method>
  <thread>1</thread>
  <message>altersFile attribute =  </message>
</record>
<record>
  <date>2018-03-05T09:51:55</date>
  <millis>1520243515677</millis>
  <sequence>27</sequence>
  <logger>com.ibm.ws.postinstall.cmext.ConfigManagerExtension</logger>
  <level>INFO</level>
  <class>com.ibm.ws.postinstall.cmext.ConfigManagerExtension</class>
  <method>configurationActionPreprocessor</method>
  <thread>1</thread>
  <message>action target =  install</message>
</record>
<record>
  <date>2018-03-05T09:51:55</date>
  <millis>1520243515677</millis>
  <sequence>28</sequence>
  <logger>com.ibm.ws.postinstall.cmext.ConfigManagerExtension</logger>
  <level>INFO</level>
  <class>com.ibm.ws.postinstall.cmext.ConfigManagerExtension</class>
  <method>configurationActionPreprocessor</method>
  <thread>1</thread>
  <message>permissionsProcessing =  false</message>
</record>
<record>
  <date>2018-03-05T09:51:55</date>
  <millis>1520243515677</millis>
  <sequence>29</sequence>
  <logger>com.ibm.ws.postinstall.cmext.ConfigManagerExtension</logger>
  <level>INFO</level>
  <class>com.ibm.ws.postinstall.cmext.ConfigManagerExtension</class>
  <method>configurationActionPreprocessor</method>
  <thread>1</thread>
  <message>profilePath =  null</message>
</record>
<record>
  <date>2018-03-05T09:51:56</date>
  <millis>1520243516124</millis>
  <sequence>30</sequence>
  <logger>com.ibm.ws.postinstall.cmext.ConfigManagerExtension</logger>
  <level>INFO</level>
  <class>com.ibm.ws.postinstall.cmext.ConfigManagerExtension</class>
  <method>configurationActionPreprocessor</method>
  <thread>1</thread>
  <message>management workspace =  C:\Program Files (x86)\IBM\WebSphere\AppServer\properties\workspace</message>
</record>
<record>
  <date>2018-03-05T09:51:56</date>
  <millis>1520243516126</millis>
  <sequence>31</sequence>
  <logger>com.ibm.ws.install.configmanager.actionengine.ANTAction</logger>
  <level>INFO</level>
  <class>com.ibm.ws.install.configmanager.actionengine.ANTAction</class>
  <method>executeAction</method>
  <thread>1</thread>
  <message>Using an InProcess ANT call to execute this action: C:\Program Files (x86)\IBM\WebSphere\AppServer\properties\postinstall\8.5.5.9-WS-WAS-IFPI73197\ejbdeploy.ant</message>
</record>
<record>
  <date>2018-03-05T09:51:56</date>
  <millis>1520243516143</millis>
  <sequence>32</sequence>
  <logger>com.ibm.ws.install.configmanager.actionengine.ant.utils.InProcessAntRunner</logger>
  <level>INFO</level>
  <class>com.ibm.ws.install.configmanager.actionengine.ant.utils.InProcessAntRunner</class>
  <method>logOutputMessage</method>
  <thread>1</thread>
  <message>Buildfile: C:\Program Files (x86)\IBM\WebSphere\AppServer\properties\postinstall\8.5.5.9-WS-WAS-IFPI73197\ejbdeploy.ant</message>
</record>
<record>
  <date>2018-03-05T09:51:56</date>
  <millis>1520243516158</millis>
  <sequence>33</sequence>
  <logger>com.ibm.ws.install.configmanager.actionengine.ant.utils.ANTLogToCmtLogAdapter</logger>
  <level>INFO</level>
  <class>com.ibm.ws.install.configmanager.actionengine.ant.utils.ANTLogToCmtLogAdapter</class>
  <method>buildStarted</method>
  <thread>1</thread>
  <message>Build started.</message>
</record>
<record>
  <date>2018-03-05T09:51:56</date>
  <millis>1520243516378</millis>
  <sequence>34</sequence>
  <logger>com.ibm.ws.install.configmanager.actionengine.ant.utils.ANTLogToCmtLogAdapter</logger>
  <level>INFO</level>
  <class>com.ibm.ws.install.configmanager.actionengine.ant.utils.ANTLogToCmtLogAdapter</class>
  <method>targetStarted</method>
  <thread>1</thread>
  <message>Target started for: detectOSFamily</message>
</record>
<record>
  <date>2018-03-05T09:51:56</date>
  <millis>1520243516388</millis>
  <sequence>35</sequence>
  <logger>com.ibm.ws.install.configmanager.actionengine.ant.utils.ANTLogToCmtLogAdapter</logger>
  <level>WARNING</level>
  <class>com.ibm.ws.install.configmanager.actionengine.ant.utils.ANTLogToCmtLogAdapter</class>
  <method>messageLogged</method>
  <thread>1</thread>
  <message>Local OS is zOS?: ${isZOS}</message>
</record>
<record>
  <date>2018-03-05T09:51:56</date>
  <millis>1520243516389</millis>
  <sequence>36</sequence>
  <logger>com.ibm.ws.install.configmanager.actionengine.ant.utils.ANTLogToCmtLogAdapter</logger>
  <level>INFO</level>
  <class>com.ibm.ws.install.configmanager.actionengine.ant.utils.ANTLogToCmtLogAdapter</class>
  <method>targetFinished</method>
  <thread>1</thread>
  <message>Target stopped for: detectOSFamily - SUCCESS</message>
</record>
<record>
  <date>2018-03-05T09:51:56</date>
  <millis>1520243516389</millis>
  <sequence>37</sequence>
  <logger>com.ibm.ws.install.configmanager.actionengine.ant.utils.ANTLogToCmtLogAdapter</logger>
  <level>INFO</level>
  <class>com.ibm.ws.install.configmanager.actionengine.ant.utils.ANTLogToCmtLogAdapter</class>
  <method>targetStarted</method>
  <thread>1</thread>
  <message>Target started for: setScriptsDirZOS</message>
</record>
<record>
  <date>2018-03-05T09:51:56</date>
  <millis>1520243516389</millis>
  <sequence>38</sequence>
  <logger>com.ibm.ws.install.configmanager.actionengine.ant.utils.ANTLogToCmtLogAdapter</logger>
  <level>INFO</level>
  <class>com.ibm.ws.install.configmanager.actionengine.ant.utils.ANTLogToCmtLogAdapter</class>
  <method>targetFinished</method>
  <thread>1</thread>
  <message>Target stopped for: setScriptsDirZOS - SUCCESS</message>
</record>
<record>
  <date>2018-03-05T09:51:56</date>
  <millis>1520243516390</millis>
  <sequence>39</sequence>
  <logger>com.ibm.ws.install.configmanager.actionengine.ant.utils.ANTLogToCmtLogAdapter</logger>
  <level>INFO</level>
  <class>com.ibm.ws.install.configmanager.actionengine.ant.utils.ANTLogToCmtLogAdapter</class>
  <method>targetStarted</method>
  <thread>1</thread>
  <message>Target started for: setScriptsDirOther</message>
</record>
<record>
  <date>2018-03-05T09:51:56</date>
  <millis>1520243516390</millis>
  <sequence>40</sequence>
  <logger>com.ibm.ws.install.configmanager.actionengine.ant.utils.ANTLogToCmtLogAdapter</logger>
  <level>WARNING</level>
  <class>com.ibm.ws.install.configmanager.actionengine.ant.utils.ANTLogToCmtLogAdapter</class>
  <method>messageLogged</method>
  <thread>1</thread>
  <message>Using ASCII encoding</message>
</record>
<record>
  <date>2018-03-05T09:51:56</date>
  <millis>1520243516391</millis>
  <sequence>41</sequence>
  <logger>com.ibm.ws.install.configmanager.actionengine.ant.utils.ANTLogToCmtLogAdapter</logger>
  <level>INFO</level>
  <class>com.ibm.ws.install.configmanager.actionengine.ant.utils.ANTLogToCmtLogAdapter</class>
  <method>targetFinished</method>
  <thread>1</thread>
  <message>Target stopped for: setScriptsDirOther - SUCCESS</message>
</record>
<record>
  <date>2018-03-05T09:51:56</date>
  <millis>1520243516391</millis>
  <sequence>42</sequence>
  <logger>com.ibm.ws.install.configmanager.actionengine.ant.utils.ANTLogToCmtLogAdapter</logger>
  <level>INFO</level>
  <class>com.ibm.ws.install.configmanager.actionengine.ant.utils.ANTLogToCmtLogAdapter</class>
  <method>targetStarted</method>
  <thread>1</thread>
  <message>Target started for: copyScripts</message>
</record>
<record>
  <date>2018-03-05T09:51:56</date>
  <millis>1520243516399</millis>
  <sequence>43</sequence>
  <logger>com.ibm.ws.install.configmanager.actionengine.ant.utils.ANTLogToCmtLogAdapter</logger>
  <level>INFO</level>
  <class>com.ibm.ws.install.configmanager.actionengine.ant.utils.ANTLogToCmtLogAdapter</class>
  <method>messageLogged</method>
  <thread>1</thread>
  <message>Moving 1 file to C:\Program Files (x86)\IBM\WebSphere\AppServer\newdeploytool\itp</message>
</record>
<record>
  <date>2018-03-05T09:51:56</date>
  <millis>1520243516402</millis>
  <sequence>44</sequence>
  <logger>com.ibm.ws.install.configmanager.actionengine.ant.utils.ANTLogToCmtLogAdapter</logger>
  <level>INFO</level>
  <class>com.ibm.ws.install.configmanager.actionengine.ant.utils.ANTLogToCmtLogAdapter</class>
  <method>messageLogged</method>
  <thread>1</thread>
  <message>Moving 1 file to C:\Program Files (x86)\IBM\WebSphere\AppServer\newdeploytool\itp\plugins\com.ibm.etools.ejbdeploy\binary</message>
</record>
<record>
  <date>2018-03-05T09:51:56</date>
  <millis>1520243516404</millis>
  <sequence>45</sequence>
  <logger>com.ibm.ws.install.configmanager.actionengine.ant.utils.ANTLogToCmtLogAdapter</logger>
  <level>INFO</level>
  <class>com.ibm.ws.install.configmanager.actionengine.ant.utils.ANTLogToCmtLogAdapter</class>
  <method>messageLogged</method>
  <thread>1</thread>
  <message>Moving 1 file to C:\Program Files (x86)\IBM\WebSphere\AppServer\newdeploytool\itp\plugins\com.ibm.etools.ejbdeploy\binary</message>
</record>
<record>
  <date>2018-03-05T09:51:56</date>
  <millis>1520243516407</millis>
  <sequence>46</sequence>
  <logger>com.ibm.ws.install.configmanager.actionengine.ant.utils.ANTLogToCmtLogAdapter</logger>
  <level>INFO</level>
  <class>com.ibm.ws.install.configmanager.actionengine.ant.utils.ANTLogToCmtLogAdapter</class>
  <method>messageLogged</method>
  <thread>1</thread>
  <message>Moving 1 file to C:\Program Files (x86)\IBM\WebSphere\AppServer\newdeploytool\itp\plugins\com.ibm.etools.ejbdeploy\binary</message>
</record>
<record>
  <date>2018-03-05T09:51:56</date>
  <millis>1520243516409</millis>
  <sequence>47</sequence>
  <logger>com.ibm.ws.install.configmanager.actionengine.ant.utils.ANTLogToCmtLogAdapter</logger>
  <level>INFO</level>
  <class>com.ibm.ws.install.configmanager.actionengine.ant.utils.ANTLogToCmtLogAdapter</class>
  <method>messageLogged</method>
  <thread>1</thread>
  <message>Moving 1 file to C:\Program Files (x86)\IBM\WebSphere\AppServer\newdeploytool\scripts\install</message>
</record>
<record>
  <date>2018-03-05T09:51:56</date>
  <millis>1520243516412</millis>
  <sequence>48</sequence>
  <logger>com.ibm.ws.install.configmanager.actionengine.ant.utils.ANTLogToCmtLogAdapter</logger>
  <level>INFO</level>
  <class>com.ibm.ws.install.configmanager.actionengine.ant.utils.ANTLogToCmtLogAdapter</class>
  <method>messageLogged</method>
  <thread>1</thread>
  <message>Moving 1 file to C:\Program Files (x86)\IBM\WebSphere\AppServer\newdeploytool\scripts\uninstall</message>
</record>
<record>
  <date>2018-03-05T09:51:56</date>
  <millis>1520243516413</millis>
  <sequence>49</sequence>
  <logger>com.ibm.ws.install.configmanager.actionengine.ant.utils.ANTLogToCmtLogAdapter</logger>
  <level>INFO</level>
  <class>com.ibm.ws.install.configmanager.actionengine.ant.utils.ANTLogToCmtLogAdapter</class>
  <method>targetFinished</method>
  <thread>1</thread>
  <message>Target stopped for: copyScripts - SUCCESS</message>
</record>
<record>
  <date>2018-03-05T09:51:56</date>
  <millis>1520243516414</millis>
  <sequence>50</sequence>
  <logger>com.ibm.ws.install.configmanager.actionengine.ant.utils.ANTLogToCmtLogAdapter</logger>
  <level>INFO</level>
  <class>com.ibm.ws.install.configmanager.actionengine.ant.utils.ANTLogToCmtLogAdapter</class>
  <method>targetStarted</method>
  <thread>1</thread>
  <message>Target started for: deployNewTool</message>
</record>
<record>
  <date>2018-03-05T09:51:56</date>
  <millis>1520243516422</millis>
  <sequence>51</sequence>
  <logger>com.ibm.ws.install.configmanager.actionengine.ant.utils.ANTLogToCmtLogAdapter</logger>
  <level>INFO</level>
  <class>com.ibm.ws.install.configmanager.actionengine.ant.utils.ANTLogToCmtLogAdapter</class>
  <method>targetFinished</method>
  <thread>1</thread>
  <message>Target stopped for: deployNewTool - SUCCESS</message>
</record>
<record>
  <date>2018-03-05T09:51:56</date>
  <millis>1520243516422</millis>
  <sequence>52</sequence>
  <logger>com.ibm.ws.install.configmanager.actionengine.ant.utils.ANTLogToCmtLogAdapter</logger>
  <level>INFO</level>
  <class>com.ibm.ws.install.configmanager.actionengine.ant.utils.ANTLogToCmtLogAdapter</class>
  <method>targetStarted</method>
  <thread>1</thread>
  <message>Target started for: clean</message>
</record>
<record>
  <date>2018-03-05T09:51:56</date>
  <millis>1520243516438</millis>
  <sequence>53</sequence>
  <logger>com.ibm.ws.install.configmanager.actionengine.ant.utils.ANTLogToCmtLogAdapter</logger>
  <level>INFO</level>
  <class>com.ibm.ws.install.configmanager.actionengine.ant.utils.ANTLogToCmtLogAdapter</class>
  <method>messageLogged</method>
  <thread>1</thread>
  <message>Deleting directory C:\Program Files (x86)\IBM\WebSphere\AppServer\newdeploytool_scripts</message>
</record>
<record>
  <date>2018-03-05T09:51:56</date>
  <millis>1520243516447</millis>
  <sequence>54</sequence>
  <logger>com.ibm.ws.install.configmanager.actionengine.ant.utils.ANTLogToCmtLogAdapter</logger>
  <level>INFO</level>
  <class>com.ibm.ws.install.configmanager.actionengine.ant.utils.ANTLogToCmtLogAdapter</class>
  <method>targetFinished</method>
  <thread>1</thread>
  <message>Target stopped for: clean - SUCCESS</message>
</record>
<record>
  <date>2018-03-05T09:51:56</date>
  <millis>1520243516447</millis>
  <sequence>55</sequence>
  <logger>com.ibm.ws.install.configmanager.actionengine.ant.utils.ANTLogToCmtLogAdapter</logger>
  <level>INFO</level>
  <class>com.ibm.ws.install.configmanager.actionengine.ant.utils.ANTLogToCmtLogAdapter</class>
  <method>targetStarted</method>
  <thread>1</thread>
  <message>Target started for: install</message>
</record>
<record>
  <date>2018-03-05T09:51:56</date>
  <millis>1520243516447</millis>
  <sequence>56</sequence>
  <logger>com.ibm.ws.install.configmanager.actionengine.ant.utils.ANTLogToCmtLogAdapter</logger>
  <level>INFO</level>
  <class>com.ibm.ws.install.configmanager.actionengine.ant.utils.ANTLogToCmtLogAdapter</class>
  <method>targetFinished</method>
  <thread>1</thread>
  <message>Target stopped for: install - SUCCESS</message>
</record>
<record>
  <date>2018-03-05T09:51:56</date>
  <millis>1520243516447</millis>
  <sequence>57</sequence>
  <logger>com.ibm.ws.install.configmanager.actionengine.ant.utils.ANTLogToCmtLogAdapter</logger>
  <level>INFO</level>
  <class>com.ibm.ws.install.configmanager.actionengine.ant.utils.ANTLogToCmtLogAdapter</class>
  <method>buildFinished</method>
  <thread>1</thread>
  <message>Build stopped - SUCCESS</message>
</record>
<record>
  <date>2018-03-05T09:51:56</date>
  <millis>1520243516447</millis>
  <sequence>58</sequence>
  <logger>com.ibm.ws.install.configmanager.actionengine.ANTAction</logger>
  <level>INFO</level>
  <class>com.ibm.ws.install.configmanager.actionengine.ANTAction</class>
  <method>executeAction</method>
  <thread>1</thread>
  <message>Result of executing C:\Program Files (x86)\IBM\WebSphere\AppServer\properties\postinstall\8.5.5.9-WS-WAS-IFPI73197\ejbdeploy.ant was: true</message>
</record>
<record>
  <date>2018-03-05T09:51:56</date>
  <millis>1520243516448</millis>
  <sequence>59</sequence>
  <logger>com.ibm.ws.install.configmanager.ConfigManager</logger>
  <level>INFO</level>
  <class>com.ibm.ws.install.configmanager.ConfigManager</class>
  <method>executeAllActionsFound</method>
  <thread>1</thread>
  <message>Configuration action succeeded: com.ibm.ws.install.configmanager.actionengine.ConfigAction-C:\Program Files (x86)\IBM\WebSphere\AppServer\properties\postinstall\8.5.5.9-WS-WAS-IFPI73197\ejbdeploy.ant</message>
</record>
<record>
  <date>2018-03-05T09:51:56</date>
  <millis>1520243516448</millis>
  <sequence>60</sequence>
  <logger>com.ibm.ws.install.configmanager.ConfigManager</logger>
  <level>INFO</level>
  <class>com.ibm.ws.install.configmanager.ConfigManager</class>
  <method>launch</method>
  <thread>1</thread>
  <message>No errors were encountered while executing the repository actions</message>
</record>
<record>
  <date>2018-03-05T09:51:56</date>
  <millis>1520243516449</millis>
  <sequence>61</sequence>
  <logger>com.ibm.ws.install.configmanager.ConfigManager</logger>
  <level>INFO</level>
  <class>com.ibm.ws.install.configmanager.ConfigManager</class>
  <method>launch</method>
  <thread>1</thread>
  <message>Returning with return code: INSTCONFSUCCESS</message>
</record>
</log>
