<?xml version="1.0" encoding="windows-1252" standalone="no"?>
<!DOCTYPE log SYSTEM "logger.dtd">
<log>
<record>
  <date>2018-03-05T09:51:55</date>
  <millis>1520243515458</millis>
  <sequence>0</sequence>
  <logger>com.ibm.ws.postinstall</logger>
  <level>INFO</level>
  <class>com.ibm.ws.postinstall.LaunchUnifiedPostInstaller</class>
  <method>runPostinstaller</method>
  <thread>1</thread>
  <message>-DELTA_ACTION_REGISTRY was not specified. Using default value C:\Program Files (x86)\IBM\WebSphere\AppServer\properties\postinstall\8.5.5.9-WS-WAS-IFPI73197\deltaActionRegistry.xml
</message>
</record>
<record>
  <date>2018-03-05T09:51:55</date>
  <millis>1520243515537</millis>
  <sequence>1</sequence>
  <logger>com.ibm.ws.postinstall</logger>
  <level>INFO</level>
  <class>com.ibm.ws.postinstall.LaunchUnifiedPostInstaller</class>
  <method>writeParamsToLog</method>
  <thread>1</thread>
  <message>Parameters are:  -MASTER_ACTION_REGISTRY  =  C:\Program Files (x86)\IBM\WebSphere\AppServer\properties\postinstall\8.5.5.9-WS-WAS-IFPI73197\masterRegistry.xml
-WS_CMT_LOG_HOME  =  C:\Program Files (x86)\IBM\WebSphere\AppServer\logs\postinstall\8.5.5.9-WS-WAS-IFPI73197
-WS_CMT_EXTENSION_LIB  =  C:\Program Files (x86)\IBM\WebSphere\AppServer\lib\ext
-WS_PI_ACTION_REGISTRY_EXTENSION  =  C:\Program Files (x86)\IBM\WebSphere\AppServer\properties\postinstall\8.5.5.9-WS-WAS-IFPI73197\registryExtension.xml
-SUB_ACTION_REGISTRY  =  C:\Program Files (x86)\IBM\WebSphere\AppServer\properties\postinstall\8.5.5.9-WS-WAS-IFPI73197\cacheRegistry.xml
WAS_HOME  =  C:\Program Files (x86)\IBM\WebSphere\AppServer
-WS_CMT_CONF_DIR  =  C:\Program Files (x86)\IBM\WebSphere\AppServer\properties\postinstall\8.5.5.9-WS-WAS-IFPI73197
-POSTINSTALL_LOG_FILE  =  C:\Program Files (x86)\IBM\WebSphere\AppServer\logs\postinstall\8.5.5.9-WS-WAS-IFPI73197\postinstall.log
-WAS_HOME  =  C:\Program Files (x86)\IBM\WebSphere\AppServer
-DELTA_ACTION_REGISTRY  =  C:\Program Files (x86)\IBM\WebSphere\AppServer\properties\postinstall\8.5.5.9-WS-WAS-IFPI73197\deltaActionRegistry.xml
</message>
</record>
<record>
  <date>2018-03-05T09:51:55</date>
  <millis>1520243515563</millis>
  <sequence>2</sequence>
  <logger>com.ibm.ws.postinstall</logger>
  <level>INFO</level>
  <class>com.ibm.ws.postinstall.LaunchUnifiedPostInstaller</class>
  <method>launchConfigManager</method>
  <thread>1</thread>
  <message>Install or uninstall: install</message>
</record>
<record>
  <date>2018-03-05T09:51:55</date>
  <millis>1520243515564</millis>
  <sequence>3</sequence>
  <logger>com.ibm.ws.postinstall</logger>
  <level>INFO</level>
  <class>com.ibm.ws.postinstall.LaunchUnifiedPostInstaller</class>
  <method>launchConfigManagerWithRegistry</method>
  <thread>1</thread>
  <message>WS_CMT_LOG_HOME is in C:\Program Files (x86)\IBM\WebSphere\AppServer\logs\postinstall\8.5.5.9-WS-WAS-IFPI73197\postinstallerConfigActions1520243515564.log</message>
</record>
<record>
  <date>2018-03-05T09:51:56</date>
  <millis>1520243516450</millis>
  <sequence>62</sequence>
  <logger>com.ibm.ws.postinstall</logger>
  <level>INFO</level>
  <class>com.ibm.ws.postinstall.LaunchUnifiedPostInstaller</class>
  <method>logReturnCode</method>
  <thread>1</thread>
  <message>INSTCONFSUCCESS: All config actions ran successfully with return code 0</message>
</record>
</log>
