<?xml version="1.0" encoding="windows-1252" standalone="no"?>
<!DOCTYPE log SYSTEM "logger.dtd">
<log>
<record>
  <date>2018-03-05T09:51:48</date>
  <millis>1520243508743</millis>
  <sequence>4</sequence>
  <logger>com.ibm.ws.install.configmanager.launcher.Launcher</logger>
  <level>INFO</level>
  <class>com.ibm.ws.install.configmanager.launcher.Launcher</class>
  <method>fillInCommandLineArguments</method>
  <thread>1</thread>
  <message>Incoming arguments are: -WS_CMT_ACTION_REGISTRY, C:\Program Files (x86)\IBM\WebSphere\AppServer\properties\postinstall\deltaActionRegistry.xml, -WS_CMT_EXTENSION, com.ibm.ws.postinstall.cmext.ConfigManagerExtension, -WS_PI_ACTION_REGISTRY_EXTENSION, C:\Program Files (x86)\IBM\WebSphere\AppServer\properties\postinstall\registryExtension.xml, -actionTarget, install, -WS_CMT_CONF_DIR, C:\Program Files (x86)\IBM\WebSphere\AppServer\properties\postinstall/, -permissionsProcessing, false</message>
</record>
<record>
  <date>2018-03-05T09:51:48</date>
  <millis>1520243508758</millis>
  <sequence>5</sequence>
  <logger>com.ibm.ws.install.configmanager.osutils.PlatformConstants</logger>
  <level>INFO</level>
  <class>com.ibm.ws.install.configmanager.osutils.PlatformConstants</class>
  <method>getCurrentPlatform</method>
  <thread>1</thread>
  <message>Current platform was detected as Windows</message>
</record>
<record>
  <date>2018-03-05T09:51:48</date>
  <millis>1520243508759</millis>
  <sequence>6</sequence>
  <logger>com.ibm.ws.install.configmanager.osutils.ProcessEnvironment</logger>
  <level>INFO</level>
  <class>com.ibm.ws.install.configmanager.osutils.ProcessEnvironment</class>
  <method>getEnvironmentVariableValue</method>
  <thread>1</thread>
  <message>Value of WS_CMT_EXTRINSICS could not be extracted from the process environment, returning null</message>
</record>
<record>
  <date>2018-03-05T09:51:48</date>
  <millis>1520243508759</millis>
  <sequence>7</sequence>
  <logger>com.ibm.ws.install.configmanager.launcher.ArgumentValueFetcher</logger>
  <level>INFO</level>
  <class>com.ibm.ws.install.configmanager.launcher.ArgumentValueFetcher</class>
  <method>getArgumentValue</method>
  <thread>1</thread>
  <message>Could not resolve this argument: WS_CMT_EXTRINSICS, returning null</message>
</record>
<record>
  <date>2018-03-05T09:51:48</date>
  <millis>1520243508761</millis>
  <sequence>8</sequence>
  <logger>com.ibm.ws.install.configmanager.osutils.ProcessEnvironment</logger>
  <level>INFO</level>
  <class>com.ibm.ws.install.configmanager.osutils.ProcessEnvironment</class>
  <method>getEnvironmentVariableValue</method>
  <thread>1</thread>
  <message>Value of WS_CMT_EXTENSION_LIB could not be extracted from the process environment, returning null</message>
</record>
<record>
  <date>2018-03-05T09:51:48</date>
  <millis>1520243508761</millis>
  <sequence>9</sequence>
  <logger>com.ibm.ws.install.configmanager.launcher.ArgumentValueFetcher</logger>
  <level>INFO</level>
  <class>com.ibm.ws.install.configmanager.launcher.ArgumentValueFetcher</class>
  <method>getArgumentValue</method>
  <thread>1</thread>
  <message>Could not resolve this argument: WS_CMT_EXTENSION_LIB, returning null</message>
</record>
<record>
  <date>2018-03-05T09:51:48</date>
  <millis>1520243508830</millis>
  <sequence>10</sequence>
  <logger>com.ibm.ws.install.configmanager.osutils.ProcessEnvironment</logger>
  <level>INFO</level>
  <class>com.ibm.ws.install.configmanager.osutils.ProcessEnvironment</class>
  <method>getEnvironmentVariableValue</method>
  <thread>1</thread>
  <message>Value of omitAction could not be extracted from the process environment, returning null</message>
</record>
<record>
  <date>2018-03-05T09:51:48</date>
  <millis>1520243508831</millis>
  <sequence>11</sequence>
  <logger>com.ibm.ws.install.configmanager.launcher.ArgumentValueFetcher</logger>
  <level>INFO</level>
  <class>com.ibm.ws.install.configmanager.launcher.ArgumentValueFetcher</class>
  <method>getArgumentValue</method>
  <thread>1</thread>
  <message>Could not resolve this argument: omitAction, returning null</message>
</record>
<record>
  <date>2018-03-05T09:51:48</date>
  <millis>1520243508831</millis>
  <sequence>12</sequence>
  <logger>com.ibm.ws.install.configmanager.osutils.ProcessEnvironment</logger>
  <level>INFO</level>
  <class>com.ibm.ws.install.configmanager.osutils.ProcessEnvironment</class>
  <method>getEnvironmentVariableValue</method>
  <thread>1</thread>
  <message>Value of omitAction1 could not be extracted from the process environment, returning null</message>
</record>
<record>
  <date>2018-03-05T09:51:48</date>
  <millis>1520243508831</millis>
  <sequence>13</sequence>
  <logger>com.ibm.ws.install.configmanager.launcher.ArgumentValueFetcher</logger>
  <level>INFO</level>
  <class>com.ibm.ws.install.configmanager.launcher.ArgumentValueFetcher</class>
  <method>getArgumentValue</method>
  <thread>1</thread>
  <message>Could not resolve this argument: omitAction1, returning null</message>
</record>
<record>
  <date>2018-03-05T09:51:48</date>
  <millis>1520243508831</millis>
  <sequence>14</sequence>
  <logger>com.ibm.ws.install.configmanager.osutils.ProcessEnvironment</logger>
  <level>INFO</level>
  <class>com.ibm.ws.install.configmanager.osutils.ProcessEnvironment</class>
  <method>getEnvironmentVariableValue</method>
  <thread>1</thread>
  <message>Value of PRE_IJC_LIB could not be extracted from the process environment, returning null</message>
</record>
<record>
  <date>2018-03-05T09:51:48</date>
  <millis>1520243508832</millis>
  <sequence>15</sequence>
  <logger>com.ibm.ws.install.configmanager.launcher.ArgumentValueFetcher</logger>
  <level>INFO</level>
  <class>com.ibm.ws.install.configmanager.launcher.ArgumentValueFetcher</class>
  <method>getArgumentValue</method>
  <thread>1</thread>
  <message>Could not resolve this argument: PRE_IJC_LIB, returning null</message>
</record>
<record>
  <date>2018-03-05T09:51:48</date>
  <millis>1520243508835</millis>
  <sequence>16</sequence>
  <logger>com.ibm.ws.install.configmanager.utils.FileUtils</logger>
  <level>INFO</level>
  <class>com.ibm.ws.install.configmanager.utils.FileUtils</class>
  <method>getAllFilesInThisDirectory</method>
  <thread>1</thread>
  <message>C:\Program Files (x86)\IBM\WebSphere\AppServer\properties\postinstall\lib is not a directory, returning an empty list</message>
</record>
<record>
  <date>2018-03-05T09:51:48</date>
  <millis>1520243508836</millis>
  <sequence>17</sequence>
  <logger>com.ibm.ws.install.configmanager.utils.FileUtils</logger>
  <level>INFO</level>
  <class>com.ibm.ws.install.configmanager.utils.FileUtils</class>
  <method>getAllFilesInThisDirectoryMatchingThisPatternIgnoreCase</method>
  <thread>1</thread>
  <message>List of files in C:\Program Files (x86)\IBM\WebSphere\AppServer\properties\postinstall\lib matching the pattern ^.*\.jar$ is: {  }</message>
</record>
<record>
  <date>2018-03-05T09:51:48</date>
  <millis>1520243508836</millis>
  <sequence>18</sequence>
  <logger>com.ibm.ws.install.configmanager.utils.ClassPathModifier</logger>
  <level>INFO</level>
  <class>com.ibm.ws.install.configmanager.utils.ClassPathModifier</class>
  <method>addAllJARsInDirectoryToClassPath</method>
  <thread>1</thread>
  <message>ListJAR files in found in C:\Program Files (x86)\IBM\WebSphere\AppServer\properties\postinstall\lib is: {  }</message>
</record>
<record>
  <date>2018-03-05T09:51:48</date>
  <millis>1520243508836</millis>
  <sequence>19</sequence>
  <logger>com.ibm.ws.install.configmanager.osutils.ProcessEnvironment</logger>
  <level>INFO</level>
  <class>com.ibm.ws.install.configmanager.osutils.ProcessEnvironment</class>
  <method>getEnvironmentVariableValue</method>
  <thread>1</thread>
  <message>Value of POST_IJC_LIB could not be extracted from the process environment, returning null</message>
</record>
<record>
  <date>2018-03-05T09:51:48</date>
  <millis>1520243508836</millis>
  <sequence>20</sequence>
  <logger>com.ibm.ws.install.configmanager.launcher.ArgumentValueFetcher</logger>
  <level>INFO</level>
  <class>com.ibm.ws.install.configmanager.launcher.ArgumentValueFetcher</class>
  <method>getArgumentValue</method>
  <thread>1</thread>
  <message>Could not resolve this argument: POST_IJC_LIB, returning null</message>
</record>
<record>
  <date>2018-03-05T09:51:48</date>
  <millis>1520243508836</millis>
  <sequence>21</sequence>
  <logger>com.ibm.ws.install.configmanager.ConfigManager</logger>
  <level>INFO</level>
  <class>com.ibm.ws.install.configmanager.ConfigManager</class>
  <method>executeActions</method>
  <thread>1</thread>
  <message>List of all actions found in the repository: [com.ibm.ws.install.configmanager.actionengine.ConfigAction-C:\Program Files (x86)\IBM\WebSphere\AppServer\properties\postinstall\actions\ConfigNoProfileFirstStepsND.ant]</message>
</record>
<record>
  <date>2018-03-05T09:51:48</date>
  <millis>1520243508840</millis>
  <sequence>22</sequence>
  <logger>com.ibm.ws.postinstall.cmext.ConfigManagerExtension</logger>
  <level>INFO</level>
  <class>com.ibm.ws.postinstall.cmext.ConfigManagerExtension</class>
  <method>preprocessing</method>
  <thread>1</thread>
  <message>WAS_HOME =  C:\Program Files (x86)\IBM\WebSphere\AppServer</message>
</record>
<record>
  <date>2018-03-05T09:51:48</date>
  <millis>1520243508846</millis>
  <sequence>23</sequence>
  <logger>com.ibm.ws.postinstall.cmext.ConfigManagerExtension</logger>
  <level>INFO</level>
  <class>com.ibm.ws.postinstall.cmext.ConfigManagerExtension</class>
  <method>configurationActionPreprocessor</method>
  <thread>1</thread>
  <message>preprocessing config action C:\Program Files (x86)\IBM\WebSphere\AppServer\properties\postinstall\actions\ConfigNoProfileFirstStepsND.ant</message>
</record>
<record>
  <date>2018-03-05T09:51:48</date>
  <millis>1520243508846</millis>
  <sequence>24</sequence>
  <logger>com.ibm.ws.postinstall.cmext.ConfigManagerExtension</logger>
  <level>INFO</level>
  <class>com.ibm.ws.postinstall.cmext.ConfigManagerExtension</class>
  <method>configurationActionPreprocessor</method>
  <thread>1</thread>
  <message>profileUpdate attribute =  false</message>
</record>
<record>
  <date>2018-03-05T09:51:48</date>
  <millis>1520243508846</millis>
  <sequence>25</sequence>
  <logger>com.ibm.ws.postinstall.cmext.ConfigManagerExtension</logger>
  <level>INFO</level>
  <class>com.ibm.ws.postinstall.cmext.ConfigManagerExtension</class>
  <method>configurationActionPreprocessor</method>
  <thread>1</thread>
  <message>alwaysExecute attribute =  false</message>
</record>
<record>
  <date>2018-03-05T09:51:48</date>
  <millis>1520243508846</millis>
  <sequence>26</sequence>
  <logger>com.ibm.ws.postinstall.cmext.ConfigManagerExtension</logger>
  <level>INFO</level>
  <class>com.ibm.ws.postinstall.cmext.ConfigManagerExtension</class>
  <method>configurationActionPreprocessor</method>
  <thread>1</thread>
  <message>altersFile attribute =  </message>
</record>
<record>
  <date>2018-03-05T09:51:48</date>
  <millis>1520243508846</millis>
  <sequence>27</sequence>
  <logger>com.ibm.ws.postinstall.cmext.ConfigManagerExtension</logger>
  <level>INFO</level>
  <class>com.ibm.ws.postinstall.cmext.ConfigManagerExtension</class>
  <method>configurationActionPreprocessor</method>
  <thread>1</thread>
  <message>action target =  install</message>
</record>
<record>
  <date>2018-03-05T09:51:48</date>
  <millis>1520243508846</millis>
  <sequence>28</sequence>
  <logger>com.ibm.ws.postinstall.cmext.ConfigManagerExtension</logger>
  <level>INFO</level>
  <class>com.ibm.ws.postinstall.cmext.ConfigManagerExtension</class>
  <method>configurationActionPreprocessor</method>
  <thread>1</thread>
  <message>permissionsProcessing =  false</message>
</record>
<record>
  <date>2018-03-05T09:51:48</date>
  <millis>1520243508847</millis>
  <sequence>29</sequence>
  <logger>com.ibm.ws.postinstall.cmext.ConfigManagerExtension</logger>
  <level>INFO</level>
  <class>com.ibm.ws.postinstall.cmext.ConfigManagerExtension</class>
  <method>configurationActionPreprocessor</method>
  <thread>1</thread>
  <message>profilePath =  null</message>
</record>
<record>
  <date>2018-03-05T09:51:49</date>
  <millis>1520243509313</millis>
  <sequence>30</sequence>
  <logger>com.ibm.ws.postinstall.cmext.ConfigManagerExtension</logger>
  <level>INFO</level>
  <class>com.ibm.ws.postinstall.cmext.ConfigManagerExtension</class>
  <method>configurationActionPreprocessor</method>
  <thread>1</thread>
  <message>management workspace =  C:\Program Files (x86)\IBM\WebSphere\AppServer\properties\workspace</message>
</record>
<record>
  <date>2018-03-05T09:51:49</date>
  <millis>1520243509315</millis>
  <sequence>31</sequence>
  <logger>com.ibm.ws.install.configmanager.actionengine.ANTAction</logger>
  <level>INFO</level>
  <class>com.ibm.ws.install.configmanager.actionengine.ANTAction</class>
  <method>executeAction</method>
  <thread>1</thread>
  <message>Using an InProcess ANT call to execute this action: C:\Program Files (x86)\IBM\WebSphere\AppServer\properties\postinstall\actions\ConfigNoProfileFirstStepsND.ant</message>
</record>
<record>
  <date>2018-03-05T09:51:49</date>
  <millis>1520243509332</millis>
  <sequence>32</sequence>
  <logger>com.ibm.ws.install.configmanager.actionengine.ant.utils.InProcessAntRunner</logger>
  <level>INFO</level>
  <class>com.ibm.ws.install.configmanager.actionengine.ant.utils.InProcessAntRunner</class>
  <method>logOutputMessage</method>
  <thread>1</thread>
  <message>Buildfile: C:\Program Files (x86)\IBM\WebSphere\AppServer\properties\postinstall\actions\ConfigNoProfileFirstStepsND.ant</message>
</record>
<record>
  <date>2018-03-05T09:51:49</date>
  <millis>1520243509349</millis>
  <sequence>33</sequence>
  <logger>com.ibm.ws.install.configmanager.actionengine.ant.utils.ANTLogToCmtLogAdapter</logger>
  <level>INFO</level>
  <class>com.ibm.ws.install.configmanager.actionengine.ant.utils.ANTLogToCmtLogAdapter</class>
  <method>buildStarted</method>
  <thread>1</thread>
  <message>Build started.</message>
</record>
<record>
  <date>2018-03-05T09:51:49</date>
  <millis>1520243509462</millis>
  <sequence>34</sequence>
  <logger>com.ibm.ws.install.configmanager.actionengine.ant.utils.ANTLogToCmtLogAdapter</logger>
  <level>INFO</level>
  <class>com.ibm.ws.install.configmanager.actionengine.ant.utils.ANTLogToCmtLogAdapter</class>
  <method>targetStarted</method>
  <thread>1</thread>
  <message>Target started for: detectCurrentOSFamily</message>
</record>
<record>
  <date>2018-03-05T09:51:49</date>
  <millis>1520243509475</millis>
  <sequence>35</sequence>
  <logger>com.ibm.ws.install.configmanager.actionengine.ant.utils.AntTaskToLogToConfigManagersLogFiles</logger>
  <level>INFO</level>
  <class>C:\Program Files (x86)\IBM\WebSphere\AppServer\properties\postinstall\actions\ConfigNoProfileFirstStepsND.ant:20: </class>
  <method>detectCurrentOSFamily</method>
  <thread>1</thread>
  <message>Detected current OS family to be: windows</message>
</record>
<record>
  <date>2018-03-05T09:51:49</date>
  <millis>1520243509475</millis>
  <sequence>36</sequence>
  <logger>com.ibm.ws.install.configmanager.actionengine.ant.utils.ANTLogToCmtLogAdapter</logger>
  <level>INFO</level>
  <class>com.ibm.ws.install.configmanager.actionengine.ant.utils.ANTLogToCmtLogAdapter</class>
  <method>targetFinished</method>
  <thread>1</thread>
  <message>Target stopped for: detectCurrentOSFamily - SUCCESS</message>
</record>
<record>
  <date>2018-03-05T09:51:49</date>
  <millis>1520243509475</millis>
  <sequence>37</sequence>
  <logger>com.ibm.ws.install.configmanager.actionengine.ant.utils.ANTLogToCmtLogAdapter</logger>
  <level>INFO</level>
  <class>com.ibm.ws.install.configmanager.actionengine.ant.utils.ANTLogToCmtLogAdapter</class>
  <method>targetStarted</method>
  <thread>1</thread>
  <message>Target started for: setOSFileSeparator</message>
</record>
<record>
  <date>2018-03-05T09:51:49</date>
  <millis>1520243509476</millis>
  <sequence>38</sequence>
  <logger>com.ibm.ws.install.configmanager.actionengine.ant.utils.ANTLogToCmtLogAdapter</logger>
  <level>INFO</level>
  <class>com.ibm.ws.install.configmanager.actionengine.ant.utils.ANTLogToCmtLogAdapter</class>
  <method>targetFinished</method>
  <thread>1</thread>
  <message>Target stopped for: setOSFileSeparator - SUCCESS</message>
</record>
<record>
  <date>2018-03-05T09:51:49</date>
  <millis>1520243509476</millis>
  <sequence>39</sequence>
  <logger>com.ibm.ws.install.configmanager.actionengine.ant.utils.ANTLogToCmtLogAdapter</logger>
  <level>INFO</level>
  <class>com.ibm.ws.install.configmanager.actionengine.ant.utils.ANTLogToCmtLogAdapter</class>
  <method>targetStarted</method>
  <thread>1</thread>
  <message>Target started for: defineOSSpecificConfigFlag</message>
</record>
<record>
  <date>2018-03-05T09:51:49</date>
  <millis>1520243509478</millis>
  <sequence>40</sequence>
  <logger>com.ibm.ws.install.configmanager.actionengine.ant.utils.ANTLogToCmtLogAdapter</logger>
  <level>INFO</level>
  <class>com.ibm.ws.install.configmanager.actionengine.ant.utils.ANTLogToCmtLogAdapter</class>
  <method>targetFinished</method>
  <thread>1</thread>
  <message>Target stopped for: defineOSSpecificConfigFlag - SUCCESS</message>
</record>
<record>
  <date>2018-03-05T09:51:49</date>
  <millis>1520243509478</millis>
  <sequence>41</sequence>
  <logger>com.ibm.ws.install.configmanager.actionengine.ant.utils.ANTLogToCmtLogAdapter</logger>
  <level>INFO</level>
  <class>com.ibm.ws.install.configmanager.actionengine.ant.utils.ANTLogToCmtLogAdapter</class>
  <method>targetStarted</method>
  <thread>1</thread>
  <message>Target started for: copyFirstStepsFileSet</message>
</record>
<record>
  <date>2018-03-05T09:51:49</date>
  <millis>1520243509724</millis>
  <sequence>42</sequence>
  <logger>com.ibm.ws.install.configmanager.actionengine.ant.utils.ANTLogToCmtLogAdapter</logger>
  <level>INFO</level>
  <class>com.ibm.ws.install.configmanager.actionengine.ant.utils.ANTLogToCmtLogAdapter</class>
  <method>messageLogged</method>
  <thread>1</thread>
  <message>Copying 13 files to C:\Program Files (x86)\IBM\WebSphere\AppServer\firststeps</message>
</record>
<record>
  <date>2018-03-05T09:51:49</date>
  <millis>1520243509783</millis>
  <sequence>43</sequence>
  <logger>com.ibm.ws.install.configmanager.actionengine.ant.utils.AntTaskToLogToConfigManagersLogFiles</logger>
  <level>INFO</level>
  <class>C:\Program Files (x86)\IBM\WebSphere\AppServer\properties\postinstall\actions\ConfigNoProfileFirstStepsND.ant:82: </class>
  <method>copyFirstStepsFileSet</method>
  <thread>1</thread>
  <message>Copying FirstSteps file set to: C:\Program Files (x86)\IBM\WebSphere\AppServer\firststeps</message>
</record>
<record>
  <date>2018-03-05T09:51:49</date>
  <millis>1520243509783</millis>
  <sequence>44</sequence>
  <logger>com.ibm.ws.install.configmanager.actionengine.ant.utils.ANTLogToCmtLogAdapter</logger>
  <level>INFO</level>
  <class>com.ibm.ws.install.configmanager.actionengine.ant.utils.ANTLogToCmtLogAdapter</class>
  <method>targetFinished</method>
  <thread>1</thread>
  <message>Target stopped for: copyFirstStepsFileSet - SUCCESS</message>
</record>
<record>
  <date>2018-03-05T09:51:49</date>
  <millis>1520243509783</millis>
  <sequence>45</sequence>
  <logger>com.ibm.ws.install.configmanager.actionengine.ant.utils.ANTLogToCmtLogAdapter</logger>
  <level>INFO</level>
  <class>com.ibm.ws.install.configmanager.actionengine.ant.utils.ANTLogToCmtLogAdapter</class>
  <method>targetStarted</method>
  <thread>1</thread>
  <message>Target started for: replaceTokensForFirstStepsScriptUnix</message>
</record>
<record>
  <date>2018-03-05T09:51:49</date>
  <millis>1520243509783</millis>
  <sequence>46</sequence>
  <logger>com.ibm.ws.install.configmanager.actionengine.ant.utils.ANTLogToCmtLogAdapter</logger>
  <level>INFO</level>
  <class>com.ibm.ws.install.configmanager.actionengine.ant.utils.ANTLogToCmtLogAdapter</class>
  <method>targetFinished</method>
  <thread>1</thread>
  <message>Target stopped for: replaceTokensForFirstStepsScriptUnix - SUCCESS</message>
</record>
<record>
  <date>2018-03-05T09:51:49</date>
  <millis>1520243509784</millis>
  <sequence>47</sequence>
  <logger>com.ibm.ws.install.configmanager.actionengine.ant.utils.ANTLogToCmtLogAdapter</logger>
  <level>INFO</level>
  <class>com.ibm.ws.install.configmanager.actionengine.ant.utils.ANTLogToCmtLogAdapter</class>
  <method>targetStarted</method>
  <thread>1</thread>
  <message>Target started for: replaceTokensForFirstStepsScriptWindows</message>
</record>
<record>
  <date>2018-03-05T09:51:49</date>
  <millis>1520243509818</millis>
  <sequence>48</sequence>
  <logger>com.ibm.ws.install.configmanager.actionengine.ant.utils.ANTLogToCmtLogAdapter</logger>
  <level>INFO</level>
  <class>com.ibm.ws.install.configmanager.actionengine.ant.utils.ANTLogToCmtLogAdapter</class>
  <method>targetStarted</method>
  <thread>1</thread>
  <message>Target started for: replaceAllInstancesOfGivenTokenWithGivenValueForTheGivenFile</message>
</record>
<record>
  <date>2018-03-05T09:51:49</date>
  <millis>1520243509848</millis>
  <sequence>49</sequence>
  <logger>com.ibm.ws.install.configmanager.actionengine.ant.utils.ANTLogToCmtLogAdapter</logger>
  <level>INFO</level>
  <class>com.ibm.ws.install.configmanager.actionengine.ant.utils.ANTLogToCmtLogAdapter</class>
  <method>targetFinished</method>
  <thread>1</thread>
  <message>Target stopped for: replaceAllInstancesOfGivenTokenWithGivenValueForTheGivenFile - SUCCESS</message>
</record>
<record>
  <date>2018-03-05T09:51:49</date>
  <millis>1520243509869</millis>
  <sequence>50</sequence>
  <logger>com.ibm.ws.install.configmanager.actionengine.ant.utils.ANTLogToCmtLogAdapter</logger>
  <level>INFO</level>
  <class>com.ibm.ws.install.configmanager.actionengine.ant.utils.ANTLogToCmtLogAdapter</class>
  <method>targetStarted</method>
  <thread>1</thread>
  <message>Target started for: replaceAllInstancesOfGivenTokenWithGivenValueForTheGivenFile</message>
</record>
<record>
  <date>2018-03-05T09:51:49</date>
  <millis>1520243509876</millis>
  <sequence>51</sequence>
  <logger>com.ibm.ws.install.configmanager.actionengine.ant.utils.ANTLogToCmtLogAdapter</logger>
  <level>INFO</level>
  <class>com.ibm.ws.install.configmanager.actionengine.ant.utils.ANTLogToCmtLogAdapter</class>
  <method>targetFinished</method>
  <thread>1</thread>
  <message>Target stopped for: replaceAllInstancesOfGivenTokenWithGivenValueForTheGivenFile - SUCCESS</message>
</record>
<record>
  <date>2018-03-05T09:51:49</date>
  <millis>1520243509897</millis>
  <sequence>52</sequence>
  <logger>com.ibm.ws.install.configmanager.actionengine.ant.utils.ANTLogToCmtLogAdapter</logger>
  <level>INFO</level>
  <class>com.ibm.ws.install.configmanager.actionengine.ant.utils.ANTLogToCmtLogAdapter</class>
  <method>targetStarted</method>
  <thread>1</thread>
  <message>Target started for: replaceAllInstancesOfGivenTokenWithGivenValueForTheGivenFile</message>
</record>
<record>
  <date>2018-03-05T09:51:49</date>
  <millis>1520243509904</millis>
  <sequence>53</sequence>
  <logger>com.ibm.ws.install.configmanager.actionengine.ant.utils.ANTLogToCmtLogAdapter</logger>
  <level>INFO</level>
  <class>com.ibm.ws.install.configmanager.actionengine.ant.utils.ANTLogToCmtLogAdapter</class>
  <method>targetFinished</method>
  <thread>1</thread>
  <message>Target stopped for: replaceAllInstancesOfGivenTokenWithGivenValueForTheGivenFile - SUCCESS</message>
</record>
<record>
  <date>2018-03-05T09:51:49</date>
  <millis>1520243509921</millis>
  <sequence>54</sequence>
  <logger>com.ibm.ws.install.configmanager.actionengine.ant.utils.ANTLogToCmtLogAdapter</logger>
  <level>INFO</level>
  <class>com.ibm.ws.install.configmanager.actionengine.ant.utils.ANTLogToCmtLogAdapter</class>
  <method>targetStarted</method>
  <thread>1</thread>
  <message>Target started for: replaceAllInstancesOfGivenTokenWithGivenValueForTheGivenFile</message>
</record>
<record>
  <date>2018-03-05T09:51:49</date>
  <millis>1520243509928</millis>
  <sequence>55</sequence>
  <logger>com.ibm.ws.install.configmanager.actionengine.ant.utils.ANTLogToCmtLogAdapter</logger>
  <level>INFO</level>
  <class>com.ibm.ws.install.configmanager.actionengine.ant.utils.ANTLogToCmtLogAdapter</class>
  <method>targetFinished</method>
  <thread>1</thread>
  <message>Target stopped for: replaceAllInstancesOfGivenTokenWithGivenValueForTheGivenFile - SUCCESS</message>
</record>
<record>
  <date>2018-03-05T09:51:49</date>
  <millis>1520243509948</millis>
  <sequence>56</sequence>
  <logger>com.ibm.ws.install.configmanager.actionengine.ant.utils.ANTLogToCmtLogAdapter</logger>
  <level>INFO</level>
  <class>com.ibm.ws.install.configmanager.actionengine.ant.utils.ANTLogToCmtLogAdapter</class>
  <method>targetStarted</method>
  <thread>1</thread>
  <message>Target started for: replaceAllInstancesOfGivenTokenWithGivenValueForTheGivenFile</message>
</record>
<record>
  <date>2018-03-05T09:51:49</date>
  <millis>1520243509955</millis>
  <sequence>57</sequence>
  <logger>com.ibm.ws.install.configmanager.actionengine.ant.utils.ANTLogToCmtLogAdapter</logger>
  <level>INFO</level>
  <class>com.ibm.ws.install.configmanager.actionengine.ant.utils.ANTLogToCmtLogAdapter</class>
  <method>targetFinished</method>
  <thread>1</thread>
  <message>Target stopped for: replaceAllInstancesOfGivenTokenWithGivenValueForTheGivenFile - SUCCESS</message>
</record>
<record>
  <date>2018-03-05T09:51:49</date>
  <millis>1520243509956</millis>
  <sequence>58</sequence>
  <logger>com.ibm.ws.install.configmanager.actionengine.ant.utils.ANTLogToCmtLogAdapter</logger>
  <level>INFO</level>
  <class>com.ibm.ws.install.configmanager.actionengine.ant.utils.ANTLogToCmtLogAdapter</class>
  <method>targetFinished</method>
  <thread>1</thread>
  <message>Target stopped for: replaceTokensForFirstStepsScriptWindows - SUCCESS</message>
</record>
<record>
  <date>2018-03-05T09:51:49</date>
  <millis>1520243509956</millis>
  <sequence>59</sequence>
  <logger>com.ibm.ws.install.configmanager.actionengine.ant.utils.ANTLogToCmtLogAdapter</logger>
  <level>INFO</level>
  <class>com.ibm.ws.install.configmanager.actionengine.ant.utils.ANTLogToCmtLogAdapter</class>
  <method>targetStarted</method>
  <thread>1</thread>
  <message>Target started for: replaceTokensForFirstStepsHTML</message>
</record>
<record>
  <date>2018-03-05T09:51:49</date>
  <millis>1520243509974</millis>
  <sequence>60</sequence>
  <logger>com.ibm.ws.install.configmanager.actionengine.ant.utils.ANTLogToCmtLogAdapter</logger>
  <level>INFO</level>
  <class>com.ibm.ws.install.configmanager.actionengine.ant.utils.ANTLogToCmtLogAdapter</class>
  <method>targetStarted</method>
  <thread>1</thread>
  <message>Target started for: replaceAllInstancesOfGivenTokenWithGivenValueForTheGivenFile</message>
</record>
<record>
  <date>2018-03-05T09:51:49</date>
  <millis>1520243509982</millis>
  <sequence>61</sequence>
  <logger>com.ibm.ws.install.configmanager.actionengine.ant.utils.ANTLogToCmtLogAdapter</logger>
  <level>INFO</level>
  <class>com.ibm.ws.install.configmanager.actionengine.ant.utils.ANTLogToCmtLogAdapter</class>
  <method>targetFinished</method>
  <thread>1</thread>
  <message>Target stopped for: replaceAllInstancesOfGivenTokenWithGivenValueForTheGivenFile - SUCCESS</message>
</record>
<record>
  <date>2018-03-05T09:51:50</date>
  <millis>1520243510002</millis>
  <sequence>62</sequence>
  <logger>com.ibm.ws.install.configmanager.actionengine.ant.utils.ANTLogToCmtLogAdapter</logger>
  <level>INFO</level>
  <class>com.ibm.ws.install.configmanager.actionengine.ant.utils.ANTLogToCmtLogAdapter</class>
  <method>targetStarted</method>
  <thread>1</thread>
  <message>Target started for: replaceAllInstancesOfGivenTokenWithGivenValueForTheGivenFile</message>
</record>
<record>
  <date>2018-03-05T09:51:50</date>
  <millis>1520243510004</millis>
  <sequence>63</sequence>
  <logger>com.ibm.ws.install.configmanager.actionengine.ant.utils.ANTLogToCmtLogAdapter</logger>
  <level>INFO</level>
  <class>com.ibm.ws.install.configmanager.actionengine.ant.utils.ANTLogToCmtLogAdapter</class>
  <method>targetFinished</method>
  <thread>1</thread>
  <message>Target stopped for: replaceAllInstancesOfGivenTokenWithGivenValueForTheGivenFile - SUCCESS</message>
</record>
<record>
  <date>2018-03-05T09:51:50</date>
  <millis>1520243510025</millis>
  <sequence>64</sequence>
  <logger>com.ibm.ws.install.configmanager.actionengine.ant.utils.ANTLogToCmtLogAdapter</logger>
  <level>INFO</level>
  <class>com.ibm.ws.install.configmanager.actionengine.ant.utils.ANTLogToCmtLogAdapter</class>
  <method>targetStarted</method>
  <thread>1</thread>
  <message>Target started for: replaceAllInstancesOfGivenTokenWithGivenValueForTheGivenFile</message>
</record>
<record>
  <date>2018-03-05T09:51:50</date>
  <millis>1520243510035</millis>
  <sequence>65</sequence>
  <logger>com.ibm.ws.install.configmanager.actionengine.ant.utils.ANTLogToCmtLogAdapter</logger>
  <level>INFO</level>
  <class>com.ibm.ws.install.configmanager.actionengine.ant.utils.ANTLogToCmtLogAdapter</class>
  <method>targetFinished</method>
  <thread>1</thread>
  <message>Target stopped for: replaceAllInstancesOfGivenTokenWithGivenValueForTheGivenFile - SUCCESS</message>
</record>
<record>
  <date>2018-03-05T09:51:50</date>
  <millis>1520243510055</millis>
  <sequence>66</sequence>
  <logger>com.ibm.ws.install.configmanager.actionengine.ant.utils.ANTLogToCmtLogAdapter</logger>
  <level>INFO</level>
  <class>com.ibm.ws.install.configmanager.actionengine.ant.utils.ANTLogToCmtLogAdapter</class>
  <method>targetStarted</method>
  <thread>1</thread>
  <message>Target started for: replaceAllInstancesOfGivenTokenWithGivenValueForTheGivenFile</message>
</record>
<record>
  <date>2018-03-05T09:51:50</date>
  <millis>1520243510056</millis>
  <sequence>67</sequence>
  <logger>com.ibm.ws.install.configmanager.actionengine.ant.utils.ANTLogToCmtLogAdapter</logger>
  <level>INFO</level>
  <class>com.ibm.ws.install.configmanager.actionengine.ant.utils.ANTLogToCmtLogAdapter</class>
  <method>targetFinished</method>
  <thread>1</thread>
  <message>Target stopped for: replaceAllInstancesOfGivenTokenWithGivenValueForTheGivenFile - SUCCESS</message>
</record>
<record>
  <date>2018-03-05T09:51:50</date>
  <millis>1520243510077</millis>
  <sequence>68</sequence>
  <logger>com.ibm.ws.install.configmanager.actionengine.ant.utils.ANTLogToCmtLogAdapter</logger>
  <level>INFO</level>
  <class>com.ibm.ws.install.configmanager.actionengine.ant.utils.ANTLogToCmtLogAdapter</class>
  <method>targetStarted</method>
  <thread>1</thread>
  <message>Target started for: replaceAllInstancesOfGivenTokenWithGivenValueForTheGivenFile</message>
</record>
<record>
  <date>2018-03-05T09:51:50</date>
  <millis>1520243510086</millis>
  <sequence>69</sequence>
  <logger>com.ibm.ws.install.configmanager.actionengine.ant.utils.ANTLogToCmtLogAdapter</logger>
  <level>INFO</level>
  <class>com.ibm.ws.install.configmanager.actionengine.ant.utils.ANTLogToCmtLogAdapter</class>
  <method>targetFinished</method>
  <thread>1</thread>
  <message>Target stopped for: replaceAllInstancesOfGivenTokenWithGivenValueForTheGivenFile - SUCCESS</message>
</record>
<record>
  <date>2018-03-05T09:51:50</date>
  <millis>1520243510104</millis>
  <sequence>70</sequence>
  <logger>com.ibm.ws.install.configmanager.actionengine.ant.utils.ANTLogToCmtLogAdapter</logger>
  <level>INFO</level>
  <class>com.ibm.ws.install.configmanager.actionengine.ant.utils.ANTLogToCmtLogAdapter</class>
  <method>targetStarted</method>
  <thread>1</thread>
  <message>Target started for: replaceAllInstancesOfGivenTokenWithGivenValueForTheGivenFile</message>
</record>
<record>
  <date>2018-03-05T09:51:50</date>
  <millis>1520243510105</millis>
  <sequence>71</sequence>
  <logger>com.ibm.ws.install.configmanager.actionengine.ant.utils.ANTLogToCmtLogAdapter</logger>
  <level>INFO</level>
  <class>com.ibm.ws.install.configmanager.actionengine.ant.utils.ANTLogToCmtLogAdapter</class>
  <method>targetFinished</method>
  <thread>1</thread>
  <message>Target stopped for: replaceAllInstancesOfGivenTokenWithGivenValueForTheGivenFile - SUCCESS</message>
</record>
<record>
  <date>2018-03-05T09:51:50</date>
  <millis>1520243510118</millis>
  <sequence>72</sequence>
  <logger>com.ibm.ws.install.configmanager.actionengine.ant.utils.ANTLogToCmtLogAdapter</logger>
  <level>INFO</level>
  <class>com.ibm.ws.install.configmanager.actionengine.ant.utils.ANTLogToCmtLogAdapter</class>
  <method>targetStarted</method>
  <thread>1</thread>
  <message>Target started for: replaceAllInstancesOfGivenTokenWithGivenValueForTheGivenFile</message>
</record>
<record>
  <date>2018-03-05T09:51:50</date>
  <millis>1520243510118</millis>
  <sequence>73</sequence>
  <logger>com.ibm.ws.install.configmanager.actionengine.ant.utils.ANTLogToCmtLogAdapter</logger>
  <level>INFO</level>
  <class>com.ibm.ws.install.configmanager.actionengine.ant.utils.ANTLogToCmtLogAdapter</class>
  <method>targetFinished</method>
  <thread>1</thread>
  <message>Target stopped for: replaceAllInstancesOfGivenTokenWithGivenValueForTheGivenFile - SUCCESS</message>
</record>
<record>
  <date>2018-03-05T09:51:50</date>
  <millis>1520243510141</millis>
  <sequence>74</sequence>
  <logger>com.ibm.ws.install.configmanager.actionengine.ant.utils.ANTLogToCmtLogAdapter</logger>
  <level>INFO</level>
  <class>com.ibm.ws.install.configmanager.actionengine.ant.utils.ANTLogToCmtLogAdapter</class>
  <method>targetStarted</method>
  <thread>1</thread>
  <message>Target started for: replaceAllInstancesOfGivenTokenWithGivenValueForTheGivenFile</message>
</record>
<record>
  <date>2018-03-05T09:51:50</date>
  <millis>1520243510143</millis>
  <sequence>75</sequence>
  <logger>com.ibm.ws.install.configmanager.actionengine.ant.utils.ANTLogToCmtLogAdapter</logger>
  <level>INFO</level>
  <class>com.ibm.ws.install.configmanager.actionengine.ant.utils.ANTLogToCmtLogAdapter</class>
  <method>targetFinished</method>
  <thread>1</thread>
  <message>Target stopped for: replaceAllInstancesOfGivenTokenWithGivenValueForTheGivenFile - SUCCESS</message>
</record>
<record>
  <date>2018-03-05T09:51:50</date>
  <millis>1520243510163</millis>
  <sequence>76</sequence>
  <logger>com.ibm.ws.install.configmanager.actionengine.ant.utils.ANTLogToCmtLogAdapter</logger>
  <level>INFO</level>
  <class>com.ibm.ws.install.configmanager.actionengine.ant.utils.ANTLogToCmtLogAdapter</class>
  <method>targetStarted</method>
  <thread>1</thread>
  <message>Target started for: replaceAllInstancesOfGivenTokenWithGivenValueForTheGivenFile</message>
</record>
<record>
  <date>2018-03-05T09:51:50</date>
  <millis>1520243510164</millis>
  <sequence>77</sequence>
  <logger>com.ibm.ws.install.configmanager.actionengine.ant.utils.ANTLogToCmtLogAdapter</logger>
  <level>INFO</level>
  <class>com.ibm.ws.install.configmanager.actionengine.ant.utils.ANTLogToCmtLogAdapter</class>
  <method>targetFinished</method>
  <thread>1</thread>
  <message>Target stopped for: replaceAllInstancesOfGivenTokenWithGivenValueForTheGivenFile - SUCCESS</message>
</record>
<record>
  <date>2018-03-05T09:51:50</date>
  <millis>1520243510186</millis>
  <sequence>78</sequence>
  <logger>com.ibm.ws.install.configmanager.actionengine.ant.utils.ANTLogToCmtLogAdapter</logger>
  <level>INFO</level>
  <class>com.ibm.ws.install.configmanager.actionengine.ant.utils.ANTLogToCmtLogAdapter</class>
  <method>targetStarted</method>
  <thread>1</thread>
  <message>Target started for: replaceAllInstancesOfGivenTokenWithGivenValueForTheGivenFile</message>
</record>
<record>
  <date>2018-03-05T09:51:50</date>
  <millis>1520243510189</millis>
  <sequence>79</sequence>
  <logger>com.ibm.ws.install.configmanager.actionengine.ant.utils.ANTLogToCmtLogAdapter</logger>
  <level>INFO</level>
  <class>com.ibm.ws.install.configmanager.actionengine.ant.utils.ANTLogToCmtLogAdapter</class>
  <method>targetFinished</method>
  <thread>1</thread>
  <message>Target stopped for: replaceAllInstancesOfGivenTokenWithGivenValueForTheGivenFile - SUCCESS</message>
</record>
<record>
  <date>2018-03-05T09:51:50</date>
  <millis>1520243510208</millis>
  <sequence>80</sequence>
  <logger>com.ibm.ws.install.configmanager.actionengine.ant.utils.ANTLogToCmtLogAdapter</logger>
  <level>INFO</level>
  <class>com.ibm.ws.install.configmanager.actionengine.ant.utils.ANTLogToCmtLogAdapter</class>
  <method>targetStarted</method>
  <thread>1</thread>
  <message>Target started for: replaceAllInstancesOfGivenTokenWithGivenValueForTheGivenFile</message>
</record>
<record>
  <date>2018-03-05T09:51:50</date>
  <millis>1520243510212</millis>
  <sequence>81</sequence>
  <logger>com.ibm.ws.install.configmanager.actionengine.ant.utils.ANTLogToCmtLogAdapter</logger>
  <level>INFO</level>
  <class>com.ibm.ws.install.configmanager.actionengine.ant.utils.ANTLogToCmtLogAdapter</class>
  <method>targetFinished</method>
  <thread>1</thread>
  <message>Target stopped for: replaceAllInstancesOfGivenTokenWithGivenValueForTheGivenFile - SUCCESS</message>
</record>
<record>
  <date>2018-03-05T09:51:50</date>
  <millis>1520243510235</millis>
  <sequence>82</sequence>
  <logger>com.ibm.ws.install.configmanager.actionengine.ant.utils.ANTLogToCmtLogAdapter</logger>
  <level>INFO</level>
  <class>com.ibm.ws.install.configmanager.actionengine.ant.utils.ANTLogToCmtLogAdapter</class>
  <method>targetStarted</method>
  <thread>1</thread>
  <message>Target started for: replaceAllInstancesOfGivenTokenWithGivenValueForTheGivenFile</message>
</record>
<record>
  <date>2018-03-05T09:51:50</date>
  <millis>1520243510237</millis>
  <sequence>83</sequence>
  <logger>com.ibm.ws.install.configmanager.actionengine.ant.utils.ANTLogToCmtLogAdapter</logger>
  <level>INFO</level>
  <class>com.ibm.ws.install.configmanager.actionengine.ant.utils.ANTLogToCmtLogAdapter</class>
  <method>targetFinished</method>
  <thread>1</thread>
  <message>Target stopped for: replaceAllInstancesOfGivenTokenWithGivenValueForTheGivenFile - SUCCESS</message>
</record>
<record>
  <date>2018-03-05T09:51:50</date>
  <millis>1520243510252</millis>
  <sequence>84</sequence>
  <logger>com.ibm.ws.install.configmanager.actionengine.ant.utils.ANTLogToCmtLogAdapter</logger>
  <level>INFO</level>
  <class>com.ibm.ws.install.configmanager.actionengine.ant.utils.ANTLogToCmtLogAdapter</class>
  <method>targetStarted</method>
  <thread>1</thread>
  <message>Target started for: replaceAllInstancesOfGivenTokenWithGivenValueForTheGivenFile</message>
</record>
<record>
  <date>2018-03-05T09:51:50</date>
  <millis>1520243510253</millis>
  <sequence>85</sequence>
  <logger>com.ibm.ws.install.configmanager.actionengine.ant.utils.ANTLogToCmtLogAdapter</logger>
  <level>INFO</level>
  <class>com.ibm.ws.install.configmanager.actionengine.ant.utils.ANTLogToCmtLogAdapter</class>
  <method>targetFinished</method>
  <thread>1</thread>
  <message>Target stopped for: replaceAllInstancesOfGivenTokenWithGivenValueForTheGivenFile - SUCCESS</message>
</record>
<record>
  <date>2018-03-05T09:51:50</date>
  <millis>1520243510270</millis>
  <sequence>86</sequence>
  <logger>com.ibm.ws.install.configmanager.actionengine.ant.utils.ANTLogToCmtLogAdapter</logger>
  <level>INFO</level>
  <class>com.ibm.ws.install.configmanager.actionengine.ant.utils.ANTLogToCmtLogAdapter</class>
  <method>targetStarted</method>
  <thread>1</thread>
  <message>Target started for: replaceAllInstancesOfGivenTokenWithGivenValueForTheGivenFile</message>
</record>
<record>
  <date>2018-03-05T09:51:50</date>
  <millis>1520243510272</millis>
  <sequence>87</sequence>
  <logger>com.ibm.ws.install.configmanager.actionengine.ant.utils.ANTLogToCmtLogAdapter</logger>
  <level>INFO</level>
  <class>com.ibm.ws.install.configmanager.actionengine.ant.utils.ANTLogToCmtLogAdapter</class>
  <method>targetFinished</method>
  <thread>1</thread>
  <message>Target stopped for: replaceAllInstancesOfGivenTokenWithGivenValueForTheGivenFile - SUCCESS</message>
</record>
<record>
  <date>2018-03-05T09:51:50</date>
  <millis>1520243510281</millis>
  <sequence>88</sequence>
  <logger>com.ibm.ws.install.configmanager.actionengine.ant.utils.ANTLogToCmtLogAdapter</logger>
  <level>INFO</level>
  <class>com.ibm.ws.install.configmanager.actionengine.ant.utils.ANTLogToCmtLogAdapter</class>
  <method>targetStarted</method>
  <thread>1</thread>
  <message>Target started for: replaceAllInstancesOfGivenTokenWithGivenValueForTheGivenFile</message>
</record>
<record>
  <date>2018-03-05T09:51:50</date>
  <millis>1520243510282</millis>
  <sequence>89</sequence>
  <logger>com.ibm.ws.install.configmanager.actionengine.ant.utils.ANTLogToCmtLogAdapter</logger>
  <level>INFO</level>
  <class>com.ibm.ws.install.configmanager.actionengine.ant.utils.ANTLogToCmtLogAdapter</class>
  <method>targetFinished</method>
  <thread>1</thread>
  <message>Target stopped for: replaceAllInstancesOfGivenTokenWithGivenValueForTheGivenFile - SUCCESS</message>
</record>
<record>
  <date>2018-03-05T09:51:50</date>
  <millis>1520243510293</millis>
  <sequence>90</sequence>
  <logger>com.ibm.ws.install.configmanager.actionengine.ant.utils.ANTLogToCmtLogAdapter</logger>
  <level>INFO</level>
  <class>com.ibm.ws.install.configmanager.actionengine.ant.utils.ANTLogToCmtLogAdapter</class>
  <method>targetStarted</method>
  <thread>1</thread>
  <message>Target started for: replaceAllInstancesOfGivenTokenWithGivenValueForTheGivenFile</message>
</record>
<record>
  <date>2018-03-05T09:51:50</date>
  <millis>1520243510295</millis>
  <sequence>91</sequence>
  <logger>com.ibm.ws.install.configmanager.actionengine.ant.utils.ANTLogToCmtLogAdapter</logger>
  <level>INFO</level>
  <class>com.ibm.ws.install.configmanager.actionengine.ant.utils.ANTLogToCmtLogAdapter</class>
  <method>targetFinished</method>
  <thread>1</thread>
  <message>Target stopped for: replaceAllInstancesOfGivenTokenWithGivenValueForTheGivenFile - SUCCESS</message>
</record>
<record>
  <date>2018-03-05T09:51:50</date>
  <millis>1520243510295</millis>
  <sequence>92</sequence>
  <logger>com.ibm.ws.install.configmanager.actionengine.ant.utils.ANTLogToCmtLogAdapter</logger>
  <level>INFO</level>
  <class>com.ibm.ws.install.configmanager.actionengine.ant.utils.ANTLogToCmtLogAdapter</class>
  <method>targetFinished</method>
  <thread>1</thread>
  <message>Target stopped for: replaceTokensForFirstStepsHTML - SUCCESS</message>
</record>
<record>
  <date>2018-03-05T09:51:50</date>
  <millis>1520243510295</millis>
  <sequence>93</sequence>
  <logger>com.ibm.ws.install.configmanager.actionengine.ant.utils.ANTLogToCmtLogAdapter</logger>
  <level>INFO</level>
  <class>com.ibm.ws.install.configmanager.actionengine.ant.utils.ANTLogToCmtLogAdapter</class>
  <method>targetStarted</method>
  <thread>1</thread>
  <message>Target started for: setUnixShellScriptPermissions</message>
</record>
<record>
  <date>2018-03-05T09:51:50</date>
  <millis>1520243510295</millis>
  <sequence>94</sequence>
  <logger>com.ibm.ws.install.configmanager.actionengine.ant.utils.ANTLogToCmtLogAdapter</logger>
  <level>INFO</level>
  <class>com.ibm.ws.install.configmanager.actionengine.ant.utils.ANTLogToCmtLogAdapter</class>
  <method>targetFinished</method>
  <thread>1</thread>
  <message>Target stopped for: setUnixShellScriptPermissions - SUCCESS</message>
</record>
<record>
  <date>2018-03-05T09:51:50</date>
  <millis>1520243510295</millis>
  <sequence>95</sequence>
  <logger>com.ibm.ws.install.configmanager.actionengine.ant.utils.ANTLogToCmtLogAdapter</logger>
  <level>INFO</level>
  <class>com.ibm.ws.install.configmanager.actionengine.ant.utils.ANTLogToCmtLogAdapter</class>
  <method>targetStarted</method>
  <thread>1</thread>
  <message>Target started for: install</message>
</record>
<record>
  <date>2018-03-05T09:51:50</date>
  <millis>1520243510295</millis>
  <sequence>96</sequence>
  <logger>com.ibm.ws.install.configmanager.actionengine.ant.utils.ANTLogToCmtLogAdapter</logger>
  <level>INFO</level>
  <class>com.ibm.ws.install.configmanager.actionengine.ant.utils.ANTLogToCmtLogAdapter</class>
  <method>targetFinished</method>
  <thread>1</thread>
  <message>Target stopped for: install - SUCCESS</message>
</record>
<record>
  <date>2018-03-05T09:51:50</date>
  <millis>1520243510296</millis>
  <sequence>97</sequence>
  <logger>com.ibm.ws.install.configmanager.actionengine.ant.utils.ANTLogToCmtLogAdapter</logger>
  <level>INFO</level>
  <class>com.ibm.ws.install.configmanager.actionengine.ant.utils.ANTLogToCmtLogAdapter</class>
  <method>buildFinished</method>
  <thread>1</thread>
  <message>Build stopped - SUCCESS</message>
</record>
<record>
  <date>2018-03-05T09:51:50</date>
  <millis>1520243510297</millis>
  <sequence>98</sequence>
  <logger>com.ibm.ws.install.configmanager.actionengine.ANTAction</logger>
  <level>INFO</level>
  <class>com.ibm.ws.install.configmanager.actionengine.ANTAction</class>
  <method>executeAction</method>
  <thread>1</thread>
  <message>Result of executing C:\Program Files (x86)\IBM\WebSphere\AppServer\properties\postinstall\actions\ConfigNoProfileFirstStepsND.ant was: true</message>
</record>
<record>
  <date>2018-03-05T09:51:50</date>
  <millis>1520243510297</millis>
  <sequence>99</sequence>
  <logger>com.ibm.ws.install.configmanager.ConfigManager</logger>
  <level>INFO</level>
  <class>com.ibm.ws.install.configmanager.ConfigManager</class>
  <method>executeAllActionsFound</method>
  <thread>1</thread>
  <message>Configuration action succeeded: com.ibm.ws.install.configmanager.actionengine.ConfigAction-C:\Program Files (x86)\IBM\WebSphere\AppServer\properties\postinstall\actions\ConfigNoProfileFirstStepsND.ant</message>
</record>
<record>
  <date>2018-03-05T09:51:50</date>
  <millis>1520243510297</millis>
  <sequence>100</sequence>
  <logger>com.ibm.ws.install.configmanager.ConfigManager</logger>
  <level>INFO</level>
  <class>com.ibm.ws.install.configmanager.ConfigManager</class>
  <method>launch</method>
  <thread>1</thread>
  <message>No errors were encountered while executing the repository actions</message>
</record>
<record>
  <date>2018-03-05T09:51:50</date>
  <millis>1520243510298</millis>
  <sequence>101</sequence>
  <logger>com.ibm.ws.install.configmanager.ConfigManager</logger>
  <level>INFO</level>
  <class>com.ibm.ws.install.configmanager.ConfigManager</class>
  <method>launch</method>
  <thread>1</thread>
  <message>Returning with return code: INSTCONFSUCCESS</message>
</record>
</log>
