[3/5/18 10:07:45:499 UTC] 00000001 ManagerAdmin  I   TRAS0018I: The trace state has changed. The new trace state is *=info.
[3/5/18 10:07:45:674 UTC] 00000001 ManagerAdmin  A   TRAS0007I: Logging to the service log is disabled
[3/5/18 10:07:45:721 UTC] 00000001 ProviderTrack I com.ibm.ffdc.osgi.ProviderTracker AddingService FFDC1007I: FFDC Provider Installed: com.ibm.ffdc.util.provider.FfdcOnDirProvider@2a880adc
************ Start Display Current Environment ************
WebSphere Platform 8.5.5.13 [ND 8.5.5.13 cf131801.05] running with process name websphereQANode01Cell\websphereQANode01\server1 and process id 896
Host Operating System is Windows Server 2016, version 10.0
Java version = 1.8.0_151, Java Runtime Version = 8.0.5.6 - pwa6480sr5fp6-20171124_02(SR5 FP6), Java Compiler = j9jit29, Java VM name = IBM J9 VM
was.install.root = C:\Program Files (x86)\IBM\WebSphere\AppServer
user.install.root = C:\Program Files (x86)\IBM\WebSphere\AppServer\profiles\AppSrv01
Java Home = C:\Program Files (x86)\IBM\WebSphere\AppServer\java\jre
ws.ext.dirs = C:\Program Files (x86)\IBM\WebSphere\AppServer/java/lib;C:\Program Files (x86)\IBM\WebSphere\AppServer\profiles\AppSrv01/classes;C:\Program Files (x86)\IBM\WebSphere\AppServer/classes;C:\Program Files (x86)\IBM\WebSphere\AppServer/lib;C:\Program Files (x86)\IBM\WebSphere\AppServer/installedChannels;C:\Program Files (x86)\IBM\WebSphere\AppServer/lib/ext;C:\Program Files (x86)\IBM\WebSphere\AppServer/web/help;C:\Program Files (x86)\IBM\WebSphere\AppServer/deploytool/itp/plugins/com.ibm.etools.ejbdeploy/runtime
Classpath = C:\Program Files (x86)\IBM\WebSphere\AppServer\profiles\AppSrv01/properties;C:\Program Files (x86)\IBM\WebSphere\AppServer/properties;C:\Program Files (x86)\IBM\WebSphere\AppServer/lib/startup.jar;C:\Program Files (x86)\IBM\WebSphere\AppServer/lib/bootstrap.jar;C:\Program Files (x86)\IBM\WebSphere\AppServer/lib/jsf-nls.jar;C:\Program Files (x86)\IBM\WebSphere\AppServer/lib/lmproxy.jar;C:\Program Files (x86)\IBM\WebSphere\AppServer/lib/urlprotocols.jar;C:\Program Files (x86)\IBM\WebSphere\AppServer/deploytool/itp/batchboot.jar;C:\Program Files (x86)\IBM\WebSphere\AppServer/deploytool/itp/batch2.jar;C:\Program Files (x86)\IBM\WebSphere\AppServer/java/lib/tools.jar
Java Library path = C:\Program Files (x86)\IBM\WebSphere\AppServer/lib/native/win/x86_64/;C:\Program Files (x86)\IBM\WebSphere\AppServer\java\jre\bin\compressedrefs;C:\Program Files (x86)\IBM\WebSphere\AppServer\java\jre\bin;C:\Windows\system32;C:\Windows;C:\Program Files (x86)\IBM\WebSphere\AppServer\lib\native\win\x86_64;C:\Program Files (x86)\IBM\WebSphere\AppServer\bin;C:\Program Files (x86)\IBM\WebSphere\AppServer\java\bin;C:\Program Files (x86)\IBM\WebSphere\AppServer\java\jre\bin;C:\Windows\system32;C:\Windows;C:\Windows\System32\Wbem;C:\Windows\System32\WindowsPowerShell\v1.0\;C:\Program Files (x86)\IBM\WebSphere\AppClient\bin;C:\Program Files (x86)\IBM\WebSphere\AppClient\java\jre\bin;C:\Program Files (x86)\IBM\WebSphere\AppClient\java\jre\bin\j9vm;C:\ProgramData\Oracle\Java\javapath;C:\Program Files\MySQL\MySQL Utilities 1.6\;C:\phantomjs-2.1.1-windows\bin;C:\apache-maven-3.5.2\bin;C:\apache-maven-3.5.2\lib;C:\Windows\system32\config\systemprofile\AppData\Local\Microsoft\WindowsApps;.;
Orb Version = IBM Java ORB build orb80-20171023.00
Max file descriptor count = --
************* End Display Current Environment *************
[3/5/18 12:06:00:183 UTC] 00000001 ManagerAdmin  I   TRAS0018I: The trace state has changed. The new trace state is *=info.
[3/5/18 12:06:00:345 UTC] 00000001 ManagerAdmin  A   TRAS0007I: Logging to the service log is disabled
[3/5/18 12:06:00:370 UTC] 00000001 ProviderTrack I com.ibm.ffdc.osgi.ProviderTracker AddingService FFDC1007I: FFDC Provider Installed: com.ibm.ffdc.util.provider.FfdcOnDirProvider@dccd5d98
************ Start Display Current Environment ************
WebSphere Platform 8.5.5.13 [ND 8.5.5.13 cf131801.05] running with process name websphereQANode01Cell\websphereQANode01\server1 and process id 6596
Host Operating System is Windows Server 2016, version 10.0
Java version = 1.8.0_151, Java Runtime Version = 8.0.5.6 - pwa6480sr5fp6-20171124_02(SR5 FP6), Java Compiler = j9jit29, Java VM name = IBM J9 VM
was.install.root = C:\Program Files (x86)\IBM\WebSphere\AppServer
user.install.root = C:\Program Files (x86)\IBM\WebSphere\AppServer\profiles\AppSrv01
Java Home = C:\Program Files (x86)\IBM\WebSphere\AppServer\java\jre
ws.ext.dirs = C:\Program Files (x86)\IBM\WebSphere\AppServer/java/lib;C:\Program Files (x86)\IBM\WebSphere\AppServer\profiles\AppSrv01/classes;C:\Program Files (x86)\IBM\WebSphere\AppServer/classes;C:\Program Files (x86)\IBM\WebSphere\AppServer/lib;C:\Program Files (x86)\IBM\WebSphere\AppServer/installedChannels;C:\Program Files (x86)\IBM\WebSphere\AppServer/lib/ext;C:\Program Files (x86)\IBM\WebSphere\AppServer/web/help;C:\Program Files (x86)\IBM\WebSphere\AppServer/deploytool/itp/plugins/com.ibm.etools.ejbdeploy/runtime
Classpath = C:\Program Files (x86)\IBM\WebSphere\AppServer\profiles\AppSrv01/properties;C:\Program Files (x86)\IBM\WebSphere\AppServer/properties;C:\Program Files (x86)\IBM\WebSphere\AppServer/lib/startup.jar;C:\Program Files (x86)\IBM\WebSphere\AppServer/lib/bootstrap.jar;C:\Program Files (x86)\IBM\WebSphere\AppServer/lib/jsf-nls.jar;C:\Program Files (x86)\IBM\WebSphere\AppServer/lib/lmproxy.jar;C:\Program Files (x86)\IBM\WebSphere\AppServer/lib/urlprotocols.jar;C:\Program Files (x86)\IBM\WebSphere\AppServer/deploytool/itp/batchboot.jar;C:\Program Files (x86)\IBM\WebSphere\AppServer/deploytool/itp/batch2.jar;C:\Program Files (x86)\IBM\WebSphere\AppServer/java/lib/tools.jar
Java Library path = C:\Program Files (x86)\IBM\WebSphere\AppServer/lib/native/win/x86_64/;C:\Program Files (x86)\IBM\WebSphere\AppServer\java\jre\bin\compressedrefs;C:\Program Files (x86)\IBM\WebSphere\AppServer\java\jre\bin;C:\Windows\system32;C:\Windows;C:\Program Files (x86)\IBM\WebSphere\AppServer\lib\native\win\x86_64;C:\Program Files (x86)\IBM\WebSphere\AppServer\bin;C:\Program Files (x86)\IBM\WebSphere\AppServer\java\bin;C:\Program Files (x86)\IBM\WebSphere\AppServer\java\jre\bin;C:\Program Files (x86)\IBM\WebSphere\AppClient\bin;C:\Program Files (x86)\IBM\WebSphere\AppClient\java\jre\bin;C:\Program Files (x86)\IBM\WebSphere\AppClient\java\jre\bin\j9vm;C:\ProgramData\Oracle\Java\javapath;C:\Windows\system32;C:\Windows;C:\Windows\System32\Wbem;C:\Windows\System32\WindowsPowerShell\v1.0\;C:\Program Files\MySQL\MySQL Utilities 1.6\;C:\phantomjs-2.1.1-windows\bin;C:\apache-maven-3.5.2\bin;C:\apache-maven-3.5.2\lib;C:\Windows\system32\config\systemprofile\AppData\Local\Microsoft\WindowsApps;.;
Orb Version = IBM Java ORB build orb80-20171023.00
Max file descriptor count = --
************* End Display Current Environment *************
[3/6/18 1:38:56:809 UTC] 00000001 ManagerAdmin  I   TRAS0018I: The trace state has changed. The new trace state is *=info.
[3/6/18 1:38:56:956 UTC] 00000001 ManagerAdmin  A   TRAS0007I: Logging to the service log is disabled
[3/6/18 1:38:57:093 UTC] 00000001 ProviderTrack I com.ibm.ffdc.osgi.ProviderTracker AddingService FFDC1007I: FFDC Provider Installed: com.ibm.ffdc.util.provider.FfdcOnDirProvider@e77275f6
************ Start Display Current Environment ************
WebSphere Platform 8.5.5.13 [ND 8.5.5.13 cf131801.05] running with process name websphereQANode01Cell\websphereQANode01\server1 and process id 6368
Host Operating System is Windows Server 2016, version 10.0
Java version = 1.8.0_151, Java Runtime Version = 8.0.5.6 - pwa6480sr5fp6-20171124_02(SR5 FP6), Java Compiler = j9jit29, Java VM name = IBM J9 VM
was.install.root = C:\Program Files (x86)\IBM\WebSphere\AppServer
user.install.root = C:\Program Files (x86)\IBM\WebSphere\AppServer\profiles\AppSrv01
Java Home = C:\Program Files (x86)\IBM\WebSphere\AppServer\java\jre
ws.ext.dirs = C:\Program Files (x86)\IBM\WebSphere\AppServer/java/lib;C:\Program Files (x86)\IBM\WebSphere\AppServer\profiles\AppSrv01/classes;C:\Program Files (x86)\IBM\WebSphere\AppServer/classes;C:\Program Files (x86)\IBM\WebSphere\AppServer/lib;C:\Program Files (x86)\IBM\WebSphere\AppServer/installedChannels;C:\Program Files (x86)\IBM\WebSphere\AppServer/lib/ext;C:\Program Files (x86)\IBM\WebSphere\AppServer/web/help;C:\Program Files (x86)\IBM\WebSphere\AppServer/deploytool/itp/plugins/com.ibm.etools.ejbdeploy/runtime
Classpath = C:\Program Files (x86)\IBM\WebSphere\AppServer\profiles\AppSrv01/properties;C:\Program Files (x86)\IBM\WebSphere\AppServer/properties;C:\Program Files (x86)\IBM\WebSphere\AppServer/lib/startup.jar;C:\Program Files (x86)\IBM\WebSphere\AppServer/lib/bootstrap.jar;C:\Program Files (x86)\IBM\WebSphere\AppServer/lib/jsf-nls.jar;C:\Program Files (x86)\IBM\WebSphere\AppServer/lib/lmproxy.jar;C:\Program Files (x86)\IBM\WebSphere\AppServer/lib/urlprotocols.jar;C:\Program Files (x86)\IBM\WebSphere\AppServer/deploytool/itp/batchboot.jar;C:\Program Files (x86)\IBM\WebSphere\AppServer/deploytool/itp/batch2.jar;C:\Program Files (x86)\IBM\WebSphere\AppServer/java/lib/tools.jar
Java Library path = C:\Program Files (x86)\IBM\WebSphere\AppServer/lib/native/win/x86_64/;C:\Program Files (x86)\IBM\WebSphere\AppServer\java\jre\bin\compressedrefs;C:\Program Files (x86)\IBM\WebSphere\AppServer\java\jre\bin;C:\Windows\system32;C:\Windows;C:\Program Files (x86)\IBM\WebSphere\AppServer\lib\native\win\x86_64;C:\Program Files (x86)\IBM\WebSphere\AppServer\bin;C:\Program Files (x86)\IBM\WebSphere\AppServer\java\bin;C:\Program Files (x86)\IBM\WebSphere\AppServer\java\jre\bin;C:\Program Files (x86)\IBM\WebSphere\AppClient\bin;C:\Program Files (x86)\IBM\WebSphere\AppClient\java\jre\bin;C:\Program Files (x86)\IBM\WebSphere\AppClient\java\jre\bin\j9vm;C:\ProgramData\Oracle\Java\javapath;C:\Windows\system32;C:\Windows;C:\Windows\System32\Wbem;C:\Windows\System32\WindowsPowerShell\v1.0\;C:\Program Files\MySQL\MySQL Utilities 1.6\;C:\phantomjs-2.1.1-windows\bin;C:\apache-maven-3.5.2\bin;C:\apache-maven-3.5.2\lib;C:\Program Files (x86)\IBM\WebSphere\AppServer\bin;C:\Windows\system32\config\systemprofile\AppData\Local\Microsoft\WindowsApps;.;
Orb Version = IBM Java ORB build orb80-20171023.00
Max file descriptor count = --
************* End Display Current Environment *************
