************ Start Display Current Environment ************
Host Operating System is Windows Server 2016, version 10.0
Java version = 1.8.0_151, Java Runtime Version = 8.0.5.6 - pwa6480sr5fp6-20171124_02(SR5 FP6), Java Compiler = j9jit29, Java VM name = IBM J9 VM
was.install.root = C:\Program Files (x86)\IBM\WebSphere\AppServer
user.install.root = C:\Program Files (x86)\IBM\WebSphere\AppServer\profiles\AppSrv01
Java Home = C:\Program Files (x86)\IBM\WebSphere\AppServer\java\jre
ws.ext.dirs = C:\\Program Files (x86)\\IBM\\WebSphere\\AppServer\\java\\lib;C:\\Program Files (x86)\\IBM\\WebSphere\\AppServer\\classes;C:\\Program Files (x86)\\IBM\\WebSphere\\AppServer\\lib;C:\\Program Files (x86)\\IBM\\WebSphere\\AppServer\\installedChannels;C:\\Program Files (x86)\\IBM\\WebSphere\\AppServer\\lib\\ext;C:\\Program Files (x86)\\IBM\\WebSphere\\AppServer\\web\\help;C:\\Program Files (x86)\\IBM\\WebSphere\\AppServer\\deploytool\\itp\\plugins\\com.ibm.etools.ejbdeploy\\runtime
Classpath = C:\Program Files (x86)\IBM\WebSphere\AppServer\profiles\AppSrv01\properties;C:\Program Files (x86)\IBM\WebSphere\AppServer\properties;C:\Program Files (x86)\IBM\WebSphere\AppServer\lib\startup.jar;C:\Program Files (x86)\IBM\WebSphere\AppServer\lib\bootstrap.jar;C:\Program Files (x86)\IBM\WebSphere\AppServer/lib/lmproxy.jar;C:\Program Files (x86)\IBM\WebSphere\AppServer/lib/urlprotocols.jar;C:\Program Files (x86)\IBM\WebSphere\AppServer\java\lib\tools.jar
Java Library path = C:\Program Files (x86)\IBM\WebSphere\AppServer\java\jre\bin\compressedrefs;C:\Program Files (x86)\IBM\WebSphere\AppServer\java\jre\bin;C:\Windows\system32;C:\Windows;C:\Program Files (x86)\IBM\WebSphere\AppServer\lib\native\win\x86_64;C:\Program Files (x86)\IBM\WebSphere\AppServer\bin;C:\Program Files (x86)\IBM\WebSphere\AppServer\java\bin;C:\Program Files (x86)\IBM\WebSphere\AppServer\java\jre\bin;C:\Program Files (x86)\IBM\WebSphere\AppClient\bin;C:\Program Files (x86)\IBM\WebSphere\AppClient\java\jre\bin;C:\Program Files (x86)\IBM\WebSphere\AppClient\java\jre\bin\j9vm;C:\ProgramData\Oracle\Java\javapath;C:\Windows\system32;C:\Windows;C:\Windows\System32\Wbem;C:\Windows\System32\WindowsPowerShell\v1.0\;C:\Program Files\MySQL\MySQL Utilities 1.6\;C:\phantomjs-2.1.1-windows\bin;C:\apache-maven-3.5.2\bin;C:\apache-maven-3.5.2\lib;C:\Users\vmadmin\AppData\Local\Microsoft\WindowsApps;;.
Orb Version = IBM Java ORB build orb80-20171023.00
Max file descriptor count = --
Current trace specification = *=info:com.ibm.*=all
************* End Display Current Environment *************
[3/5/18 10:07:26:855 UTC] 00000001 ManagerAdmin  I   TRAS0017I: The startup trace state is *=info:com.ibm.*=all.
[3/5/18 10:07:26:870 UTC] 00000001 WsServerContr 1   Executing executeUtilityOnWindows with args: C:\Program Files (x86)\IBM\WebSphere\AppServer\profiles\AppSrv01\config websphereQANode01Cell websphereQANode01 server1 
[3/5/18 10:07:26:870 UTC] 00000001 WsServerContr 1   Getting WindowsService obj with: server1 and C:\Program Files (x86)\IBM\WebSphere\AppServer\profiles\AppSrv01\config websphereQANode01Cell websphereQANode01 server1 
[3/5/18 10:07:26:870 UTC] 00000001 WindowsServic >  WindowsService for server server1 Entry
                                 <null>
[3/5/18 10:07:26:870 UTC] 00000001 WindowsServic >  getWindowsServiceNameForServer server1 Entry
                                 <null>
[3/5/18 10:07:26:870 UTC] 00000001 WindowsServic >  getWASServiceCmdPath  Entry
                                 <null>
[3/5/18 10:07:26:870 UTC] 00000001 WindowsServic 1   In executeCommand, args are: C:\Program Files (x86)\IBM\WebSphere\AppServer\bin\WASService.exe -getServiceName server1 -profilePath C:\Program Files (x86)\IBM\WebSphere\AppServer\profiles\AppSrv01 
[3/5/18 10:07:26:886 UTC] 00000001 WindowsServic 1   Runtime.exec() returned process java.lang.ProcessImpl@1aab7bc
[3/5/18 10:07:26:948 UTC] 00000016 WindowsServic 3   inputRec == IBMWAS85Service - websphereQANode01
[3/5/18 10:07:26:948 UTC] 00000001 WindowsServic 1   retCode from childProcess.waitFor() is 0
[3/5/18 10:07:26:948 UTC] 00000001 WindowsServic I   ADMU7714I: WASService command for server server1 completed successfully.
[3/5/18 10:07:26:948 UTC] 00000001 WindowsServic 3   exitCode = 0
[3/5/18 10:07:27:957 UTC] 00000001 WindowsServic <  getWindowsServiceNameForServer Exit
[3/5/18 10:07:27:957 UTC] 00000001 WindowsServic 1   Trying to new up WindowsService using serverName=server1, winServiceName=websphereQANode01
[3/5/18 10:07:27:957 UTC] 00000001 WindowsServic >  getServiceLogName for server1 Entry
[3/5/18 10:07:27:957 UTC] 00000001 WindowsServic >  getWASServiceCmdPath  Entry
                                 <null>
[3/5/18 10:07:27:957 UTC] 00000001 WindowsServic 1   In executeCommand, args are: C:\Program Files (x86)\IBM\WebSphere\AppServer\bin\WASService.exe -getServiceLogName server1 -profilePath C:\Program Files (x86)\IBM\WebSphere\AppServer\profiles\AppSrv01 
[3/5/18 10:07:27:973 UTC] 00000001 WindowsServic 1   Runtime.exec() returned process java.lang.ProcessImpl@1cfa372e
[3/5/18 10:07:28:022 UTC] 00000018 WindowsServic 3   inputRec == C:\Program Files (x86)\IBM\WebSphere\AppServer\profiles\AppSrv01\logs\websphereQANode01 Service.log
[3/5/18 10:07:28:022 UTC] 00000001 WindowsServic 1   retCode from childProcess.waitFor() is 0
[3/5/18 10:07:28:022 UTC] 00000001 WindowsServic I   ADMU7714I: WASService command for server server1 completed successfully.
[3/5/18 10:07:28:022 UTC] 00000001 WindowsServic 3   exitCode = 0
[3/5/18 10:07:29:028 UTC] 00000001 WindowsServic <  getServiceLogName Exit
[3/5/18 10:07:29:028 UTC] 00000001 WindowsServic <  WindowsService Exit
[3/5/18 10:07:29:028 UTC] 00000001 WindowsServic >  getServiceStatus Entry
[3/5/18 10:07:29:028 UTC] 00000001 WindowsServic >  getWASServiceCmdPath  Entry
                                 <null>
[3/5/18 10:07:29:028 UTC] 00000001 WindowsServic 1   In executeCommand, args are: C:\Program Files (x86)\IBM\WebSphere\AppServer\bin\WASService.exe -status websphereQANode01 
[3/5/18 10:07:29:043 UTC] 00000001 WindowsServic 1   Runtime.exec() returned process java.lang.ProcessImpl@47ad42f0
[3/5/18 10:07:29:106 UTC] 0000001a WindowsServic 3   inputRec == The service is stopped.
[3/5/18 10:07:29:106 UTC] 00000001 WindowsServic 1   retCode from childProcess.waitFor() is 1
[3/5/18 10:07:29:106 UTC] 00000001 WindowsServic I   ADMU7714I: WASService command for server server1 completed successfully.
[3/5/18 10:07:29:106 UTC] 00000001 WindowsServic 3   exitCode = 1
[3/5/18 10:07:29:106 UTC] 00000001 WindowsServic <  getServiceStatus Exit
[3/5/18 10:07:29:106 UTC] 00000001 WindowsServic >  getServiceStatus Entry
[3/5/18 10:07:29:106 UTC] 00000001 WindowsServic >  getWASServiceCmdPath  Entry
                                 <null>
[3/5/18 10:07:29:106 UTC] 00000001 WindowsServic 1   In executeCommand, args are: C:\Program Files (x86)\IBM\WebSphere\AppServer\bin\WASService.exe -status websphereQANode01 
[3/5/18 10:07:29:134 UTC] 00000001 WindowsServic 1   Runtime.exec() returned process java.lang.ProcessImpl@b7d906e0
[3/5/18 10:07:29:169 UTC] 0000001c WindowsServic 3   inputRec == The service is stopped.
[3/5/18 10:07:29:169 UTC] 00000001 WindowsServic 1   retCode from childProcess.waitFor() is 1
[3/5/18 10:07:29:169 UTC] 00000001 WindowsServic I   ADMU7714I: WASService command for server server1 completed successfully.
[3/5/18 10:07:29:169 UTC] 00000001 WindowsServic 3   exitCode = 1
[3/5/18 10:07:29:169 UTC] 00000001 WindowsServic <  getServiceStatus Exit
[3/5/18 10:07:29:169 UTC] 00000001 WsServerContr 1   Window service status (1=stopped, 2=started, 3=not-registred) is 1
[3/5/18 10:07:29:169 UTC] 00000001 WindowsServic >  doWASServiceAction action start Entry
                                 <null>
[3/5/18 10:07:29:169 UTC] 00000001 AdminTool     A   ADMU7701I: Because server1 is registered to run as a Windows Service, the request to start this server will be completed by starting the associated Windows Service.
[3/5/18 10:07:29:169 UTC] 00000001 WindowsServic >  getWASServiceCmdPath  Entry
                                 <null>
[3/5/18 10:07:29:169 UTC] 00000001 WindowsServic 1   In executeCommand, args are: C:\Program Files (x86)\IBM\WebSphere\AppServer\bin\WASService.exe -start websphereQANode01 
[3/5/18 10:07:29:201 UTC] 00000001 WindowsServic 1   Runtime.exec() returned process java.lang.ProcessImpl@73f2fd2c
[3/5/18 10:07:29:201 UTC] 00000020 WindowsServic 3   waitForFileExist(C:\Program Files (x86)\IBM\WebSphere\AppServer\profiles\AppSrv01\logs\websphereQANode01 Service.log)
[3/5/18 10:07:29:701 UTC] 00000020 EncodingUtils >  getProperEncoding Entry
[3/5/18 10:07:29:701 UTC] 00000020 EncodingUtils 3   System.getProperty("file.encoding") is: Cp1252
[3/5/18 10:07:29:701 UTC] 00000020 EncodingUtils >  isPlatformWindows() Entry
[3/5/18 10:07:29:701 UTC] 00000020 WindowsServic 3   *** returned readerencoding = Cp850
************ Start Display Current Environment ************
Host Operating System is Windows Server 2016, version 10.0
Java version = 1.8.0_151, Java Runtime Version = 8.0.5.6 - pwa6480sr5fp6-20171124_02(SR5 FP6), Java Compiler = j9jit29, Java VM name = IBM J9 VM
was.install.root = C:\Program Files (x86)\IBM\WebSphere\AppServer
user.install.root = C:\Program Files (x86)\IBM\WebSphere\AppServer\profiles\AppSrv01
Java Home = C:\Program Files (x86)\IBM\WebSphere\AppServer\java\jre
ws.ext.dirs = C:\\Program Files (x86)\\IBM\\WebSphere\\AppServer\\java\\lib;C:\\Program Files (x86)\\IBM\\WebSphere\\AppServer\\classes;C:\\Program Files (x86)\\IBM\\WebSphere\\AppServer\\lib;C:\\Program Files (x86)\\IBM\\WebSphere\\AppServer\\installedChannels;C:\\Program Files (x86)\\IBM\\WebSphere\\AppServer\\lib\\ext;C:\\Program Files (x86)\\IBM\\WebSphere\\AppServer\\web\\help;C:\\Program Files (x86)\\IBM\\WebSphere\\AppServer\\deploytool\\itp\\plugins\\com.ibm.etools.ejbdeploy\\runtime
Classpath = C:\Program Files (x86)\IBM\WebSphere\AppServer\profiles\AppSrv01\properties;C:\Program Files (x86)\IBM\WebSphere\AppServer\properties;C:\Program Files (x86)\IBM\WebSphere\AppServer\lib\startup.jar;C:\Program Files (x86)\IBM\WebSphere\AppServer\lib\bootstrap.jar;C:\Program Files (x86)\IBM\WebSphere\AppServer/lib/lmproxy.jar;C:\Program Files (x86)\IBM\WebSphere\AppServer/lib/urlprotocols.jar;C:\Program Files (x86)\IBM\WebSphere\AppServer\java\lib\tools.jar
Java Library path = C:\Program Files (x86)\IBM\WebSphere\AppServer\java\jre\bin\compressedrefs;C:\Program Files (x86)\IBM\WebSphere\AppServer\java\jre\bin;C:\Windows\system32;C:\Windows;C:\Program Files (x86)\IBM\WebSphere\AppServer\lib\native\win\x86_64;C:\Program Files (x86)\IBM\WebSphere\AppServer\bin;C:\Program Files (x86)\IBM\WebSphere\AppServer\java\bin;C:\Program Files (x86)\IBM\WebSphere\AppServer\java\jre\bin;C:\Windows\system32;C:\Windows;C:\Windows\System32\Wbem;C:\Windows\System32\WindowsPowerShell\v1.0\;C:\Program Files (x86)\IBM\WebSphere\AppClient\bin;C:\Program Files (x86)\IBM\WebSphere\AppClient\java\jre\bin;C:\Program Files (x86)\IBM\WebSphere\AppClient\java\jre\bin\j9vm;C:\ProgramData\Oracle\Java\javapath;C:\Program Files\MySQL\MySQL Utilities 1.6\;C:\phantomjs-2.1.1-windows\bin;C:\apache-maven-3.5.2\bin;C:\apache-maven-3.5.2\lib;C:\Windows\system32\config\systemprofile\AppData\Local\Microsoft\WindowsApps;.
Orb Version = IBM Java ORB build orb80-20171023.00
Max file descriptor count = --
Current trace specification = *=info:com.ibm.*=all
************* End Display Current Environment *************
[3/5/18 10:07:34:967 UTC] 00000001 ManagerAdmin  I   TRAS0017I: The startup trace state is *=info:com.ibm.*=all.
[3/5/18 10:07:34:982 UTC] 00000001 WsServerContr 1   Executing executeUtilityOnWindows with args: C:\Program Files (x86)\IBM\WebSphere\AppServer\profiles\AppSrv01\config websphereQANode01Cell websphereQANode01 server1 -fromWinService \\.\pipe\w6SvcPipe_2C8A3_169D4 
[3/5/18 10:07:34:982 UTC] 00000001 WsServerContr 1   invokedByWindowsService has been set to true earlier
[3/5/18 10:07:34:982 UTC] 00000001 ManagerAdmin  I   TRAS0018I: The trace state has changed. The new trace state is *=info.
[3/5/18 10:07:35:076 UTC] 00000001 AdminTool     A   ADMU0128I: Starting tool with the AppSrv01 profile
[3/5/18 10:07:35:076 UTC] 00000001 AdminTool     A   ADMU3100I: Reading configuration for server: server1
[3/5/18 10:07:35:092 UTC] 00000001 ImplFactory   W   WSVR0072W: Ignoring undeclared override of interface, com.ibm.websphere.cluster.topography.DescriptionManager, with implementation, com.ibm.ws.cluster.propagation.bulletinboard.BBDescriptionManager
[3/5/18 10:07:35:342 UTC] 00000001 ModelMgr      I   WSVR0801I: Initializing all server configuration models
[3/5/18 10:07:38:889 UTC] 00000001 WorkSpaceMana A   WKSP0500I: Workspace configuration consistency check is disabled.
[3/5/18 10:07:42:328 UTC] 00000001 AdminTool     A   ADMU3200I: Server launched. Waiting for initialization status.
[3/5/18 10:08:06:391 UTC] 00000001 AdminTool     A   ADMU3000I: Server server1 open for e-business; process id is 896
[3/5/18 10:08:06:469 UTC] 0000001e WindowsServic 3   inputRec == Starting Service: websphereQANode01
[3/5/18 10:08:06:469 UTC] 0000001e WindowsServic 3   inputRec == 
[3/5/18 10:08:06:469 UTC] 0000001e WindowsServic 3   inputRec == Successfully started service.
[3/5/18 10:08:06:469 UTC] 00000001 WindowsServic 1   retCode from childProcess.waitFor() is 0
[3/5/18 10:08:06:469 UTC] 00000001 WindowsServic I   ADMU7714I: WASService command for server server1 completed successfully.
[3/5/18 10:08:06:469 UTC] 00000001 WindowsServic 3   -- interrupt the thread that is collecting stdout
[3/5/18 10:08:07:469 UTC] 00000020 WindowsServic 3   readAndDisplayServiceLogFile(), caught InterruptedException
[3/5/18 10:08:07:469 UTC] 00000001 WindowsServic 3   exitCode = 0
[3/5/18 10:08:07:469 UTC] 00000001 WindowsServic <  doWASServiceAction Exit
************ Start Display Current Environment ************
Host Operating System is Windows Server 2016, version 10.0
Java version = 1.8.0_151, Java Runtime Version = 8.0.5.6 - pwa6480sr5fp6-20171124_02(SR5 FP6), Java Compiler = j9jit29, Java VM name = IBM J9 VM
was.install.root = C:\Program Files (x86)\IBM\WebSphere\AppServer
user.install.root = C:\Program Files (x86)\IBM\WebSphere\AppServer\profiles\AppSrv01
Java Home = C:\Program Files (x86)\IBM\WebSphere\AppServer\java\jre
ws.ext.dirs = C:\\Program Files (x86)\\IBM\\WebSphere\\AppServer\\java\\lib;C:\\Program Files (x86)\\IBM\\WebSphere\\AppServer\\classes;C:\\Program Files (x86)\\IBM\\WebSphere\\AppServer\\lib;C:\\Program Files (x86)\\IBM\\WebSphere\\AppServer\\installedChannels;C:\\Program Files (x86)\\IBM\\WebSphere\\AppServer\\lib\\ext;C:\\Program Files (x86)\\IBM\\WebSphere\\AppServer\\web\\help;C:\\Program Files (x86)\\IBM\\WebSphere\\AppServer\\deploytool\\itp\\plugins\\com.ibm.etools.ejbdeploy\\runtime
Classpath = C:\Program Files (x86)\IBM\WebSphere\AppServer\profiles\AppSrv01\properties;C:\Program Files (x86)\IBM\WebSphere\AppServer\properties;C:\Program Files (x86)\IBM\WebSphere\AppServer\lib\startup.jar;C:\Program Files (x86)\IBM\WebSphere\AppServer\lib\bootstrap.jar;C:\Program Files (x86)\IBM\WebSphere\AppServer/lib/lmproxy.jar;C:\Program Files (x86)\IBM\WebSphere\AppServer/lib/urlprotocols.jar;C:\Program Files (x86)\IBM\WebSphere\AppServer\java\lib\tools.jar
Java Library path = C:\Program Files (x86)\IBM\WebSphere\AppServer\java\jre\bin\compressedrefs;C:\Program Files (x86)\IBM\WebSphere\AppServer\java\jre\bin;C:\Windows\system32;C:\Windows;C:\Program Files (x86)\IBM\WebSphere\AppServer\lib\native\win\x86_64;C:\Program Files (x86)\IBM\WebSphere\AppServer\bin;C:\Program Files (x86)\IBM\WebSphere\AppServer\java\bin;C:\Program Files (x86)\IBM\WebSphere\AppServer\java\jre\bin;C:\Program Files (x86)\IBM\WebSphere\AppClient\bin;C:\Program Files (x86)\IBM\WebSphere\AppClient\java\jre\bin;C:\Program Files (x86)\IBM\WebSphere\AppClient\java\jre\bin\j9vm;C:\ProgramData\Oracle\Java\javapath;C:\Windows\system32;C:\Windows;C:\Windows\System32\Wbem;C:\Windows\System32\WindowsPowerShell\v1.0\;C:\Program Files\MySQL\MySQL Utilities 1.6\;C:\phantomjs-2.1.1-windows\bin;C:\apache-maven-3.5.2\bin;C:\apache-maven-3.5.2\lib;C:\Windows\system32\config\systemprofile\AppData\Local\Microsoft\WindowsApps;.
Orb Version = IBM Java ORB build orb80-20171023.00
Max file descriptor count = --
Current trace specification = *=info:com.ibm.*=all
************* End Display Current Environment *************
[3/5/18 12:05:40:773 UTC] 00000001 ManagerAdmin  I   TRAS0017I: The startup trace state is *=info:com.ibm.*=all.
[3/5/18 12:05:40:789 UTC] 00000001 WsServerContr 1   Executing executeUtilityOnWindows with args: C:\Program Files (x86)\IBM\WebSphere\AppServer\profiles\AppSrv01\config websphereQANode01Cell websphereQANode01 server1 -fromWinService \\.\pipe\w6SvcPipe_2C8A3_169D4 
[3/5/18 12:05:40:789 UTC] 00000001 WsServerContr 1   invokedByWindowsService has been set to true earlier
[3/5/18 12:05:40:789 UTC] 00000001 ManagerAdmin  I   TRAS0018I: The trace state has changed. The new trace state is *=info.
[3/5/18 12:05:41:088 UTC] 00000001 AdminTool     A   ADMU0128I: Starting tool with the AppSrv01 profile
[3/5/18 12:05:41:088 UTC] 00000001 AdminTool     A   ADMU3100I: Reading configuration for server: server1
[3/5/18 12:05:41:166 UTC] 00000001 ImplFactory   W   WSVR0072W: Ignoring undeclared override of interface, com.ibm.websphere.cluster.topography.DescriptionManager, with implementation, com.ibm.ws.cluster.propagation.bulletinboard.BBDescriptionManager
[3/5/18 12:05:42:353 UTC] 00000001 ModelMgr      I   WSVR0801I: Initializing all server configuration models
[3/5/18 12:05:48:213 UTC] 00000001 WorkSpaceMana A   WKSP0500I: Workspace configuration consistency check is disabled.
[3/5/18 12:05:52:805 UTC] 00000001 AdminTool     A   ADMU3200I: Server launched. Waiting for initialization status.
[3/5/18 12:06:37:419 UTC] 00000001 AdminTool     A   ADMU3000I: Server server1 open for e-business; process id is 6596
************ Start Display Current Environment ************
Host Operating System is Windows Server 2016, version 10.0
Java version = 1.8.0_151, Java Runtime Version = 8.0.5.6 - pwa6480sr5fp6-20171124_02(SR5 FP6), Java Compiler = j9jit29, Java VM name = IBM J9 VM
was.install.root = C:\Program Files (x86)\IBM\WebSphere\AppServer
user.install.root = C:\Program Files (x86)\IBM\WebSphere\AppServer\profiles\AppSrv01
Java Home = C:\Program Files (x86)\IBM\WebSphere\AppServer\java\jre
ws.ext.dirs = C:\\Program Files (x86)\\IBM\\WebSphere\\AppServer\\java\\lib;C:\\Program Files (x86)\\IBM\\WebSphere\\AppServer\\classes;C:\\Program Files (x86)\\IBM\\WebSphere\\AppServer\\lib;C:\\Program Files (x86)\\IBM\\WebSphere\\AppServer\\installedChannels;C:\\Program Files (x86)\\IBM\\WebSphere\\AppServer\\lib\\ext;C:\\Program Files (x86)\\IBM\\WebSphere\\AppServer\\web\\help;C:\\Program Files (x86)\\IBM\\WebSphere\\AppServer\\deploytool\\itp\\plugins\\com.ibm.etools.ejbdeploy\\runtime
Classpath = C:\Program Files (x86)\IBM\WebSphere\AppServer\profiles\AppSrv01\properties;C:\Program Files (x86)\IBM\WebSphere\AppServer\properties;C:\Program Files (x86)\IBM\WebSphere\AppServer\lib\startup.jar;C:\Program Files (x86)\IBM\WebSphere\AppServer\lib\bootstrap.jar;C:\Program Files (x86)\IBM\WebSphere\AppServer/lib/lmproxy.jar;C:\Program Files (x86)\IBM\WebSphere\AppServer/lib/urlprotocols.jar;C:\Program Files (x86)\IBM\WebSphere\AppServer\java\lib\tools.jar
Java Library path = C:\Program Files (x86)\IBM\WebSphere\AppServer\java\jre\bin\compressedrefs;C:\Program Files (x86)\IBM\WebSphere\AppServer\java\jre\bin;C:\Windows\system32;C:\Windows;C:\Program Files (x86)\IBM\WebSphere\AppServer\lib\native\win\x86_64;C:\Program Files (x86)\IBM\WebSphere\AppServer\bin;C:\Program Files (x86)\IBM\WebSphere\AppServer\java\bin;C:\Program Files (x86)\IBM\WebSphere\AppServer\java\jre\bin;C:\Program Files (x86)\IBM\WebSphere\AppClient\bin;C:\Program Files (x86)\IBM\WebSphere\AppClient\java\jre\bin;C:\Program Files (x86)\IBM\WebSphere\AppClient\java\jre\bin\j9vm;C:\ProgramData\Oracle\Java\javapath;C:\Windows\system32;C:\Windows;C:\Windows\System32\Wbem;C:\Windows\System32\WindowsPowerShell\v1.0\;C:\Program Files\MySQL\MySQL Utilities 1.6\;C:\phantomjs-2.1.1-windows\bin;C:\apache-maven-3.5.2\bin;C:\apache-maven-3.5.2\lib;C:\Program Files (x86)\IBM\WebSphere\AppServer\bin;C:\Windows\system32\config\systemprofile\AppData\Local\Microsoft\WindowsApps;.
Orb Version = IBM Java ORB build orb80-20171023.00
Max file descriptor count = --
Current trace specification = *=info:com.ibm.*=all
************* End Display Current Environment *************
[3/6/18 1:38:36:635 UTC] 00000001 ManagerAdmin  I   TRAS0017I: The startup trace state is *=info:com.ibm.*=all.
[3/6/18 1:38:36:651 UTC] 00000001 WsServerContr 1   Executing executeUtilityOnWindows with args: C:\Program Files (x86)\IBM\WebSphere\AppServer\profiles\AppSrv01\config websphereQANode01Cell websphereQANode01 server1 -fromWinService \\.\pipe\w6SvcPipe_2C8A3_169D4 
[3/6/18 1:38:36:651 UTC] 00000001 WsServerContr 1   invokedByWindowsService has been set to true earlier
[3/6/18 1:38:36:651 UTC] 00000001 ManagerAdmin  I   TRAS0018I: The trace state has changed. The new trace state is *=info.
[3/6/18 1:38:37:119 UTC] 00000001 AdminTool     A   ADMU0128I: Starting tool with the AppSrv01 profile
[3/6/18 1:38:37:119 UTC] 00000001 AdminTool     A   ADMU3100I: Reading configuration for server: server1
[3/6/18 1:38:37:213 UTC] 00000001 ImplFactory   W   WSVR0072W: Ignoring undeclared override of interface, com.ibm.websphere.cluster.topography.DescriptionManager, with implementation, com.ibm.ws.cluster.propagation.bulletinboard.BBDescriptionManager
[3/6/18 1:38:38:432 UTC] 00000001 ModelMgr      I   WSVR0801I: Initializing all server configuration models
[3/6/18 1:38:44:234 UTC] 00000001 WorkSpaceMana A   WKSP0500I: Workspace configuration consistency check is disabled.
[3/6/18 1:38:49:805 UTC] 00000001 AdminTool     A   ADMU3200I: Server launched. Waiting for initialization status.
[3/6/18 1:39:37:381 UTC] 00000001 AdminTool     A   ADMU3000I: Server server1 open for e-business; process id is 6368
