************ Start Display Current Environment ************
Host Operating System is Windows Server 2016, version 10.0
Java version = 1.8.0_151, Java Runtime Version = 8.0.5.6 - pwa6480sr5fp6-20171124_02(SR5 FP6), Java Compiler = j9jit29, Java VM name = IBM J9 VM
was.install.root = C:\Program Files (x86)\IBM\WebSphere\AppServer
user.install.root = C:\Program Files (x86)\IBM\WebSphere\AppServer\profiles\AppSrv01
Java Home = C:\Program Files (x86)\IBM\WebSphere\AppServer\java\jre
ws.ext.dirs = C:\\Program Files (x86)\\IBM\\WebSphere\\AppServer\\java\\lib;C:\\Program Files (x86)\\IBM\\WebSphere\\AppServer\\classes;C:\\Program Files (x86)\\IBM\\WebSphere\\AppServer\\lib;C:\\Program Files (x86)\\IBM\\WebSphere\\AppServer\\installedChannels;C:\\Program Files (x86)\\IBM\\WebSphere\\AppServer\\lib\\ext;C:\\Program Files (x86)\\IBM\\WebSphere\\AppServer\\web\\help;C:\\Program Files (x86)\\IBM\\WebSphere\\AppServer\\deploytool\\itp\\plugins\\com.ibm.etools.ejbdeploy\\runtime
Classpath = C:\Program Files (x86)\IBM\WebSphere\AppServer\profiles\AppSrv01\properties;C:\Program Files (x86)\IBM\WebSphere\AppServer\properties;C:\Program Files (x86)\IBM\WebSphere\AppServer\lib\startup.jar;C:\Program Files (x86)\IBM\WebSphere\AppServer\lib\bootstrap.jar;C:\Program Files (x86)\IBM\WebSphere\AppServer/lib/lmproxy.jar;C:\Program Files (x86)\IBM\WebSphere\AppServer/lib/urlprotocols.jar;C:\Program Files (x86)\IBM\WebSphere\AppServer\java\lib\tools.jar
Java Library path = C:\Program Files (x86)\IBM\WebSphere\AppServer\java\jre\bin\compressedrefs;C:\Program Files (x86)\IBM\WebSphere\AppServer\java\jre\bin;C:\Windows\system32;C:\Windows;C:\Program Files (x86)\IBM\WebSphere\AppServer\lib\native\win\x86_64;C:\Program Files (x86)\IBM\WebSphere\AppServer\bin;C:\Program Files (x86)\IBM\WebSphere\AppServer\java\bin;C:\Program Files (x86)\IBM\WebSphere\AppServer\java\jre\bin;C:\Windows\system32;C:\Windows;C:\Windows\System32\Wbem;C:\Windows\System32\WindowsPowerShell\v1.0\;C:\Program Files (x86)\IBM\WebSphere\AppClient\bin;C:\Program Files (x86)\IBM\WebSphere\AppClient\java\jre\bin;C:\Program Files (x86)\IBM\WebSphere\AppClient\java\jre\bin\j9vm;C:\ProgramData\Oracle\Java\javapath;C:\Program Files\MySQL\MySQL Utilities 1.6\;C:\phantomjs-2.1.1-windows\bin;C:\apache-maven-3.5.2\bin;C:\apache-maven-3.5.2\lib;C:\Windows\system32\config\systemprofile\AppData\Local\Microsoft\WindowsApps;.
Orb Version = IBM Java ORB build orb80-20171023.00
Max file descriptor count = --
Current trace specification = *=info:com.ibm.*=all
************* End Display Current Environment *************
[3/5/18 12:00:13:338 UTC] 00000001 ManagerAdmin  I   TRAS0017I: The startup trace state is *=info:com.ibm.*=all.
[3/5/18 12:00:13:354 UTC] 00000001 WsServerContr 1   Executing executeUtilityOnWindows with args: C:\Program Files (x86)\IBM\WebSphere\AppServer\profiles\AppSrv01\config websphereQANode01Cell websphereQANode01 server1 -fromWinService \\.\pipe\w6SvcPipe_2C8A3_169D4 -username vmadmin -password  ******** 
[3/5/18 12:00:13:354 UTC] 00000001 WsServerContr 1   invokedByWindowsService has been set to true earlier
[3/5/18 12:00:13:354 UTC] 00000001 ManagerAdmin  I   TRAS0018I: The trace state has changed. The new trace state is *=info.
[3/5/18 12:00:13:417 UTC] 00000001 AdminTool     A   ADMU0128I: Starting tool with the AppSrv01 profile
[3/5/18 12:00:13:417 UTC] 00000001 AdminTool     A   ADMU3100I: Reading configuration for server: server1
[3/5/18 12:00:13:448 UTC] 00000001 ModelMgr      I   WSVR0801I: Initializing all server configuration models
************ Start Display Current Environment ************
Host Operating System is Windows Server 2016, version 10.0
Java version = 1.8.0_151, Java Runtime Version = 8.0.5.6 - pwa6480sr5fp6-20171124_02(SR5 FP6), Java Compiler = j9jit29, Java VM name = IBM J9 VM
was.install.root = C:\Program Files (x86)\IBM\WebSphere\AppServer
user.install.root = C:\Program Files (x86)\IBM\WebSphere\AppServer\profiles\AppSrv01
Java Home = C:\Program Files (x86)\IBM\WebSphere\AppServer\java\jre
ws.ext.dirs = C:\\Program Files (x86)\\IBM\\WebSphere\\AppServer\\java\\lib;C:\\Program Files (x86)\\IBM\\WebSphere\\AppServer\\classes;C:\\Program Files (x86)\\IBM\\WebSphere\\AppServer\\lib;C:\\Program Files (x86)\\IBM\\WebSphere\\AppServer\\installedChannels;C:\\Program Files (x86)\\IBM\\WebSphere\\AppServer\\lib\\ext;C:\\Program Files (x86)\\IBM\\WebSphere\\AppServer\\web\\help;C:\\Program Files (x86)\\IBM\\WebSphere\\AppServer\\deploytool\\itp\\plugins\\com.ibm.etools.ejbdeploy\\runtime
Classpath = C:\Program Files (x86)\IBM\WebSphere\AppServer\profiles\AppSrv01\properties;C:\Program Files (x86)\IBM\WebSphere\AppServer\properties;C:\Program Files (x86)\IBM\WebSphere\AppServer\lib\startup.jar;C:\Program Files (x86)\IBM\WebSphere\AppServer\lib\bootstrap.jar;C:\Program Files (x86)\IBM\WebSphere\AppServer/lib/lmproxy.jar;C:\Program Files (x86)\IBM\WebSphere\AppServer/lib/urlprotocols.jar;C:\Program Files (x86)\IBM\WebSphere\AppServer\java\lib\tools.jar
Java Library path = C:\Program Files (x86)\IBM\WebSphere\AppServer\java\jre\bin\compressedrefs;C:\Program Files (x86)\IBM\WebSphere\AppServer\java\jre\bin;C:\Windows\system32;C:\Windows;C:\Program Files (x86)\IBM\WebSphere\AppServer\lib\native\win\x86_64;C:\Program Files (x86)\IBM\WebSphere\AppServer\bin;C:\Program Files (x86)\IBM\WebSphere\AppServer\java\bin;C:\Program Files (x86)\IBM\WebSphere\AppServer\java\jre\bin;C:\Program Files (x86)\IBM\WebSphere\AppClient\bin;C:\Program Files (x86)\IBM\WebSphere\AppClient\java\jre\bin;C:\Program Files (x86)\IBM\WebSphere\AppClient\java\jre\bin\j9vm;C:\ProgramData\Oracle\Java\javapath;C:\Windows\system32;C:\Windows;C:\Windows\System32\Wbem;C:\Windows\System32\WindowsPowerShell\v1.0\;C:\Program Files\MySQL\MySQL Utilities 1.6\;C:\phantomjs-2.1.1-windows\bin;C:\apache-maven-3.5.2\bin;C:\apache-maven-3.5.2\lib;C:\Windows\system32\config\systemprofile\AppData\Local\Microsoft\WindowsApps;.
Orb Version = IBM Java ORB build orb80-20171023.00
Max file descriptor count = --
Current trace specification = *=info:com.ibm.*=all
************* End Display Current Environment *************
[3/5/18 13:04:43:103 UTC] 00000001 ManagerAdmin  I   TRAS0017I: The startup trace state is *=info:com.ibm.*=all.
[3/5/18 13:04:43:134 UTC] 00000001 WsServerContr 1   Executing executeUtilityOnWindows with args: C:\Program Files (x86)\IBM\WebSphere\AppServer\profiles\AppSrv01\config websphereQANode01Cell websphereQANode01 server1 -fromWinService \\.\pipe\w6SvcPipe_2C8A3_169D4 -username vmadmin -password  ******** 
[3/5/18 13:04:43:134 UTC] 00000001 WsServerContr 1   invokedByWindowsService has been set to true earlier
[3/5/18 13:04:43:134 UTC] 00000001 ManagerAdmin  I   TRAS0018I: The trace state has changed. The new trace state is *=info.
[3/5/18 13:04:43:290 UTC] 00000001 AdminTool     A   ADMU0128I: Starting tool with the AppSrv01 profile
[3/5/18 13:04:43:290 UTC] 00000001 AdminTool     A   ADMU3100I: Reading configuration for server: server1
[3/5/18 13:04:43:321 UTC] 00000001 ModelMgr      I   WSVR0801I: Initializing all server configuration models
************ Start Display Current Environment ************
Host Operating System is Windows Server 2016, version 10.0
Java version = 1.8.0_151, Java Runtime Version = 8.0.5.6 - pwa6480sr5fp6-20171124_02(SR5 FP6), Java Compiler = j9jit29, Java VM name = IBM J9 VM
was.install.root = C:\Program Files (x86)\IBM\WebSphere\AppServer
user.install.root = C:\Program Files (x86)\IBM\WebSphere\AppServer\profiles\AppSrv01
Java Home = C:\Program Files (x86)\IBM\WebSphere\AppServer\java\jre
ws.ext.dirs = C:\\Program Files (x86)\\IBM\\WebSphere\\AppServer\\java\\lib;C:\\Program Files (x86)\\IBM\\WebSphere\\AppServer\\classes;C:\\Program Files (x86)\\IBM\\WebSphere\\AppServer\\lib;C:\\Program Files (x86)\\IBM\\WebSphere\\AppServer\\installedChannels;C:\\Program Files (x86)\\IBM\\WebSphere\\AppServer\\lib\\ext;C:\\Program Files (x86)\\IBM\\WebSphere\\AppServer\\web\\help;C:\\Program Files (x86)\\IBM\\WebSphere\\AppServer\\deploytool\\itp\\plugins\\com.ibm.etools.ejbdeploy\\runtime
Classpath = C:\Program Files (x86)\IBM\WebSphere\AppServer\profiles\AppSrv01\properties;C:\Program Files (x86)\IBM\WebSphere\AppServer\properties;C:\Program Files (x86)\IBM\WebSphere\AppServer\lib\startup.jar;C:\Program Files (x86)\IBM\WebSphere\AppServer\lib\bootstrap.jar;C:\Program Files (x86)\IBM\WebSphere\AppServer/lib/lmproxy.jar;C:\Program Files (x86)\IBM\WebSphere\AppServer/lib/urlprotocols.jar;C:\Program Files (x86)\IBM\WebSphere\AppServer\java\lib\tools.jar
Java Library path = C:\Program Files (x86)\IBM\WebSphere\AppServer\java\jre\bin\compressedrefs;C:\Program Files (x86)\IBM\WebSphere\AppServer\java\jre\bin;C:\Windows\system32;C:\Windows;C:\Program Files (x86)\IBM\WebSphere\AppServer\lib\native\win\x86_64;C:\Program Files (x86)\IBM\WebSphere\AppServer\bin;C:\Program Files (x86)\IBM\WebSphere\AppServer\java\bin;C:\Program Files (x86)\IBM\WebSphere\AppServer\java\jre\bin;C:\Program Files (x86)\IBM\WebSphere\AppClient\bin;C:\Program Files (x86)\IBM\WebSphere\AppClient\java\jre\bin;C:\Program Files (x86)\IBM\WebSphere\AppClient\java\jre\bin\j9vm;C:\ProgramData\Oracle\Java\javapath;C:\Windows\system32;C:\Windows;C:\Windows\System32\Wbem;C:\Windows\System32\WindowsPowerShell\v1.0\;C:\Program Files\MySQL\MySQL Utilities 1.6\;C:\phantomjs-2.1.1-windows\bin;C:\apache-maven-3.5.2\bin;C:\apache-maven-3.5.2\lib;C:\Program Files (x86)\IBM\WebSphere\AppServer\bin;C:\Windows\system32\config\systemprofile\AppData\Local\Microsoft\WindowsApps;.
Orb Version = IBM Java ORB build orb80-20171023.00
Max file descriptor count = --
Current trace specification = *=info:com.ibm.*=all
************* End Display Current Environment *************
[3/6/18 7:32:24:132 UTC] 00000001 ManagerAdmin  I   TRAS0017I: The startup trace state is *=info:com.ibm.*=all.
[3/6/18 7:32:24:148 UTC] 00000001 WsServerContr 1   Executing executeUtilityOnWindows with args: C:\Program Files (x86)\IBM\WebSphere\AppServer\profiles\AppSrv01\config websphereQANode01Cell websphereQANode01 server1 -fromWinService \\.\pipe\w6SvcPipe_2C8A3_169D4 -username vmadmin -password  ******** 
[3/6/18 7:32:24:148 UTC] 00000001 WsServerContr 1   invokedByWindowsService has been set to true earlier
[3/6/18 7:32:24:148 UTC] 00000001 ManagerAdmin  I   TRAS0018I: The trace state has changed. The new trace state is *=info.
[3/6/18 7:32:24:304 UTC] 00000001 AdminTool     A   ADMU0128I: Starting tool with the AppSrv01 profile
[3/6/18 7:32:24:304 UTC] 00000001 AdminTool     A   ADMU3100I: Reading configuration for server: server1
[3/6/18 7:32:24:336 UTC] 00000001 ModelMgr      I   WSVR0801I: Initializing all server configuration models
