************ Start Display Current Environment ************
Log file started at: [3/5/18 10:07:45:752 UTC]
************* End Display Current Environment *************
[3/5/18 10:15:06:233 UTC] 000000a6 SystemErr     R com.mysql.jdbc.exceptions.jdbc4.MySQLSyntaxErrorException: Unknown database 'myshuttledb'
[3/5/18 10:15:06:233 UTC] 000000a6 SystemErr     R 	at sun.reflect.NativeConstructorAccessorImpl.newInstance0(Native Method)
[3/5/18 10:15:06:233 UTC] 000000a6 SystemErr     R 	at sun.reflect.NativeConstructorAccessorImpl.newInstance(NativeConstructorAccessorImpl.java:83)
[3/5/18 10:15:06:233 UTC] 000000a6 SystemErr     R 	at sun.reflect.DelegatingConstructorAccessorImpl.newInstance(DelegatingConstructorAccessorImpl.java:57)
[3/5/18 10:15:06:233 UTC] 000000a6 SystemErr     R 	at java.lang.reflect.Constructor.newInstance(Constructor.java:437)
[3/5/18 10:15:06:233 UTC] 000000a6 SystemErr     R 	at com.mysql.jdbc.Util.handleNewInstance(Util.java:400)
[3/5/18 10:15:06:233 UTC] 000000a6 SystemErr     R 	at com.mysql.jdbc.Util.getInstance(Util.java:383)
[3/5/18 10:15:06:233 UTC] 000000a6 SystemErr     R 	at com.mysql.jdbc.SQLError.createSQLException(SQLError.java:980)
[3/5/18 10:15:06:233 UTC] 000000a6 SystemErr     R 	at com.mysql.jdbc.MysqlIO.checkErrorPacket(MysqlIO.java:3847)
[3/5/18 10:15:06:233 UTC] 000000a6 SystemErr     R 	at com.mysql.jdbc.MysqlIO.checkErrorPacket(MysqlIO.java:3783)
[3/5/18 10:15:06:233 UTC] 000000a6 SystemErr     R 	at com.mysql.jdbc.MysqlIO.checkErrorPacket(MysqlIO.java:871)
[3/5/18 10:15:06:233 UTC] 000000a6 SystemErr     R 	at com.mysql.jdbc.MysqlIO.proceedHandshakeWithPluggableAuthentication(MysqlIO.java:1665)
[3/5/18 10:15:06:233 UTC] 000000a6 SystemErr     R 	at com.mysql.jdbc.MysqlIO.doHandshake(MysqlIO.java:1207)
[3/5/18 10:15:06:233 UTC] 000000a6 SystemErr     R 	at com.mysql.jdbc.ConnectionImpl.coreConnect(ConnectionImpl.java:2249)
[3/5/18 10:15:06:233 UTC] 000000a6 SystemErr     R 	at com.mysql.jdbc.ConnectionImpl.connectOneTryOnly(ConnectionImpl.java:2280)
[3/5/18 10:15:06:233 UTC] 000000a6 SystemErr     R 	at com.mysql.jdbc.ConnectionImpl.createNewIO(ConnectionImpl.java:2079)
[3/5/18 10:15:06:233 UTC] 000000a6 SystemErr     R 	at com.mysql.jdbc.ConnectionImpl.<init>(ConnectionImpl.java:794)
[3/5/18 10:15:06:233 UTC] 000000a6 SystemErr     R 	at com.mysql.jdbc.JDBC4Connection.<init>(JDBC4Connection.java:44)
[3/5/18 10:15:06:233 UTC] 000000a6 SystemErr     R 	at sun.reflect.NativeConstructorAccessorImpl.newInstance0(Native Method)
[3/5/18 10:15:06:233 UTC] 000000a6 SystemErr     R 	at sun.reflect.NativeConstructorAccessorImpl.newInstance(NativeConstructorAccessorImpl.java:83)
[3/5/18 10:15:06:233 UTC] 000000a6 SystemErr     R 	at sun.reflect.DelegatingConstructorAccessorImpl.newInstance(DelegatingConstructorAccessorImpl.java:57)
[3/5/18 10:15:06:233 UTC] 000000a6 SystemErr     R 	at java.lang.reflect.Constructor.newInstance(Constructor.java:437)
[3/5/18 10:15:06:233 UTC] 000000a6 SystemErr     R 	at com.mysql.jdbc.Util.handleNewInstance(Util.java:400)
[3/5/18 10:15:06:233 UTC] 000000a6 SystemErr     R 	at com.mysql.jdbc.ConnectionImpl.getInstance(ConnectionImpl.java:399)
[3/5/18 10:15:06:233 UTC] 000000a6 SystemErr     R 	at com.mysql.jdbc.NonRegisteringDriver.connect(NonRegisteringDriver.java:325)
[3/5/18 10:15:06:233 UTC] 000000a6 SystemErr     R 	at java.sql.DriverManager.getConnection(DriverManager.java:675)
[3/5/18 10:15:06:233 UTC] 000000a6 SystemErr     R 	at java.sql.DriverManager.getConnection(DriverManager.java:258)
[3/5/18 10:15:06:233 UTC] 000000a6 SystemErr     R 	at com.microsoft.example.DataAccess.<clinit>(DataAccess.java:42)
[3/5/18 10:15:06:233 UTC] 000000a6 SystemErr     R 	at com.microsoft.example.servlet.LoginServlet.doPost(LoginServlet.java:23)
[3/5/18 10:15:06:233 UTC] 000000a6 SystemErr     R 	at javax.servlet.http.HttpServlet.service(HttpServlet.java:595)
[3/5/18 10:15:06:233 UTC] 000000a6 SystemErr     R 	at javax.servlet.http.HttpServlet.service(HttpServlet.java:668)
[3/5/18 10:15:06:233 UTC] 000000a6 SystemErr     R 	at com.ibm.ws.webcontainer.servlet.ServletWrapper.service(ServletWrapper.java:1233)
[3/5/18 10:15:06:233 UTC] 000000a6 SystemErr     R 	at com.ibm.ws.webcontainer.servlet.ServletWrapper.handleRequest(ServletWrapper.java:782)
[3/5/18 10:15:06:233 UTC] 000000a6 SystemErr     R 	at com.ibm.ws.webcontainer.servlet.ServletWrapper.handleRequest(ServletWrapper.java:481)
[3/5/18 10:15:06:233 UTC] 000000a6 SystemErr     R 	at com.ibm.ws.webcontainer.servlet.ServletWrapperImpl.handleRequest(ServletWrapperImpl.java:178)
[3/5/18 10:15:06:233 UTC] 000000a6 SystemErr     R 	at com.ibm.ws.webcontainer.filter.WebAppFilterManager.invokeFilters(WebAppFilterManager.java:1114)
[3/5/18 10:15:06:233 UTC] 000000a6 SystemErr     R 	at com.ibm.ws.webcontainer.webapp.WebApp.handleRequest(WebApp.java:4028)
[3/5/18 10:15:06:233 UTC] 000000a6 SystemErr     R 	at com.ibm.ws.webcontainer.webapp.WebGroup.handleRequest(WebGroup.java:304)
[3/5/18 10:15:06:233 UTC] 000000a6 SystemErr     R 	at com.ibm.ws.webcontainer.WebContainer.handleRequest(WebContainer.java:1016)
[3/5/18 10:15:06:233 UTC] 000000a6 SystemErr     R 	at com.ibm.ws.webcontainer.WSWebContainer.handleRequest(WSWebContainer.java:1817)
[3/5/18 10:15:06:233 UTC] 000000a6 SystemErr     R 	at com.ibm.ws.webcontainer.channel.WCChannelLink.ready(WCChannelLink.java:200)
[3/5/18 10:15:06:233 UTC] 000000a6 SystemErr     R 	at com.ibm.ws.http.channel.inbound.impl.HttpInboundLink.handleDiscrimination(HttpInboundLink.java:463)
[3/5/18 10:15:06:233 UTC] 000000a6 SystemErr     R 	at com.ibm.ws.http.channel.inbound.impl.HttpInboundLink.handleNewRequest(HttpInboundLink.java:530)
[3/5/18 10:15:06:233 UTC] 000000a6 SystemErr     R 	at com.ibm.ws.http.channel.inbound.impl.HttpInboundLink.processRequest(HttpInboundLink.java:316)
[3/5/18 10:15:06:233 UTC] 000000a6 SystemErr     R 	at com.ibm.ws.http.channel.inbound.impl.HttpICLReadCallback.complete(HttpICLReadCallback.java:88)
[3/5/18 10:15:06:233 UTC] 000000a6 SystemErr     R 	at com.ibm.ws.tcp.channel.impl.AioReadCompletionListener.futureCompleted(AioReadCompletionListener.java:175)
[3/5/18 10:15:06:233 UTC] 000000a6 SystemErr     R 	at com.ibm.io.async.AbstractAsyncFuture.invokeCallback(AbstractAsyncFuture.java:217)
[3/5/18 10:15:06:233 UTC] 000000a6 SystemErr     R 	at com.ibm.io.async.AsyncChannelFuture.fireCompletionActions(AsyncChannelFuture.java:161)
[3/5/18 10:15:06:233 UTC] 000000a6 SystemErr     R 	at com.ibm.io.async.AsyncFuture.completed(AsyncFuture.java:138)
[3/5/18 10:15:06:233 UTC] 000000a6 SystemErr     R 	at com.ibm.io.async.ResultHandler.complete(ResultHandler.java:204)
[3/5/18 10:15:06:233 UTC] 000000a6 SystemErr     R 	at com.ibm.io.async.ResultHandler.runEventProcessingLoop(ResultHandler.java:775)
[3/5/18 10:15:06:233 UTC] 000000a6 SystemErr     R 	at com.ibm.io.async.ResultHandler$2.run(ResultHandler.java:905)
[3/5/18 10:15:06:233 UTC] 000000a6 SystemErr     R 	at com.ibm.ws.util.ThreadPool$Worker.run(ThreadPool.java:1892)
