<?xml version="1.0" encoding="windows-1252" standalone="no"?>
<!DOCTYPE log SYSTEM "logger.dtd">
<log>
<record>
  <date>2018-03-05T10:07:08</date>
  <millis>1520244428680</millis>
  <sequence>445</sequence>
  <logger>com.ibm.ws.postinstall</logger>
  <level>INFO</level>
  <class>com.ibm.ws.postinstall.LaunchUnifiedPostInstaller</class>
  <method>runPostinstaller</method>
  <thread>1</thread>
  <message>-WS_PI_ACTION_REGISTRY_EXTENSION was not specified. Using default value C:\Program Files (x86)\IBM\WebSphere\AppServer\properties\postinstall\registryExtension.xml
-DELTA_ACTION_REGISTRY was not specified. Using default value C:\Program Files (x86)\IBM\WebSphere\AppServer\profiles\AppSrv01\properties\service\productDir\PostConfigActions\deltaActionRegistry.xml
</message>
</record>
<record>
  <date>2018-03-05T10:07:08</date>
  <millis>1520244428680</millis>
  <sequence>446</sequence>
  <logger>com.ibm.ws.postinstall</logger>
  <level>INFO</level>
  <class>com.ibm.ws.postinstall.LaunchUnifiedPostInstaller</class>
  <method>writeParamsToLog</method>
  <thread>1</thread>
  <message>Parameters are:  -PROFILE_MASTER_ACTION_REGISTRY  =  C:\Program Files (x86)\IBM\WebSphere\AppServer/properties/service/productDir/PostConfigActions/service/masterActionRegistry.xml
-MASTER_ACTION_REGISTRY  =  C:\Program Files (x86)\IBM\WebSphere\AppServer/properties/postinstall/masterRegistry.xml
-WS_CMT_LOG_HOME  =  C:\Program Files (x86)\IBM\WebSphere\AppServer\profiles\AppSrv01/properties/service/productDir/PostConfigActions/logs
-WS_PI_ACTION_REGISTRY_EXTENSION  =  C:\Program Files (x86)\IBM\WebSphere\AppServer\properties\postinstall\registryExtension.xml
-SUB_ACTION_REGISTRY  =  C:\Program Files (x86)\IBM\WebSphere\AppServer/properties/postinstall/masterRegistry.xml
-PROFILE_SUB_ACTION_REGISTRY  =  C:\Program Files (x86)\IBM\WebSphere\AppServer\profiles\AppSrv01/properties/service/productDir/PostConfigActions/cacheActionRegistry.xml
WAS_HOME  =  C:\Program Files (x86)\IBM\WebSphere\AppServer
-WS_CMT_CONF_DIR  =  C:\Program Files (x86)\IBM\WebSphere\AppServer/properties/service/productDir/PostConfigActions/service
-PROFILE_ACTION_REGISTRY_EXTENSION  =  C:\Program Files (x86)\IBM\WebSphere\AppServer/properties/service/productDir/PostConfigActions/service/registryExtension.xml
-POSTINSTALL_LOG_FILE  =  C:\Program Files (x86)\IBM\WebSphere\AppServer\profiles\AppSrv01/properties/service/productDir/PostConfigActions/logs/postinstall.log
-profilePath  =  C:\Program Files (x86)\IBM\WebSphere\AppServer\profiles\AppSrv01
-WS_PI_REGISTRY_EXTENSION  =  C:\Program Files (x86)\IBM\WebSphere\AppServer/properties/postinstall/registryExtension.xml
-DELTA_ACTION_REGISTRY  =  C:\Program Files (x86)\IBM\WebSphere\AppServer\profiles\AppSrv01\properties\service\productDir\PostConfigActions\deltaActionRegistry.xml
</message>
</record>
<record>
  <date>2018-03-05T10:07:08</date>
  <millis>1520244428696</millis>
  <sequence>447</sequence>
  <logger>com.ibm.ws.postinstall</logger>
  <level>INFO</level>
  <class>com.ibm.ws.postinstall.LaunchUnifiedPostInstaller</class>
  <method>launchConfigManager</method>
  <thread>1</thread>
  <message>Install or uninstall: install</message>
</record>
<record>
  <date>2018-03-05T10:07:08</date>
  <millis>1520244428696</millis>
  <sequence>448</sequence>
  <logger>com.ibm.ws.postinstall</logger>
  <level>INFO</level>
  <class>com.ibm.ws.postinstall.LaunchUnifiedPostInstaller</class>
  <method>launchConfigManagerWithRegistry</method>
  <thread>1</thread>
  <message>WS_CMT_LOG_HOME is in C:\Program Files (x86)\IBM\WebSphere\AppServer\profiles\AppSrv01/properties/service/productDir/PostConfigActions/logs\postinstallerConfigActions1520244428696.log</message>
</record>
<record>
  <date>2018-03-05T10:07:25</date>
  <millis>1520244445230</millis>
  <sequence>610</sequence>
  <logger>com.ibm.ws.postinstall</logger>
  <level>INFO</level>
  <class>com.ibm.ws.postinstall.LaunchUnifiedPostInstaller</class>
  <method>logReturnCode</method>
  <thread>1</thread>
  <message>INSTCONFSUCCESS: All config actions ran successfully with return code 0</message>
</record>
</log>
