<?xml version="1.0" encoding="windows-1252" standalone="no"?>
<!DOCTYPE log SYSTEM "logger.dtd">
<log>
<record>
  <date>2018-03-05T10:07:08</date>
  <millis>1520244428696</millis>
  <sequence>449</sequence>
  <logger>com.ibm.ws.install.configmanager.launcher.Launcher</logger>
  <level>INFO</level>
  <class>com.ibm.ws.install.configmanager.launcher.Launcher</class>
  <method>fillInCommandLineArguments</method>
  <thread>1</thread>
  <message>Incoming arguments are: -WS_CMT_ACTION_REGISTRY, C:\Program Files (x86)\IBM\WebSphere\AppServer\profiles\AppSrv01\properties\service\productDir\PostConfigActions\deltaActionRegistry.xml, -WS_CMT_EXTENSION, com.ibm.ws.postinstall.cmext.ConfigManagerExtension, -WS_PI_ACTION_REGISTRY_EXTENSION, C:\Program Files (x86)\IBM\WebSphere\AppServer/properties/service/productDir/PostConfigActions/service/registryExtension.xml, -actionTarget, install, -profilePath, C:\Program Files (x86)\IBM\WebSphere\AppServer\profiles\AppSrv01, -WS_CMT_CONF_DIR, C:\Program Files (x86)\IBM\WebSphere\AppServer/properties/service/productDir/PostConfigActions/service, -permissionsProcessing, true, -WS_PI_REGISTRY_EXTENSION, C:\Program Files (x86)\IBM\WebSphere\AppServer/properties/postinstall/registryExtension.xml</message>
</record>
<record>
  <date>2018-03-05T10:07:08</date>
  <millis>1520244428696</millis>
  <sequence>450</sequence>
  <logger>com.ibm.ws.install.configmanager.osutils.ProcessEnvironment</logger>
  <level>INFO</level>
  <class>com.ibm.ws.install.configmanager.osutils.ProcessEnvironment</class>
  <method>getEnvironmentVariableValue</method>
  <thread>1</thread>
  <message>Value of WS_CMT_EXTRINSICS could not be extracted from the process environment, returning null</message>
</record>
<record>
  <date>2018-03-05T10:07:08</date>
  <millis>1520244428696</millis>
  <sequence>451</sequence>
  <logger>com.ibm.ws.install.configmanager.launcher.ArgumentValueFetcher</logger>
  <level>INFO</level>
  <class>com.ibm.ws.install.configmanager.launcher.ArgumentValueFetcher</class>
  <method>getArgumentValue</method>
  <thread>1</thread>
  <message>Could not resolve this argument: WS_CMT_EXTRINSICS, returning null</message>
</record>
<record>
  <date>2018-03-05T10:07:08</date>
  <millis>1520244428696</millis>
  <sequence>452</sequence>
  <logger>com.ibm.ws.install.configmanager.osutils.ProcessEnvironment</logger>
  <level>INFO</level>
  <class>com.ibm.ws.install.configmanager.osutils.ProcessEnvironment</class>
  <method>getEnvironmentVariableValue</method>
  <thread>1</thread>
  <message>Value of WS_CMT_EXTENSION_LIB could not be extracted from the process environment, returning null</message>
</record>
<record>
  <date>2018-03-05T10:07:08</date>
  <millis>1520244428696</millis>
  <sequence>453</sequence>
  <logger>com.ibm.ws.install.configmanager.launcher.ArgumentValueFetcher</logger>
  <level>INFO</level>
  <class>com.ibm.ws.install.configmanager.launcher.ArgumentValueFetcher</class>
  <method>getArgumentValue</method>
  <thread>1</thread>
  <message>Could not resolve this argument: WS_CMT_EXTENSION_LIB, returning null</message>
</record>
<record>
  <date>2018-03-05T10:07:08</date>
  <millis>1520244428696</millis>
  <sequence>454</sequence>
  <logger>com.ibm.ws.install.configmanager.osutils.ProcessEnvironment</logger>
  <level>INFO</level>
  <class>com.ibm.ws.install.configmanager.osutils.ProcessEnvironment</class>
  <method>getEnvironmentVariableValue</method>
  <thread>1</thread>
  <message>Value of omitAction could not be extracted from the process environment, returning null</message>
</record>
<record>
  <date>2018-03-05T10:07:08</date>
  <millis>1520244428696</millis>
  <sequence>455</sequence>
  <logger>com.ibm.ws.install.configmanager.launcher.ArgumentValueFetcher</logger>
  <level>INFO</level>
  <class>com.ibm.ws.install.configmanager.launcher.ArgumentValueFetcher</class>
  <method>getArgumentValue</method>
  <thread>1</thread>
  <message>Could not resolve this argument: omitAction, returning null</message>
</record>
<record>
  <date>2018-03-05T10:07:08</date>
  <millis>1520244428696</millis>
  <sequence>456</sequence>
  <logger>com.ibm.ws.install.configmanager.osutils.ProcessEnvironment</logger>
  <level>INFO</level>
  <class>com.ibm.ws.install.configmanager.osutils.ProcessEnvironment</class>
  <method>getEnvironmentVariableValue</method>
  <thread>1</thread>
  <message>Value of omitAction1 could not be extracted from the process environment, returning null</message>
</record>
<record>
  <date>2018-03-05T10:07:08</date>
  <millis>1520244428696</millis>
  <sequence>457</sequence>
  <logger>com.ibm.ws.install.configmanager.launcher.ArgumentValueFetcher</logger>
  <level>INFO</level>
  <class>com.ibm.ws.install.configmanager.launcher.ArgumentValueFetcher</class>
  <method>getArgumentValue</method>
  <thread>1</thread>
  <message>Could not resolve this argument: omitAction1, returning null</message>
</record>
<record>
  <date>2018-03-05T10:07:08</date>
  <millis>1520244428696</millis>
  <sequence>458</sequence>
  <logger>com.ibm.ws.install.configmanager.osutils.ProcessEnvironment</logger>
  <level>INFO</level>
  <class>com.ibm.ws.install.configmanager.osutils.ProcessEnvironment</class>
  <method>getEnvironmentVariableValue</method>
  <thread>1</thread>
  <message>Value of PRE_IJC_LIB could not be extracted from the process environment, returning null</message>
</record>
<record>
  <date>2018-03-05T10:07:08</date>
  <millis>1520244428696</millis>
  <sequence>459</sequence>
  <logger>com.ibm.ws.install.configmanager.launcher.ArgumentValueFetcher</logger>
  <level>INFO</level>
  <class>com.ibm.ws.install.configmanager.launcher.ArgumentValueFetcher</class>
  <method>getArgumentValue</method>
  <thread>1</thread>
  <message>Could not resolve this argument: PRE_IJC_LIB, returning null</message>
</record>
<record>
  <date>2018-03-05T10:07:08</date>
  <millis>1520244428696</millis>
  <sequence>460</sequence>
  <logger>com.ibm.ws.install.configmanager.utils.FileUtils</logger>
  <level>INFO</level>
  <class>com.ibm.ws.install.configmanager.utils.FileUtils</class>
  <method>getAllFilesInThisDirectory</method>
  <thread>1</thread>
  <message>C:\Program Files (x86)\IBM\WebSphere\AppServer\properties\service\productDir\PostConfigActions\service\lib is not a directory, returning an empty list</message>
</record>
<record>
  <date>2018-03-05T10:07:08</date>
  <millis>1520244428696</millis>
  <sequence>461</sequence>
  <logger>com.ibm.ws.install.configmanager.utils.FileUtils</logger>
  <level>INFO</level>
  <class>com.ibm.ws.install.configmanager.utils.FileUtils</class>
  <method>getAllFilesInThisDirectoryMatchingThisPatternIgnoreCase</method>
  <thread>1</thread>
  <message>List of files in C:\Program Files (x86)\IBM\WebSphere\AppServer\properties\service\productDir\PostConfigActions\service\lib matching the pattern ^.*\.jar$ is: {  }</message>
</record>
<record>
  <date>2018-03-05T10:07:08</date>
  <millis>1520244428696</millis>
  <sequence>462</sequence>
  <logger>com.ibm.ws.install.configmanager.utils.ClassPathModifier</logger>
  <level>INFO</level>
  <class>com.ibm.ws.install.configmanager.utils.ClassPathModifier</class>
  <method>addAllJARsInDirectoryToClassPath</method>
  <thread>1</thread>
  <message>ListJAR files in found in C:\Program Files (x86)\IBM\WebSphere\AppServer\properties\service\productDir\PostConfigActions\service\lib is: {  }</message>
</record>
<record>
  <date>2018-03-05T10:07:08</date>
  <millis>1520244428696</millis>
  <sequence>463</sequence>
  <logger>com.ibm.ws.install.configmanager.osutils.ProcessEnvironment</logger>
  <level>INFO</level>
  <class>com.ibm.ws.install.configmanager.osutils.ProcessEnvironment</class>
  <method>getEnvironmentVariableValue</method>
  <thread>1</thread>
  <message>Value of POST_IJC_LIB could not be extracted from the process environment, returning null</message>
</record>
<record>
  <date>2018-03-05T10:07:08</date>
  <millis>1520244428696</millis>
  <sequence>464</sequence>
  <logger>com.ibm.ws.install.configmanager.launcher.ArgumentValueFetcher</logger>
  <level>INFO</level>
  <class>com.ibm.ws.install.configmanager.launcher.ArgumentValueFetcher</class>
  <method>getArgumentValue</method>
  <thread>1</thread>
  <message>Could not resolve this argument: POST_IJC_LIB, returning null</message>
</record>
<record>
  <date>2018-03-05T10:07:08</date>
  <millis>1520244428696</millis>
  <sequence>465</sequence>
  <logger>com.ibm.ws.install.configmanager.ConfigManager</logger>
  <level>INFO</level>
  <class>com.ibm.ws.install.configmanager.ConfigManager</class>
  <method>executeActions</method>
  <thread>1</thread>
  <message>List of all actions found in the repository: [com.ibm.ws.install.configmanager.actionengine.ConfigAction-C:\Program Files (x86)\IBM\WebSphere\AppServer\properties\service\productDir\PostConfigActions\service\actions\ejb-deploy-clear-cache.ant, com.ibm.ws.install.configmanager.actionengine.ConfigAction-C:\Program Files (x86)\IBM\WebSphere\AppServer\properties\service\productDir\PostConfigActions\service\actions\clearOSGiCache.ant, com.ibm.ws.install.configmanager.actionengine.ConfigAction-C:\Program Files (x86)\IBM\WebSphere\AppServer\properties\service\productDir\PostConfigActions\service\actions\runiscdeploy.ant, com.ibm.ws.install.configmanager.actionengine.ConfigAction-C:\Program Files (x86)\IBM\WebSphere\AppServer\properties\service\productDir\PostConfigActions\service\actions\clearClassCache.ant]</message>
</record>
<record>
  <date>2018-03-05T10:07:08</date>
  <millis>1520244428696</millis>
  <sequence>466</sequence>
  <logger>com.ibm.ws.postinstall.cmext.ConfigManagerExtension</logger>
  <level>INFO</level>
  <class>com.ibm.ws.postinstall.cmext.ConfigManagerExtension</class>
  <method>preprocessing</method>
  <thread>1</thread>
  <message>WAS_HOME =  C:\Program Files (x86)\IBM\WebSphere\AppServer</message>
</record>
<record>
  <date>2018-03-05T10:07:08</date>
  <millis>1520244428696</millis>
  <sequence>467</sequence>
  <logger>com.ibm.ws.postinstall.cmext.ConfigManagerExtension</logger>
  <level>INFO</level>
  <class>com.ibm.ws.postinstall.cmext.ConfigManagerExtension</class>
  <method>configurationActionPreprocessor</method>
  <thread>1</thread>
  <message>preprocessing config action C:\Program Files (x86)\IBM\WebSphere\AppServer\properties\service\productDir\PostConfigActions\service\actions\ejb-deploy-clear-cache.ant</message>
</record>
<record>
  <date>2018-03-05T10:07:08</date>
  <millis>1520244428696</millis>
  <sequence>468</sequence>
  <logger>com.ibm.ws.postinstall.cmext.ConfigManagerExtension</logger>
  <level>INFO</level>
  <class>com.ibm.ws.postinstall.cmext.ConfigManagerExtension</class>
  <method>configurationActionPreprocessor</method>
  <thread>1</thread>
  <message>profileUpdate attribute =  true</message>
</record>
<record>
  <date>2018-03-05T10:07:08</date>
  <millis>1520244428712</millis>
  <sequence>469</sequence>
  <logger>com.ibm.ws.postinstall.cmext.ConfigManagerExtension</logger>
  <level>INFO</level>
  <class>com.ibm.ws.postinstall.cmext.ConfigManagerExtension</class>
  <method>configurationActionPreprocessor</method>
  <thread>1</thread>
  <message>alwaysExecute attribute =  true</message>
</record>
<record>
  <date>2018-03-05T10:07:08</date>
  <millis>1520244428712</millis>
  <sequence>470</sequence>
  <logger>com.ibm.ws.postinstall.cmext.ConfigManagerExtension</logger>
  <level>INFO</level>
  <class>com.ibm.ws.postinstall.cmext.ConfigManagerExtension</class>
  <method>configurationActionPreprocessor</method>
  <thread>1</thread>
  <message>altersFile attribute =  </message>
</record>
<record>
  <date>2018-03-05T10:07:08</date>
  <millis>1520244428712</millis>
  <sequence>471</sequence>
  <logger>com.ibm.ws.postinstall.cmext.ConfigManagerExtension</logger>
  <level>INFO</level>
  <class>com.ibm.ws.postinstall.cmext.ConfigManagerExtension</class>
  <method>configurationActionPreprocessor</method>
  <thread>1</thread>
  <message>action target =  install</message>
</record>
<record>
  <date>2018-03-05T10:07:08</date>
  <millis>1520244428712</millis>
  <sequence>472</sequence>
  <logger>com.ibm.ws.postinstall.cmext.ConfigManagerExtension</logger>
  <level>INFO</level>
  <class>com.ibm.ws.postinstall.cmext.ConfigManagerExtension</class>
  <method>configurationActionPreprocessor</method>
  <thread>1</thread>
  <message>permissionsProcessing =  true</message>
</record>
<record>
  <date>2018-03-05T10:07:08</date>
  <millis>1520244428712</millis>
  <sequence>473</sequence>
  <logger>com.ibm.ws.postinstall.cmext.ConfigManagerExtension</logger>
  <level>INFO</level>
  <class>com.ibm.ws.postinstall.cmext.ConfigManagerExtension</class>
  <method>configurationActionPreprocessor</method>
  <thread>1</thread>
  <message>profilePath =  C:\Program Files (x86)\IBM\WebSphere\AppServer\profiles\AppSrv01</message>
</record>
<record>
  <date>2018-03-05T10:07:08</date>
  <millis>1520244428712</millis>
  <sequence>474</sequence>
  <logger>com.ibm.ws.postinstall.cmext.ConfigManagerExtension</logger>
  <level>INFO</level>
  <class>com.ibm.ws.postinstall.cmext.ConfigManagerExtension</class>
  <method>configurationActionPreprocessor</method>
  <thread>1</thread>
  <message>management workspace =  C:\Program Files (x86)\IBM\WebSphere\AppServer\profiles\AppSrv01\workspace</message>
</record>
<record>
  <date>2018-03-05T10:07:08</date>
  <millis>1520244428712</millis>
  <sequence>475</sequence>
  <logger>com.ibm.ws.install.configmanager.actionengine.ANTAction</logger>
  <level>INFO</level>
  <class>com.ibm.ws.install.configmanager.actionengine.ANTAction</class>
  <method>executeAction</method>
  <thread>1</thread>
  <message>Using an InProcess ANT call to execute this action: C:\Program Files (x86)\IBM\WebSphere\AppServer\properties\service\productDir\PostConfigActions\service\actions\ejb-deploy-clear-cache.ant</message>
</record>
<record>
  <date>2018-03-05T10:07:08</date>
  <millis>1520244428712</millis>
  <sequence>476</sequence>
  <logger>com.ibm.ws.install.configmanager.actionengine.ant.utils.InProcessAntRunner</logger>
  <level>INFO</level>
  <class>com.ibm.ws.install.configmanager.actionengine.ant.utils.InProcessAntRunner</class>
  <method>logOutputMessage</method>
  <thread>1</thread>
  <message>Buildfile: C:\Program Files (x86)\IBM\WebSphere\AppServer\properties\service\productDir\PostConfigActions\service\actions\ejb-deploy-clear-cache.ant</message>
</record>
<record>
  <date>2018-03-05T10:07:08</date>
  <millis>1520244428712</millis>
  <sequence>477</sequence>
  <logger>com.ibm.ws.install.configmanager.actionengine.ant.utils.ANTLogToCmtLogAdapter</logger>
  <level>INFO</level>
  <class>com.ibm.ws.install.configmanager.actionengine.ant.utils.ANTLogToCmtLogAdapter</class>
  <method>buildStarted</method>
  <thread>1</thread>
  <message>Build started.</message>
</record>
<record>
  <date>2018-03-05T10:07:08</date>
  <millis>1520244428712</millis>
  <sequence>478</sequence>
  <logger>com.ibm.ws.install.configmanager.actionengine.ant.utils.ANTLogToCmtLogAdapter</logger>
  <level>INFO</level>
  <class>com.ibm.ws.install.configmanager.actionengine.ant.utils.ANTLogToCmtLogAdapter</class>
  <method>targetStarted</method>
  <thread>1</thread>
  <message>Target started for: checkIfInstallActionExists</message>
</record>
<record>
  <date>2018-03-05T10:07:08</date>
  <millis>1520244428727</millis>
  <sequence>479</sequence>
  <logger>com.ibm.ws.install.configmanager.actionengine.ant.utils.ANTLogToCmtLogAdapter</logger>
  <level>INFO</level>
  <class>com.ibm.ws.install.configmanager.actionengine.ant.utils.ANTLogToCmtLogAdapter</class>
  <method>targetFinished</method>
  <thread>1</thread>
  <message>Target stopped for: checkIfInstallActionExists - SUCCESS</message>
</record>
<record>
  <date>2018-03-05T10:07:08</date>
  <millis>1520244428727</millis>
  <sequence>480</sequence>
  <logger>com.ibm.ws.install.configmanager.actionengine.ant.utils.ANTLogToCmtLogAdapter</logger>
  <level>INFO</level>
  <class>com.ibm.ws.install.configmanager.actionengine.ant.utils.ANTLogToCmtLogAdapter</class>
  <method>targetStarted</method>
  <thread>1</thread>
  <message>Target started for: runInstallAction</message>
</record>
<record>
  <date>2018-03-05T10:07:08</date>
  <millis>1520244428727</millis>
  <sequence>481</sequence>
  <logger>com.ibm.ws.install.configmanager.actionengine.ant.utils.ANTLogToCmtLogAdapter</logger>
  <level>INFO</level>
  <class>com.ibm.ws.install.configmanager.actionengine.ant.utils.ANTLogToCmtLogAdapter</class>
  <method>messageLogged</method>
  <thread>1</thread>
  <message>Running C:\Program Files (x86)\IBM\WebSphere\AppServer/deploytool/itp/plugins/com.ibm.etools.ejbdeploy/binary/EJBDeployWorkAroundPostInstall.ant</message>
</record>
<record>
  <date>2018-03-05T10:07:08</date>
  <millis>1520244428743</millis>
  <sequence>482</sequence>
  <logger>com.ibm.ws.install.configmanager.actionengine.ant.utils.ANTLogToCmtLogAdapter</logger>
  <level>INFO</level>
  <class>com.ibm.ws.install.configmanager.actionengine.ant.utils.ANTLogToCmtLogAdapter</class>
  <method>targetStarted</method>
  <thread>1</thread>
  <message>Target started for: detectCurrentOSFamily</message>
</record>
<record>
  <date>2018-03-05T10:07:08</date>
  <millis>1520244428743</millis>
  <sequence>483</sequence>
  <logger>com.ibm.ws.install.configmanager.actionengine.ant.utils.AntTaskToLogToConfigManagersLogFiles</logger>
  <level>INFO</level>
  <class>C:\Program Files (x86)\IBM\WebSphere\AppServer\deploytool\itp\plugins\com.ibm.etools.ejbdeploy\binary\EJBDeployWorkAroundPostInstall.ant:21: </class>
  <method>detectCurrentOSFamily</method>
  <thread>1</thread>
  <message>Detected current OS family to be: windows</message>
</record>
<record>
  <date>2018-03-05T10:07:08</date>
  <millis>1520244428743</millis>
  <sequence>484</sequence>
  <logger>com.ibm.ws.install.configmanager.actionengine.ant.utils.ANTLogToCmtLogAdapter</logger>
  <level>INFO</level>
  <class>com.ibm.ws.install.configmanager.actionengine.ant.utils.ANTLogToCmtLogAdapter</class>
  <method>targetFinished</method>
  <thread>1</thread>
  <message>Target stopped for: detectCurrentOSFamily - SUCCESS</message>
</record>
<record>
  <date>2018-03-05T10:07:08</date>
  <millis>1520244428743</millis>
  <sequence>485</sequence>
  <logger>com.ibm.ws.install.configmanager.actionengine.ant.utils.ANTLogToCmtLogAdapter</logger>
  <level>INFO</level>
  <class>com.ibm.ws.install.configmanager.actionengine.ant.utils.ANTLogToCmtLogAdapter</class>
  <method>targetStarted</method>
  <thread>1</thread>
  <message>Target started for: setCurrentOSFamily</message>
</record>
<record>
  <date>2018-03-05T10:07:08</date>
  <millis>1520244428743</millis>
  <sequence>486</sequence>
  <logger>com.ibm.ws.install.configmanager.actionengine.ant.utils.ANTLogToCmtLogAdapter</logger>
  <level>INFO</level>
  <class>com.ibm.ws.install.configmanager.actionengine.ant.utils.ANTLogToCmtLogAdapter</class>
  <method>targetFinished</method>
  <thread>1</thread>
  <message>Target stopped for: setCurrentOSFamily - SUCCESS</message>
</record>
<record>
  <date>2018-03-05T10:07:08</date>
  <millis>1520244428743</millis>
  <sequence>487</sequence>
  <logger>com.ibm.ws.install.configmanager.actionengine.ant.utils.ANTLogToCmtLogAdapter</logger>
  <level>INFO</level>
  <class>com.ibm.ws.install.configmanager.actionengine.ant.utils.ANTLogToCmtLogAdapter</class>
  <method>targetStarted</method>
  <thread>1</thread>
  <message>Target started for: setOSFileSeparator</message>
</record>
<record>
  <date>2018-03-05T10:07:08</date>
  <millis>1520244428743</millis>
  <sequence>488</sequence>
  <logger>com.ibm.ws.install.configmanager.actionengine.ant.utils.ANTLogToCmtLogAdapter</logger>
  <level>INFO</level>
  <class>com.ibm.ws.install.configmanager.actionengine.ant.utils.ANTLogToCmtLogAdapter</class>
  <method>targetFinished</method>
  <thread>1</thread>
  <message>Target stopped for: setOSFileSeparator - SUCCESS</message>
</record>
<record>
  <date>2018-03-05T10:07:08</date>
  <millis>1520244428743</millis>
  <sequence>489</sequence>
  <logger>com.ibm.ws.install.configmanager.actionengine.ant.utils.ANTLogToCmtLogAdapter</logger>
  <level>INFO</level>
  <class>com.ibm.ws.install.configmanager.actionengine.ant.utils.ANTLogToCmtLogAdapter</class>
  <method>targetStarted</method>
  <thread>1</thread>
  <message>Target started for: setExecutable</message>
</record>
<record>
  <date>2018-03-05T10:07:08</date>
  <millis>1520244428743</millis>
  <sequence>490</sequence>
  <logger>com.ibm.ws.install.configmanager.actionengine.ant.utils.AntTaskToLogToConfigManagersLogFiles</logger>
  <level>INFO</level>
  <class>C:\Program Files (x86)\IBM\WebSphere\AppServer\deploytool\itp\plugins\com.ibm.etools.ejbdeploy\binary\EJBDeployWorkAroundPostInstall.ant:74: </class>
  <method>setExecutable</method>
  <thread>1</thread>
  <message>The full path of the executable is: C:\Program Files (x86)\IBM\WebSphere\AppServer\deploytool\scripts\install\ejbdeploy-clear-cache.bat</message>
</record>
<record>
  <date>2018-03-05T10:07:08</date>
  <millis>1520244428743</millis>
  <sequence>491</sequence>
  <logger>com.ibm.ws.install.configmanager.actionengine.ant.utils.ANTLogToCmtLogAdapter</logger>
  <level>INFO</level>
  <class>com.ibm.ws.install.configmanager.actionengine.ant.utils.ANTLogToCmtLogAdapter</class>
  <method>targetFinished</method>
  <thread>1</thread>
  <message>Target stopped for: setExecutable - SUCCESS</message>
</record>
<record>
  <date>2018-03-05T10:07:08</date>
  <millis>1520244428743</millis>
  <sequence>492</sequence>
  <logger>com.ibm.ws.install.configmanager.actionengine.ant.utils.ANTLogToCmtLogAdapter</logger>
  <level>INFO</level>
  <class>com.ibm.ws.install.configmanager.actionengine.ant.utils.ANTLogToCmtLogAdapter</class>
  <method>targetStarted</method>
  <thread>1</thread>
  <message>Target started for: checkExecutableExistence</message>
</record>
<record>
  <date>2018-03-05T10:07:08</date>
  <millis>1520244428743</millis>
  <sequence>493</sequence>
  <logger>com.ibm.ws.install.configmanager.actionengine.ant.utils.AntTaskToLogToConfigManagersLogFiles</logger>
  <level>INFO</level>
  <class>C:\Program Files (x86)\IBM\WebSphere\AppServer\deploytool\itp\plugins\com.ibm.etools.ejbdeploy\binary\EJBDeployWorkAroundPostInstall.ant:81: </class>
  <method>checkExecutableExistence</method>
  <thread>1</thread>
  <message>executableExists value is true</message>
</record>
<record>
  <date>2018-03-05T10:07:08</date>
  <millis>1520244428743</millis>
  <sequence>494</sequence>
  <logger>com.ibm.ws.install.configmanager.actionengine.ant.utils.ANTLogToCmtLogAdapter</logger>
  <level>INFO</level>
  <class>com.ibm.ws.install.configmanager.actionengine.ant.utils.ANTLogToCmtLogAdapter</class>
  <method>targetFinished</method>
  <thread>1</thread>
  <message>Target stopped for: checkExecutableExistence - SUCCESS</message>
</record>
<record>
  <date>2018-03-05T10:07:08</date>
  <millis>1520244428743</millis>
  <sequence>495</sequence>
  <logger>com.ibm.ws.install.configmanager.actionengine.ant.utils.ANTLogToCmtLogAdapter</logger>
  <level>INFO</level>
  <class>com.ibm.ws.install.configmanager.actionengine.ant.utils.ANTLogToCmtLogAdapter</class>
  <method>targetStarted</method>
  <thread>1</thread>
  <message>Target started for: issueWarning</message>
</record>
<record>
  <date>2018-03-05T10:07:08</date>
  <millis>1520244428743</millis>
  <sequence>496</sequence>
  <logger>com.ibm.ws.install.configmanager.actionengine.ant.utils.ANTLogToCmtLogAdapter</logger>
  <level>INFO</level>
  <class>com.ibm.ws.install.configmanager.actionengine.ant.utils.ANTLogToCmtLogAdapter</class>
  <method>targetFinished</method>
  <thread>1</thread>
  <message>Target stopped for: issueWarning - SUCCESS</message>
</record>
<record>
  <date>2018-03-05T10:07:08</date>
  <millis>1520244428743</millis>
  <sequence>497</sequence>
  <logger>com.ibm.ws.install.configmanager.actionengine.ant.utils.ANTLogToCmtLogAdapter</logger>
  <level>INFO</level>
  <class>com.ibm.ws.install.configmanager.actionengine.ant.utils.ANTLogToCmtLogAdapter</class>
  <method>targetStarted</method>
  <thread>1</thread>
  <message>Target started for: invokeExecutableOS400</message>
</record>
<record>
  <date>2018-03-05T10:07:08</date>
  <millis>1520244428743</millis>
  <sequence>498</sequence>
  <logger>com.ibm.ws.install.configmanager.actionengine.ant.utils.ANTLogToCmtLogAdapter</logger>
  <level>INFO</level>
  <class>com.ibm.ws.install.configmanager.actionengine.ant.utils.ANTLogToCmtLogAdapter</class>
  <method>targetFinished</method>
  <thread>1</thread>
  <message>Target stopped for: invokeExecutableOS400 - SUCCESS</message>
</record>
<record>
  <date>2018-03-05T10:07:08</date>
  <millis>1520244428743</millis>
  <sequence>499</sequence>
  <logger>com.ibm.ws.install.configmanager.actionengine.ant.utils.ANTLogToCmtLogAdapter</logger>
  <level>INFO</level>
  <class>com.ibm.ws.install.configmanager.actionengine.ant.utils.ANTLogToCmtLogAdapter</class>
  <method>targetStarted</method>
  <thread>1</thread>
  <message>Target started for: invokeExecutableUNIX</message>
</record>
<record>
  <date>2018-03-05T10:07:08</date>
  <millis>1520244428743</millis>
  <sequence>500</sequence>
  <logger>com.ibm.ws.install.configmanager.actionengine.ant.utils.ANTLogToCmtLogAdapter</logger>
  <level>INFO</level>
  <class>com.ibm.ws.install.configmanager.actionengine.ant.utils.ANTLogToCmtLogAdapter</class>
  <method>targetFinished</method>
  <thread>1</thread>
  <message>Target stopped for: invokeExecutableUNIX - SUCCESS</message>
</record>
<record>
  <date>2018-03-05T10:07:08</date>
  <millis>1520244428743</millis>
  <sequence>501</sequence>
  <logger>com.ibm.ws.install.configmanager.actionengine.ant.utils.ANTLogToCmtLogAdapter</logger>
  <level>INFO</level>
  <class>com.ibm.ws.install.configmanager.actionengine.ant.utils.ANTLogToCmtLogAdapter</class>
  <method>targetStarted</method>
  <thread>1</thread>
  <message>Target started for: invokeExecutableWindows</message>
</record>
<record>
  <date>2018-03-05T10:07:08</date>
  <millis>1520244428743</millis>
  <sequence>502</sequence>
  <logger>com.ibm.ws.install.configmanager.actionengine.ant.utils.AntTaskToLogToConfigManagersLogFiles</logger>
  <level>INFO</level>
  <class>C:\Program Files (x86)\IBM\WebSphere\AppServer\deploytool\itp\plugins\com.ibm.etools.ejbdeploy\binary\EJBDeployWorkAroundPostInstall.ant:112: </class>
  <method>invokeExecutableWindows</method>
  <thread>1</thread>
  <message>Invoking C:\Program Files (x86)\IBM\WebSphere\AppServer\deploytool\scripts\install\ejbdeploy-clear-cache.bat.</message>
</record>
<record>
  <date>2018-03-05T10:07:08</date>
  <millis>1520244428885</millis>
  <sequence>503</sequence>
  <logger>com.ibm.ws.install.configmanager.actionengine.ant.utils.ANTLogToCmtLogAdapter</logger>
  <level>INFO</level>
  <class>com.ibm.ws.install.configmanager.actionengine.ant.utils.ANTLogToCmtLogAdapter</class>
  <method>targetFinished</method>
  <thread>1</thread>
  <message>Target stopped for: invokeExecutableWindows - SUCCESS</message>
</record>
<record>
  <date>2018-03-05T10:07:08</date>
  <millis>1520244428885</millis>
  <sequence>504</sequence>
  <logger>com.ibm.ws.install.configmanager.actionengine.ant.utils.ANTLogToCmtLogAdapter</logger>
  <level>INFO</level>
  <class>com.ibm.ws.install.configmanager.actionengine.ant.utils.ANTLogToCmtLogAdapter</class>
  <method>targetStarted</method>
  <thread>1</thread>
  <message>Target started for: invokeExecutable</message>
</record>
<record>
  <date>2018-03-05T10:07:08</date>
  <millis>1520244428885</millis>
  <sequence>505</sequence>
  <logger>com.ibm.ws.install.configmanager.actionengine.ant.utils.ANTLogToCmtLogAdapter</logger>
  <level>INFO</level>
  <class>com.ibm.ws.install.configmanager.actionengine.ant.utils.ANTLogToCmtLogAdapter</class>
  <method>targetFinished</method>
  <thread>1</thread>
  <message>Target stopped for: invokeExecutable - SUCCESS</message>
</record>
<record>
  <date>2018-03-05T10:07:08</date>
  <millis>1520244428885</millis>
  <sequence>506</sequence>
  <logger>com.ibm.ws.install.configmanager.actionengine.ant.utils.ANTLogToCmtLogAdapter</logger>
  <level>INFO</level>
  <class>com.ibm.ws.install.configmanager.actionengine.ant.utils.ANTLogToCmtLogAdapter</class>
  <method>targetStarted</method>
  <thread>1</thread>
  <message>Target started for: EJBDeployWorkAroundPostInstall</message>
</record>
<record>
  <date>2018-03-05T10:07:08</date>
  <millis>1520244428885</millis>
  <sequence>507</sequence>
  <logger>com.ibm.ws.install.configmanager.actionengine.ant.utils.ANTLogToCmtLogAdapter</logger>
  <level>INFO</level>
  <class>com.ibm.ws.install.configmanager.actionengine.ant.utils.ANTLogToCmtLogAdapter</class>
  <method>targetFinished</method>
  <thread>1</thread>
  <message>Target stopped for: EJBDeployWorkAroundPostInstall - SUCCESS</message>
</record>
<record>
  <date>2018-03-05T10:07:08</date>
  <millis>1520244428885</millis>
  <sequence>508</sequence>
  <logger>com.ibm.ws.install.configmanager.actionengine.ant.utils.ANTLogToCmtLogAdapter</logger>
  <level>INFO</level>
  <class>com.ibm.ws.install.configmanager.actionengine.ant.utils.ANTLogToCmtLogAdapter</class>
  <method>targetFinished</method>
  <thread>1</thread>
  <message>Target stopped for: runInstallAction - SUCCESS</message>
</record>
<record>
  <date>2018-03-05T10:07:08</date>
  <millis>1520244428885</millis>
  <sequence>509</sequence>
  <logger>com.ibm.ws.install.configmanager.actionengine.ant.utils.ANTLogToCmtLogAdapter</logger>
  <level>INFO</level>
  <class>com.ibm.ws.install.configmanager.actionengine.ant.utils.ANTLogToCmtLogAdapter</class>
  <method>targetStarted</method>
  <thread>1</thread>
  <message>Target started for: install</message>
</record>
<record>
  <date>2018-03-05T10:07:08</date>
  <millis>1520244428885</millis>
  <sequence>510</sequence>
  <logger>com.ibm.ws.install.configmanager.actionengine.ant.utils.ANTLogToCmtLogAdapter</logger>
  <level>INFO</level>
  <class>com.ibm.ws.install.configmanager.actionengine.ant.utils.ANTLogToCmtLogAdapter</class>
  <method>targetFinished</method>
  <thread>1</thread>
  <message>Target stopped for: install - SUCCESS</message>
</record>
<record>
  <date>2018-03-05T10:07:08</date>
  <millis>1520244428885</millis>
  <sequence>511</sequence>
  <logger>com.ibm.ws.install.configmanager.actionengine.ant.utils.ANTLogToCmtLogAdapter</logger>
  <level>INFO</level>
  <class>com.ibm.ws.install.configmanager.actionengine.ant.utils.ANTLogToCmtLogAdapter</class>
  <method>buildFinished</method>
  <thread>1</thread>
  <message>Build stopped - SUCCESS</message>
</record>
<record>
  <date>2018-03-05T10:07:08</date>
  <millis>1520244428885</millis>
  <sequence>512</sequence>
  <logger>com.ibm.ws.install.configmanager.actionengine.ANTAction</logger>
  <level>INFO</level>
  <class>com.ibm.ws.install.configmanager.actionengine.ANTAction</class>
  <method>executeAction</method>
  <thread>1</thread>
  <message>Result of executing C:\Program Files (x86)\IBM\WebSphere\AppServer\properties\service\productDir\PostConfigActions\service\actions\ejb-deploy-clear-cache.ant was: true</message>
</record>
<record>
  <date>2018-03-05T10:07:08</date>
  <millis>1520244428885</millis>
  <sequence>513</sequence>
  <logger>com.ibm.ws.install.configmanager.ConfigManager</logger>
  <level>INFO</level>
  <class>com.ibm.ws.install.configmanager.ConfigManager</class>
  <method>executeAllActionsFound</method>
  <thread>1</thread>
  <message>Configuration action succeeded: com.ibm.ws.install.configmanager.actionengine.ConfigAction-C:\Program Files (x86)\IBM\WebSphere\AppServer\properties\service\productDir\PostConfigActions\service\actions\ejb-deploy-clear-cache.ant</message>
</record>
<record>
  <date>2018-03-05T10:07:08</date>
  <millis>1520244428885</millis>
  <sequence>514</sequence>
  <logger>com.ibm.ws.postinstall.cmext.ConfigManagerExtension</logger>
  <level>INFO</level>
  <class>com.ibm.ws.postinstall.cmext.ConfigManagerExtension</class>
  <method>configurationActionPreprocessor</method>
  <thread>1</thread>
  <message>preprocessing config action C:\Program Files (x86)\IBM\WebSphere\AppServer\properties\service\productDir\PostConfigActions\service\actions\clearOSGiCache.ant</message>
</record>
<record>
  <date>2018-03-05T10:07:08</date>
  <millis>1520244428885</millis>
  <sequence>515</sequence>
  <logger>com.ibm.ws.postinstall.cmext.ConfigManagerExtension</logger>
  <level>INFO</level>
  <class>com.ibm.ws.postinstall.cmext.ConfigManagerExtension</class>
  <method>configurationActionPreprocessor</method>
  <thread>1</thread>
  <message>profileUpdate attribute =  true</message>
</record>
<record>
  <date>2018-03-05T10:07:08</date>
  <millis>1520244428885</millis>
  <sequence>516</sequence>
  <logger>com.ibm.ws.postinstall.cmext.ConfigManagerExtension</logger>
  <level>INFO</level>
  <class>com.ibm.ws.postinstall.cmext.ConfigManagerExtension</class>
  <method>configurationActionPreprocessor</method>
  <thread>1</thread>
  <message>alwaysExecute attribute =  true</message>
</record>
<record>
  <date>2018-03-05T10:07:08</date>
  <millis>1520244428885</millis>
  <sequence>517</sequence>
  <logger>com.ibm.ws.postinstall.cmext.ConfigManagerExtension</logger>
  <level>INFO</level>
  <class>com.ibm.ws.postinstall.cmext.ConfigManagerExtension</class>
  <method>configurationActionPreprocessor</method>
  <thread>1</thread>
  <message>altersFile attribute =  </message>
</record>
<record>
  <date>2018-03-05T10:07:08</date>
  <millis>1520244428885</millis>
  <sequence>518</sequence>
  <logger>com.ibm.ws.postinstall.cmext.ConfigManagerExtension</logger>
  <level>INFO</level>
  <class>com.ibm.ws.postinstall.cmext.ConfigManagerExtension</class>
  <method>configurationActionPreprocessor</method>
  <thread>1</thread>
  <message>action target =  install</message>
</record>
<record>
  <date>2018-03-05T10:07:08</date>
  <millis>1520244428885</millis>
  <sequence>519</sequence>
  <logger>com.ibm.ws.postinstall.cmext.ConfigManagerExtension</logger>
  <level>INFO</level>
  <class>com.ibm.ws.postinstall.cmext.ConfigManagerExtension</class>
  <method>configurationActionPreprocessor</method>
  <thread>1</thread>
  <message>permissionsProcessing =  true</message>
</record>
<record>
  <date>2018-03-05T10:07:08</date>
  <millis>1520244428885</millis>
  <sequence>520</sequence>
  <logger>com.ibm.ws.postinstall.cmext.ConfigManagerExtension</logger>
  <level>INFO</level>
  <class>com.ibm.ws.postinstall.cmext.ConfigManagerExtension</class>
  <method>configurationActionPreprocessor</method>
  <thread>1</thread>
  <message>profilePath =  C:\Program Files (x86)\IBM\WebSphere\AppServer\profiles\AppSrv01</message>
</record>
<record>
  <date>2018-03-05T10:07:08</date>
  <millis>1520244428885</millis>
  <sequence>521</sequence>
  <logger>com.ibm.ws.postinstall.cmext.ConfigManagerExtension</logger>
  <level>INFO</level>
  <class>com.ibm.ws.postinstall.cmext.ConfigManagerExtension</class>
  <method>configurationActionPreprocessor</method>
  <thread>1</thread>
  <message>management workspace =  C:\Program Files (x86)\IBM\WebSphere\AppServer\profiles\AppSrv01\workspace</message>
</record>
<record>
  <date>2018-03-05T10:07:08</date>
  <millis>1520244428885</millis>
  <sequence>522</sequence>
  <logger>com.ibm.ws.install.configmanager.actionengine.ANTAction</logger>
  <level>INFO</level>
  <class>com.ibm.ws.install.configmanager.actionengine.ANTAction</class>
  <method>executeAction</method>
  <thread>1</thread>
  <message>Using an InProcess ANT call to execute this action: C:\Program Files (x86)\IBM\WebSphere\AppServer\properties\service\productDir\PostConfigActions\service\actions\clearOSGiCache.ant</message>
</record>
<record>
  <date>2018-03-05T10:07:08</date>
  <millis>1520244428885</millis>
  <sequence>523</sequence>
  <logger>com.ibm.ws.install.configmanager.actionengine.ant.utils.InProcessAntRunner</logger>
  <level>INFO</level>
  <class>com.ibm.ws.install.configmanager.actionengine.ant.utils.InProcessAntRunner</class>
  <method>logOutputMessage</method>
  <thread>1</thread>
  <message>Buildfile: C:\Program Files (x86)\IBM\WebSphere\AppServer\properties\service\productDir\PostConfigActions\service\actions\clearOSGiCache.ant</message>
</record>
<record>
  <date>2018-03-05T10:07:08</date>
  <millis>1520244428885</millis>
  <sequence>524</sequence>
  <logger>com.ibm.ws.install.configmanager.actionengine.ant.utils.ANTLogToCmtLogAdapter</logger>
  <level>INFO</level>
  <class>com.ibm.ws.install.configmanager.actionengine.ant.utils.ANTLogToCmtLogAdapter</class>
  <method>buildStarted</method>
  <thread>1</thread>
  <message>Build started.</message>
</record>
<record>
  <date>2018-03-05T10:07:08</date>
  <millis>1520244428900</millis>
  <sequence>525</sequence>
  <logger>com.ibm.ws.install.configmanager.actionengine.ant.utils.ANTLogToCmtLogAdapter</logger>
  <level>INFO</level>
  <class>com.ibm.ws.install.configmanager.actionengine.ant.utils.ANTLogToCmtLogAdapter</class>
  <method>targetStarted</method>
  <thread>1</thread>
  <message>Target started for: detectOsFamily</message>
</record>
<record>
  <date>2018-03-05T10:07:08</date>
  <millis>1520244428900</millis>
  <sequence>526</sequence>
  <logger>com.ibm.ws.install.configmanager.actionengine.ant.utils.AntTaskToLogToConfigManagersLogFiles</logger>
  <level>INFO</level>
  <class>C:\Program Files (x86)\IBM\WebSphere\AppServer\properties\service\productDir\PostConfigActions\service\actions\clearOSGiCache.ant:18: </class>
  <method>detectOsFamily</method>
  <thread>1</thread>
  <message>Detected os family to be windows</message>
</record>
<record>
  <date>2018-03-05T10:07:08</date>
  <millis>1520244428900</millis>
  <sequence>527</sequence>
  <logger>com.ibm.ws.install.configmanager.actionengine.ant.utils.ANTLogToCmtLogAdapter</logger>
  <level>INFO</level>
  <class>com.ibm.ws.install.configmanager.actionengine.ant.utils.ANTLogToCmtLogAdapter</class>
  <method>targetFinished</method>
  <thread>1</thread>
  <message>Target stopped for: detectOsFamily - SUCCESS</message>
</record>
<record>
  <date>2018-03-05T10:07:08</date>
  <millis>1520244428900</millis>
  <sequence>528</sequence>
  <logger>com.ibm.ws.install.configmanager.actionengine.ant.utils.ANTLogToCmtLogAdapter</logger>
  <level>INFO</level>
  <class>com.ibm.ws.install.configmanager.actionengine.ant.utils.ANTLogToCmtLogAdapter</class>
  <method>targetStarted</method>
  <thread>1</thread>
  <message>Target started for: setExecutable</message>
</record>
<record>
  <date>2018-03-05T10:07:08</date>
  <millis>1520244428900</millis>
  <sequence>529</sequence>
  <logger>com.ibm.ws.install.configmanager.actionengine.ant.utils.AntTaskToLogToConfigManagersLogFiles</logger>
  <level>INFO</level>
  <class>C:\Program Files (x86)\IBM\WebSphere\AppServer\properties\service\productDir\PostConfigActions\service\actions\clearOSGiCache.ant:34: </class>
  <method>setExecutable</method>
  <thread>1</thread>
  <message>Executable is C:\Program Files (x86)\IBM\WebSphere\AppServer/bin/osgiCfgInit.bat</message>
</record>
<record>
  <date>2018-03-05T10:07:08</date>
  <millis>1520244428916</millis>
  <sequence>530</sequence>
  <logger>com.ibm.ws.install.configmanager.actionengine.ant.utils.ANTLogToCmtLogAdapter</logger>
  <level>INFO</level>
  <class>com.ibm.ws.install.configmanager.actionengine.ant.utils.ANTLogToCmtLogAdapter</class>
  <method>targetFinished</method>
  <thread>1</thread>
  <message>Target stopped for: setExecutable - SUCCESS</message>
</record>
<record>
  <date>2018-03-05T10:07:08</date>
  <millis>1520244428916</millis>
  <sequence>531</sequence>
  <logger>com.ibm.ws.install.configmanager.actionengine.ant.utils.ANTLogToCmtLogAdapter</logger>
  <level>INFO</level>
  <class>com.ibm.ws.install.configmanager.actionengine.ant.utils.ANTLogToCmtLogAdapter</class>
  <method>targetStarted</method>
  <thread>1</thread>
  <message>Target started for: checkExecutableExistence</message>
</record>
<record>
  <date>2018-03-05T10:07:08</date>
  <millis>1520244428916</millis>
  <sequence>532</sequence>
  <logger>com.ibm.ws.install.configmanager.actionengine.ant.utils.AntTaskToLogToConfigManagersLogFiles</logger>
  <level>INFO</level>
  <class>C:\Program Files (x86)\IBM\WebSphere\AppServer\properties\service\productDir\PostConfigActions\service\actions\clearOSGiCache.ant:39: </class>
  <method>checkExecutableExistence</method>
  <thread>1</thread>
  <message>executableExists value is true</message>
</record>
<record>
  <date>2018-03-05T10:07:08</date>
  <millis>1520244428916</millis>
  <sequence>533</sequence>
  <logger>com.ibm.ws.install.configmanager.actionengine.ant.utils.ANTLogToCmtLogAdapter</logger>
  <level>INFO</level>
  <class>com.ibm.ws.install.configmanager.actionengine.ant.utils.ANTLogToCmtLogAdapter</class>
  <method>targetFinished</method>
  <thread>1</thread>
  <message>Target stopped for: checkExecutableExistence - SUCCESS</message>
</record>
<record>
  <date>2018-03-05T10:07:08</date>
  <millis>1520244428916</millis>
  <sequence>534</sequence>
  <logger>com.ibm.ws.install.configmanager.actionengine.ant.utils.ANTLogToCmtLogAdapter</logger>
  <level>INFO</level>
  <class>com.ibm.ws.install.configmanager.actionengine.ant.utils.ANTLogToCmtLogAdapter</class>
  <method>targetStarted</method>
  <thread>1</thread>
  <message>Target started for: issueWarning</message>
</record>
<record>
  <date>2018-03-05T10:07:08</date>
  <millis>1520244428916</millis>
  <sequence>535</sequence>
  <logger>com.ibm.ws.install.configmanager.actionengine.ant.utils.ANTLogToCmtLogAdapter</logger>
  <level>INFO</level>
  <class>com.ibm.ws.install.configmanager.actionengine.ant.utils.ANTLogToCmtLogAdapter</class>
  <method>targetFinished</method>
  <thread>1</thread>
  <message>Target stopped for: issueWarning - SUCCESS</message>
</record>
<record>
  <date>2018-03-05T10:07:08</date>
  <millis>1520244428916</millis>
  <sequence>536</sequence>
  <logger>com.ibm.ws.install.configmanager.actionengine.ant.utils.ANTLogToCmtLogAdapter</logger>
  <level>INFO</level>
  <class>com.ibm.ws.install.configmanager.actionengine.ant.utils.ANTLogToCmtLogAdapter</class>
  <method>targetStarted</method>
  <thread>1</thread>
  <message>Target started for: invokeExecutable</message>
</record>
<record>
  <date>2018-03-05T10:07:08</date>
  <millis>1520244428916</millis>
  <sequence>537</sequence>
  <logger>com.ibm.ws.install.configmanager.actionengine.ant.utils.AntTaskToLogToConfigManagersLogFiles</logger>
  <level>INFO</level>
  <class>C:\Program Files (x86)\IBM\WebSphere\AppServer\properties\service\productDir\PostConfigActions\service\actions\clearOSGiCache.ant:47: </class>
  <method>invokeExecutable</method>
  <thread>1</thread>
  <message>Invoking C:\Program Files (x86)\IBM\WebSphere\AppServer/bin/osgiCfgInit.bat.</message>
</record>
<record>
  <date>2018-03-05T10:07:13</date>
  <millis>1520244433327</millis>
  <sequence>538</sequence>
  <logger>com.ibm.ws.install.configmanager.actionengine.ant.utils.ANTLogToCmtLogAdapter</logger>
  <level>INFO</level>
  <class>com.ibm.ws.install.configmanager.actionengine.ant.utils.ANTLogToCmtLogAdapter</class>
  <method>messageLogged</method>
  <thread>24</thread>
  <message>OSGi profile cache successfully cleaned for C:\Program Files (x86)\IBM\WebSphere\AppServer\profiles\AppSrv01\configuration.</message>
</record>
<record>
  <date>2018-03-05T10:07:18</date>
  <millis>1520244438150</millis>
  <sequence>539</sequence>
  <logger>com.ibm.ws.install.configmanager.actionengine.ant.utils.ANTLogToCmtLogAdapter</logger>
  <level>INFO</level>
  <class>com.ibm.ws.install.configmanager.actionengine.ant.utils.ANTLogToCmtLogAdapter</class>
  <method>messageLogged</method>
  <thread>24</thread>
  <message>OSGi server cache successfully cleaned for C:\Program Files (x86)\IBM\WebSphere\AppServer\profiles\AppSrv01\servers\server1\configuration.</message>
</record>
<record>
  <date>2018-03-05T10:07:18</date>
  <millis>1520244438157</millis>
  <sequence>540</sequence>
  <logger>com.ibm.ws.install.configmanager.actionengine.ant.utils.ANTLogToCmtLogAdapter</logger>
  <level>INFO</level>
  <class>com.ibm.ws.install.configmanager.actionengine.ant.utils.ANTLogToCmtLogAdapter</class>
  <method>targetFinished</method>
  <thread>1</thread>
  <message>Target stopped for: invokeExecutable - SUCCESS</message>
</record>
<record>
  <date>2018-03-05T10:07:18</date>
  <millis>1520244438158</millis>
  <sequence>541</sequence>
  <logger>com.ibm.ws.install.configmanager.actionengine.ant.utils.ANTLogToCmtLogAdapter</logger>
  <level>INFO</level>
  <class>com.ibm.ws.install.configmanager.actionengine.ant.utils.ANTLogToCmtLogAdapter</class>
  <method>targetStarted</method>
  <thread>1</thread>
  <message>Target started for: install</message>
</record>
<record>
  <date>2018-03-05T10:07:18</date>
  <millis>1520244438158</millis>
  <sequence>542</sequence>
  <logger>com.ibm.ws.install.configmanager.actionengine.ant.utils.ANTLogToCmtLogAdapter</logger>
  <level>INFO</level>
  <class>com.ibm.ws.install.configmanager.actionengine.ant.utils.ANTLogToCmtLogAdapter</class>
  <method>targetFinished</method>
  <thread>1</thread>
  <message>Target stopped for: install - SUCCESS</message>
</record>
<record>
  <date>2018-03-05T10:07:18</date>
  <millis>1520244438158</millis>
  <sequence>543</sequence>
  <logger>com.ibm.ws.install.configmanager.actionengine.ant.utils.ANTLogToCmtLogAdapter</logger>
  <level>INFO</level>
  <class>com.ibm.ws.install.configmanager.actionengine.ant.utils.ANTLogToCmtLogAdapter</class>
  <method>buildFinished</method>
  <thread>1</thread>
  <message>Build stopped - SUCCESS</message>
</record>
<record>
  <date>2018-03-05T10:07:18</date>
  <millis>1520244438158</millis>
  <sequence>544</sequence>
  <logger>com.ibm.ws.install.configmanager.actionengine.ANTAction</logger>
  <level>INFO</level>
  <class>com.ibm.ws.install.configmanager.actionengine.ANTAction</class>
  <method>executeAction</method>
  <thread>1</thread>
  <message>Result of executing C:\Program Files (x86)\IBM\WebSphere\AppServer\properties\service\productDir\PostConfigActions\service\actions\clearOSGiCache.ant was: true</message>
</record>
<record>
  <date>2018-03-05T10:07:18</date>
  <millis>1520244438158</millis>
  <sequence>545</sequence>
  <logger>com.ibm.ws.install.configmanager.ConfigManager</logger>
  <level>INFO</level>
  <class>com.ibm.ws.install.configmanager.ConfigManager</class>
  <method>executeAllActionsFound</method>
  <thread>1</thread>
  <message>Configuration action succeeded: com.ibm.ws.install.configmanager.actionengine.ConfigAction-C:\Program Files (x86)\IBM\WebSphere\AppServer\properties\service\productDir\PostConfigActions\service\actions\clearOSGiCache.ant</message>
</record>
<record>
  <date>2018-03-05T10:07:18</date>
  <millis>1520244438158</millis>
  <sequence>546</sequence>
  <logger>com.ibm.ws.postinstall.cmext.ConfigManagerExtension</logger>
  <level>INFO</level>
  <class>com.ibm.ws.postinstall.cmext.ConfigManagerExtension</class>
  <method>configurationActionPreprocessor</method>
  <thread>1</thread>
  <message>preprocessing config action C:\Program Files (x86)\IBM\WebSphere\AppServer\properties\service\productDir\PostConfigActions\service\actions\runiscdeploy.ant</message>
</record>
<record>
  <date>2018-03-05T10:07:18</date>
  <millis>1520244438158</millis>
  <sequence>547</sequence>
  <logger>com.ibm.ws.postinstall.cmext.ConfigManagerExtension</logger>
  <level>INFO</level>
  <class>com.ibm.ws.postinstall.cmext.ConfigManagerExtension</class>
  <method>configurationActionPreprocessor</method>
  <thread>1</thread>
  <message>profileUpdate attribute =  true</message>
</record>
<record>
  <date>2018-03-05T10:07:18</date>
  <millis>1520244438158</millis>
  <sequence>548</sequence>
  <logger>com.ibm.ws.postinstall.cmext.ConfigManagerExtension</logger>
  <level>INFO</level>
  <class>com.ibm.ws.postinstall.cmext.ConfigManagerExtension</class>
  <method>configurationActionPreprocessor</method>
  <thread>1</thread>
  <message>alwaysExecute attribute =  true</message>
</record>
<record>
  <date>2018-03-05T10:07:18</date>
  <millis>1520244438158</millis>
  <sequence>549</sequence>
  <logger>com.ibm.ws.postinstall.cmext.ConfigManagerExtension</logger>
  <level>INFO</level>
  <class>com.ibm.ws.postinstall.cmext.ConfigManagerExtension</class>
  <method>configurationActionPreprocessor</method>
  <thread>1</thread>
  <message>altersFile attribute =  </message>
</record>
<record>
  <date>2018-03-05T10:07:18</date>
  <millis>1520244438158</millis>
  <sequence>550</sequence>
  <logger>com.ibm.ws.postinstall.cmext.ConfigManagerExtension</logger>
  <level>INFO</level>
  <class>com.ibm.ws.postinstall.cmext.ConfigManagerExtension</class>
  <method>configurationActionPreprocessor</method>
  <thread>1</thread>
  <message>action target =  install</message>
</record>
<record>
  <date>2018-03-05T10:07:18</date>
  <millis>1520244438158</millis>
  <sequence>551</sequence>
  <logger>com.ibm.ws.postinstall.cmext.ConfigManagerExtension</logger>
  <level>INFO</level>
  <class>com.ibm.ws.postinstall.cmext.ConfigManagerExtension</class>
  <method>configurationActionPreprocessor</method>
  <thread>1</thread>
  <message>permissionsProcessing =  true</message>
</record>
<record>
  <date>2018-03-05T10:07:18</date>
  <millis>1520244438158</millis>
  <sequence>552</sequence>
  <logger>com.ibm.ws.postinstall.cmext.ConfigManagerExtension</logger>
  <level>INFO</level>
  <class>com.ibm.ws.postinstall.cmext.ConfigManagerExtension</class>
  <method>configurationActionPreprocessor</method>
  <thread>1</thread>
  <message>profilePath =  C:\Program Files (x86)\IBM\WebSphere\AppServer\profiles\AppSrv01</message>
</record>
<record>
  <date>2018-03-05T10:07:18</date>
  <millis>1520244438158</millis>
  <sequence>553</sequence>
  <logger>com.ibm.ws.postinstall.cmext.ConfigManagerExtension</logger>
  <level>INFO</level>
  <class>com.ibm.ws.postinstall.cmext.ConfigManagerExtension</class>
  <method>configurationActionPreprocessor</method>
  <thread>1</thread>
  <message>management workspace =  C:\Program Files (x86)\IBM\WebSphere\AppServer\profiles\AppSrv01\workspace</message>
</record>
<record>
  <date>2018-03-05T10:07:18</date>
  <millis>1520244438158</millis>
  <sequence>554</sequence>
  <logger>com.ibm.ws.install.configmanager.actionengine.ANTAction</logger>
  <level>INFO</level>
  <class>com.ibm.ws.install.configmanager.actionengine.ANTAction</class>
  <method>executeAction</method>
  <thread>1</thread>
  <message>Using an InProcess ANT call to execute this action: C:\Program Files (x86)\IBM\WebSphere\AppServer\properties\service\productDir\PostConfigActions\service\actions\runiscdeploy.ant</message>
</record>
<record>
  <date>2018-03-05T10:07:18</date>
  <millis>1520244438158</millis>
  <sequence>555</sequence>
  <logger>com.ibm.ws.install.configmanager.actionengine.ant.utils.InProcessAntRunner</logger>
  <level>INFO</level>
  <class>com.ibm.ws.install.configmanager.actionengine.ant.utils.InProcessAntRunner</class>
  <method>logOutputMessage</method>
  <thread>1</thread>
  <message>Buildfile: C:\Program Files (x86)\IBM\WebSphere\AppServer\properties\service\productDir\PostConfigActions\service\actions\runiscdeploy.ant</message>
</record>
<record>
  <date>2018-03-05T10:07:18</date>
  <millis>1520244438158</millis>
  <sequence>556</sequence>
  <logger>com.ibm.ws.install.configmanager.actionengine.ant.utils.ANTLogToCmtLogAdapter</logger>
  <level>INFO</level>
  <class>com.ibm.ws.install.configmanager.actionengine.ant.utils.ANTLogToCmtLogAdapter</class>
  <method>buildStarted</method>
  <thread>1</thread>
  <message>Build started.</message>
</record>
<record>
  <date>2018-03-05T10:07:18</date>
  <millis>1520244438174</millis>
  <sequence>557</sequence>
  <logger>com.ibm.ws.install.configmanager.actionengine.ant.utils.ANTLogToCmtLogAdapter</logger>
  <level>INFO</level>
  <class>com.ibm.ws.install.configmanager.actionengine.ant.utils.ANTLogToCmtLogAdapter</class>
  <method>targetStarted</method>
  <thread>1</thread>
  <message>Target started for: detectCurrentOSFamily</message>
</record>
<record>
  <date>2018-03-05T10:07:18</date>
  <millis>1520244438174</millis>
  <sequence>558</sequence>
  <logger>com.ibm.ws.install.configmanager.actionengine.ant.utils.AntTaskToLogToConfigManagersLogFiles</logger>
  <level>INFO</level>
  <class>C:\Program Files (x86)\IBM\WebSphere\AppServer\properties\service\productDir\PostConfigActions\service\actions\runiscdeploy.ant:56: </class>
  <method>detectCurrentOSFamily</method>
  <thread>1</thread>
  <message>Detected current OS family to be: windows</message>
</record>
<record>
  <date>2018-03-05T10:07:18</date>
  <millis>1520244438174</millis>
  <sequence>559</sequence>
  <logger>com.ibm.ws.install.configmanager.actionengine.ant.utils.ANTLogToCmtLogAdapter</logger>
  <level>INFO</level>
  <class>com.ibm.ws.install.configmanager.actionengine.ant.utils.ANTLogToCmtLogAdapter</class>
  <method>targetFinished</method>
  <thread>1</thread>
  <message>Target stopped for: detectCurrentOSFamily - SUCCESS</message>
</record>
<record>
  <date>2018-03-05T10:07:18</date>
  <millis>1520244438174</millis>
  <sequence>560</sequence>
  <logger>com.ibm.ws.install.configmanager.actionengine.ant.utils.ANTLogToCmtLogAdapter</logger>
  <level>INFO</level>
  <class>com.ibm.ws.install.configmanager.actionengine.ant.utils.ANTLogToCmtLogAdapter</class>
  <method>targetStarted</method>
  <thread>1</thread>
  <message>Target started for: setCurrentOSFamily</message>
</record>
<record>
  <date>2018-03-05T10:07:18</date>
  <millis>1520244438174</millis>
  <sequence>561</sequence>
  <logger>com.ibm.ws.install.configmanager.actionengine.ant.utils.ANTLogToCmtLogAdapter</logger>
  <level>INFO</level>
  <class>com.ibm.ws.install.configmanager.actionengine.ant.utils.ANTLogToCmtLogAdapter</class>
  <method>targetFinished</method>
  <thread>1</thread>
  <message>Target stopped for: setCurrentOSFamily - SUCCESS</message>
</record>
<record>
  <date>2018-03-05T10:07:18</date>
  <millis>1520244438174</millis>
  <sequence>562</sequence>
  <logger>com.ibm.ws.install.configmanager.actionengine.ant.utils.ANTLogToCmtLogAdapter</logger>
  <level>INFO</level>
  <class>com.ibm.ws.install.configmanager.actionengine.ant.utils.ANTLogToCmtLogAdapter</class>
  <method>targetStarted</method>
  <thread>1</thread>
  <message>Target started for: setOSFileSeparator</message>
</record>
<record>
  <date>2018-03-05T10:07:18</date>
  <millis>1520244438174</millis>
  <sequence>563</sequence>
  <logger>com.ibm.ws.install.configmanager.actionengine.ant.utils.ANTLogToCmtLogAdapter</logger>
  <level>INFO</level>
  <class>com.ibm.ws.install.configmanager.actionengine.ant.utils.ANTLogToCmtLogAdapter</class>
  <method>targetFinished</method>
  <thread>1</thread>
  <message>Target stopped for: setOSFileSeparator - SUCCESS</message>
</record>
<record>
  <date>2018-03-05T10:07:18</date>
  <millis>1520244438174</millis>
  <sequence>564</sequence>
  <logger>com.ibm.ws.install.configmanager.actionengine.ant.utils.ANTLogToCmtLogAdapter</logger>
  <level>INFO</level>
  <class>com.ibm.ws.install.configmanager.actionengine.ant.utils.ANTLogToCmtLogAdapter</class>
  <method>targetStarted</method>
  <thread>1</thread>
  <message>Target started for: setExecutable</message>
</record>
<record>
  <date>2018-03-05T10:07:18</date>
  <millis>1520244438174</millis>
  <sequence>565</sequence>
  <logger>com.ibm.ws.install.configmanager.actionengine.ant.utils.AntTaskToLogToConfigManagersLogFiles</logger>
  <level>INFO</level>
  <class>C:\Program Files (x86)\IBM\WebSphere\AppServer\properties\service\productDir\PostConfigActions\service\actions\runiscdeploy.ant:109: </class>
  <method>setExecutable</method>
  <thread>1</thread>
  <message>The full path of the executable is: C:\Program Files (x86)\IBM\WebSphere\AppServer\profiles\AppSrv01\bin\iscdeploy.bat</message>
</record>
<record>
  <date>2018-03-05T10:07:18</date>
  <millis>1520244438174</millis>
  <sequence>566</sequence>
  <logger>com.ibm.ws.install.configmanager.actionengine.ant.utils.ANTLogToCmtLogAdapter</logger>
  <level>INFO</level>
  <class>com.ibm.ws.install.configmanager.actionengine.ant.utils.ANTLogToCmtLogAdapter</class>
  <method>targetFinished</method>
  <thread>1</thread>
  <message>Target stopped for: setExecutable - SUCCESS</message>
</record>
<record>
  <date>2018-03-05T10:07:18</date>
  <millis>1520244438174</millis>
  <sequence>567</sequence>
  <logger>com.ibm.ws.install.configmanager.actionengine.ant.utils.ANTLogToCmtLogAdapter</logger>
  <level>INFO</level>
  <class>com.ibm.ws.install.configmanager.actionengine.ant.utils.ANTLogToCmtLogAdapter</class>
  <method>targetStarted</method>
  <thread>1</thread>
  <message>Target started for: checkIscdeployflagAndExeExist</message>
</record>
<record>
  <date>2018-03-05T10:07:18</date>
  <millis>1520244438190</millis>
  <sequence>568</sequence>
  <logger>com.ibm.ws.install.configmanager.actionengine.ant.utils.ANTLogToCmtLogAdapter</logger>
  <level>INFO</level>
  <class>com.ibm.ws.install.configmanager.actionengine.ant.utils.ANTLogToCmtLogAdapter</class>
  <method>targetFinished</method>
  <thread>1</thread>
  <message>Target stopped for: checkIscdeployflagAndExeExist - SUCCESS</message>
</record>
<record>
  <date>2018-03-05T10:07:18</date>
  <millis>1520244438190</millis>
  <sequence>569</sequence>
  <logger>com.ibm.ws.install.configmanager.actionengine.ant.utils.ANTLogToCmtLogAdapter</logger>
  <level>INFO</level>
  <class>com.ibm.ws.install.configmanager.actionengine.ant.utils.ANTLogToCmtLogAdapter</class>
  <method>targetStarted</method>
  <thread>1</thread>
  <message>Target started for: issueWarning</message>
</record>
<record>
  <date>2018-03-05T10:07:18</date>
  <millis>1520244438190</millis>
  <sequence>570</sequence>
  <logger>com.ibm.ws.install.configmanager.actionengine.ant.utils.ANTLogToCmtLogAdapter</logger>
  <level>INFO</level>
  <class>com.ibm.ws.install.configmanager.actionengine.ant.utils.ANTLogToCmtLogAdapter</class>
  <method>targetFinished</method>
  <thread>1</thread>
  <message>Target stopped for: issueWarning - SUCCESS</message>
</record>
<record>
  <date>2018-03-05T10:07:18</date>
  <millis>1520244438190</millis>
  <sequence>571</sequence>
  <logger>com.ibm.ws.install.configmanager.actionengine.ant.utils.ANTLogToCmtLogAdapter</logger>
  <level>INFO</level>
  <class>com.ibm.ws.install.configmanager.actionengine.ant.utils.ANTLogToCmtLogAdapter</class>
  <method>targetStarted</method>
  <thread>1</thread>
  <message>Target started for: runiscdeploy</message>
</record>
<record>
  <date>2018-03-05T10:07:18</date>
  <millis>1520244438190</millis>
  <sequence>572</sequence>
  <logger>com.ibm.ws.install.configmanager.actionengine.ant.utils.ANTLogToCmtLogAdapter</logger>
  <level>INFO</level>
  <class>com.ibm.ws.install.configmanager.actionengine.ant.utils.ANTLogToCmtLogAdapter</class>
  <method>targetFinished</method>
  <thread>1</thread>
  <message>Target stopped for: runiscdeploy - SUCCESS</message>
</record>
<record>
  <date>2018-03-05T10:07:18</date>
  <millis>1520244438190</millis>
  <sequence>573</sequence>
  <logger>com.ibm.ws.install.configmanager.actionengine.ant.utils.ANTLogToCmtLogAdapter</logger>
  <level>INFO</level>
  <class>com.ibm.ws.install.configmanager.actionengine.ant.utils.ANTLogToCmtLogAdapter</class>
  <method>targetStarted</method>
  <thread>1</thread>
  <message>Target started for: install</message>
</record>
<record>
  <date>2018-03-05T10:07:18</date>
  <millis>1520244438190</millis>
  <sequence>574</sequence>
  <logger>com.ibm.ws.install.configmanager.actionengine.ant.utils.ANTLogToCmtLogAdapter</logger>
  <level>INFO</level>
  <class>com.ibm.ws.install.configmanager.actionengine.ant.utils.ANTLogToCmtLogAdapter</class>
  <method>targetFinished</method>
  <thread>1</thread>
  <message>Target stopped for: install - SUCCESS</message>
</record>
<record>
  <date>2018-03-05T10:07:18</date>
  <millis>1520244438190</millis>
  <sequence>575</sequence>
  <logger>com.ibm.ws.install.configmanager.actionengine.ant.utils.ANTLogToCmtLogAdapter</logger>
  <level>INFO</level>
  <class>com.ibm.ws.install.configmanager.actionengine.ant.utils.ANTLogToCmtLogAdapter</class>
  <method>buildFinished</method>
  <thread>1</thread>
  <message>Build stopped - SUCCESS</message>
</record>
<record>
  <date>2018-03-05T10:07:18</date>
  <millis>1520244438190</millis>
  <sequence>576</sequence>
  <logger>com.ibm.ws.install.configmanager.actionengine.ANTAction</logger>
  <level>INFO</level>
  <class>com.ibm.ws.install.configmanager.actionengine.ANTAction</class>
  <method>executeAction</method>
  <thread>1</thread>
  <message>Result of executing C:\Program Files (x86)\IBM\WebSphere\AppServer\properties\service\productDir\PostConfigActions\service\actions\runiscdeploy.ant was: true</message>
</record>
<record>
  <date>2018-03-05T10:07:18</date>
  <millis>1520244438190</millis>
  <sequence>577</sequence>
  <logger>com.ibm.ws.install.configmanager.ConfigManager</logger>
  <level>INFO</level>
  <class>com.ibm.ws.install.configmanager.ConfigManager</class>
  <method>executeAllActionsFound</method>
  <thread>1</thread>
  <message>Configuration action succeeded: com.ibm.ws.install.configmanager.actionengine.ConfigAction-C:\Program Files (x86)\IBM\WebSphere\AppServer\properties\service\productDir\PostConfigActions\service\actions\runiscdeploy.ant</message>
</record>
<record>
  <date>2018-03-05T10:07:18</date>
  <millis>1520244438190</millis>
  <sequence>578</sequence>
  <logger>com.ibm.ws.postinstall.cmext.ConfigManagerExtension</logger>
  <level>INFO</level>
  <class>com.ibm.ws.postinstall.cmext.ConfigManagerExtension</class>
  <method>configurationActionPreprocessor</method>
  <thread>1</thread>
  <message>preprocessing config action C:\Program Files (x86)\IBM\WebSphere\AppServer\properties\service\productDir\PostConfigActions\service\actions\clearClassCache.ant</message>
</record>
<record>
  <date>2018-03-05T10:07:18</date>
  <millis>1520244438190</millis>
  <sequence>579</sequence>
  <logger>com.ibm.ws.postinstall.cmext.ConfigManagerExtension</logger>
  <level>INFO</level>
  <class>com.ibm.ws.postinstall.cmext.ConfigManagerExtension</class>
  <method>configurationActionPreprocessor</method>
  <thread>1</thread>
  <message>profileUpdate attribute =  true</message>
</record>
<record>
  <date>2018-03-05T10:07:18</date>
  <millis>1520244438190</millis>
  <sequence>580</sequence>
  <logger>com.ibm.ws.postinstall.cmext.ConfigManagerExtension</logger>
  <level>INFO</level>
  <class>com.ibm.ws.postinstall.cmext.ConfigManagerExtension</class>
  <method>configurationActionPreprocessor</method>
  <thread>1</thread>
  <message>alwaysExecute attribute =  true</message>
</record>
<record>
  <date>2018-03-05T10:07:18</date>
  <millis>1520244438190</millis>
  <sequence>581</sequence>
  <logger>com.ibm.ws.postinstall.cmext.ConfigManagerExtension</logger>
  <level>INFO</level>
  <class>com.ibm.ws.postinstall.cmext.ConfigManagerExtension</class>
  <method>configurationActionPreprocessor</method>
  <thread>1</thread>
  <message>altersFile attribute =  </message>
</record>
<record>
  <date>2018-03-05T10:07:18</date>
  <millis>1520244438190</millis>
  <sequence>582</sequence>
  <logger>com.ibm.ws.postinstall.cmext.ConfigManagerExtension</logger>
  <level>INFO</level>
  <class>com.ibm.ws.postinstall.cmext.ConfigManagerExtension</class>
  <method>configurationActionPreprocessor</method>
  <thread>1</thread>
  <message>action target =  install</message>
</record>
<record>
  <date>2018-03-05T10:07:18</date>
  <millis>1520244438190</millis>
  <sequence>583</sequence>
  <logger>com.ibm.ws.postinstall.cmext.ConfigManagerExtension</logger>
  <level>INFO</level>
  <class>com.ibm.ws.postinstall.cmext.ConfigManagerExtension</class>
  <method>configurationActionPreprocessor</method>
  <thread>1</thread>
  <message>permissionsProcessing =  true</message>
</record>
<record>
  <date>2018-03-05T10:07:18</date>
  <millis>1520244438190</millis>
  <sequence>584</sequence>
  <logger>com.ibm.ws.postinstall.cmext.ConfigManagerExtension</logger>
  <level>INFO</level>
  <class>com.ibm.ws.postinstall.cmext.ConfigManagerExtension</class>
  <method>configurationActionPreprocessor</method>
  <thread>1</thread>
  <message>profilePath =  C:\Program Files (x86)\IBM\WebSphere\AppServer\profiles\AppSrv01</message>
</record>
<record>
  <date>2018-03-05T10:07:18</date>
  <millis>1520244438190</millis>
  <sequence>585</sequence>
  <logger>com.ibm.ws.postinstall.cmext.ConfigManagerExtension</logger>
  <level>INFO</level>
  <class>com.ibm.ws.postinstall.cmext.ConfigManagerExtension</class>
  <method>configurationActionPreprocessor</method>
  <thread>1</thread>
  <message>management workspace =  C:\Program Files (x86)\IBM\WebSphere\AppServer\profiles\AppSrv01\workspace</message>
</record>
<record>
  <date>2018-03-05T10:07:18</date>
  <millis>1520244438190</millis>
  <sequence>586</sequence>
  <logger>com.ibm.ws.install.configmanager.actionengine.ANTAction</logger>
  <level>INFO</level>
  <class>com.ibm.ws.install.configmanager.actionengine.ANTAction</class>
  <method>executeAction</method>
  <thread>1</thread>
  <message>Using an InProcess ANT call to execute this action: C:\Program Files (x86)\IBM\WebSphere\AppServer\properties\service\productDir\PostConfigActions\service\actions\clearClassCache.ant</message>
</record>
<record>
  <date>2018-03-05T10:07:18</date>
  <millis>1520244438190</millis>
  <sequence>587</sequence>
  <logger>com.ibm.ws.install.configmanager.actionengine.ant.utils.InProcessAntRunner</logger>
  <level>INFO</level>
  <class>com.ibm.ws.install.configmanager.actionengine.ant.utils.InProcessAntRunner</class>
  <method>logOutputMessage</method>
  <thread>1</thread>
  <message>Buildfile: C:\Program Files (x86)\IBM\WebSphere\AppServer\properties\service\productDir\PostConfigActions\service\actions\clearClassCache.ant</message>
</record>
<record>
  <date>2018-03-05T10:07:18</date>
  <millis>1520244438190</millis>
  <sequence>588</sequence>
  <logger>com.ibm.ws.install.configmanager.actionengine.ant.utils.ANTLogToCmtLogAdapter</logger>
  <level>INFO</level>
  <class>com.ibm.ws.install.configmanager.actionengine.ant.utils.ANTLogToCmtLogAdapter</class>
  <method>buildStarted</method>
  <thread>1</thread>
  <message>Build started.</message>
</record>
<record>
  <date>2018-03-05T10:07:18</date>
  <millis>1520244438205</millis>
  <sequence>589</sequence>
  <logger>com.ibm.ws.install.configmanager.actionengine.ant.utils.ANTLogToCmtLogAdapter</logger>
  <level>INFO</level>
  <class>com.ibm.ws.install.configmanager.actionengine.ant.utils.ANTLogToCmtLogAdapter</class>
  <method>targetStarted</method>
  <thread>1</thread>
  <message>Target started for: detectOsFamily</message>
</record>
<record>
  <date>2018-03-05T10:07:18</date>
  <millis>1520244438205</millis>
  <sequence>590</sequence>
  <logger>com.ibm.ws.install.configmanager.actionengine.ant.utils.AntTaskToLogToConfigManagersLogFiles</logger>
  <level>INFO</level>
  <class>C:\Program Files (x86)\IBM\WebSphere\AppServer\properties\service\productDir\PostConfigActions\service\actions\clearClassCache.ant:18: </class>
  <method>detectOsFamily</method>
  <thread>1</thread>
  <message>Detected os family to be windows</message>
</record>
<record>
  <date>2018-03-05T10:07:18</date>
  <millis>1520244438205</millis>
  <sequence>591</sequence>
  <logger>com.ibm.ws.install.configmanager.actionengine.ant.utils.ANTLogToCmtLogAdapter</logger>
  <level>INFO</level>
  <class>com.ibm.ws.install.configmanager.actionengine.ant.utils.ANTLogToCmtLogAdapter</class>
  <method>targetFinished</method>
  <thread>1</thread>
  <message>Target stopped for: detectOsFamily - SUCCESS</message>
</record>
<record>
  <date>2018-03-05T10:07:18</date>
  <millis>1520244438205</millis>
  <sequence>592</sequence>
  <logger>com.ibm.ws.install.configmanager.actionengine.ant.utils.ANTLogToCmtLogAdapter</logger>
  <level>INFO</level>
  <class>com.ibm.ws.install.configmanager.actionengine.ant.utils.ANTLogToCmtLogAdapter</class>
  <method>targetStarted</method>
  <thread>1</thread>
  <message>Target started for: setExecutable</message>
</record>
<record>
  <date>2018-03-05T10:07:18</date>
  <millis>1520244438205</millis>
  <sequence>593</sequence>
  <logger>com.ibm.ws.install.configmanager.actionengine.ant.utils.AntTaskToLogToConfigManagersLogFiles</logger>
  <level>INFO</level>
  <class>C:\Program Files (x86)\IBM\WebSphere\AppServer\properties\service\productDir\PostConfigActions\service\actions\clearClassCache.ant:34: </class>
  <method>setExecutable</method>
  <thread>1</thread>
  <message>Executable is C:\Program Files (x86)\IBM\WebSphere\AppServer/bin/clearClassCache.bat</message>
</record>
<record>
  <date>2018-03-05T10:07:18</date>
  <millis>1520244438205</millis>
  <sequence>594</sequence>
  <logger>com.ibm.ws.install.configmanager.actionengine.ant.utils.ANTLogToCmtLogAdapter</logger>
  <level>INFO</level>
  <class>com.ibm.ws.install.configmanager.actionengine.ant.utils.ANTLogToCmtLogAdapter</class>
  <method>targetFinished</method>
  <thread>1</thread>
  <message>Target stopped for: setExecutable - SUCCESS</message>
</record>
<record>
  <date>2018-03-05T10:07:18</date>
  <millis>1520244438205</millis>
  <sequence>595</sequence>
  <logger>com.ibm.ws.install.configmanager.actionengine.ant.utils.ANTLogToCmtLogAdapter</logger>
  <level>INFO</level>
  <class>com.ibm.ws.install.configmanager.actionengine.ant.utils.ANTLogToCmtLogAdapter</class>
  <method>targetStarted</method>
  <thread>1</thread>
  <message>Target started for: checkExecutableExistence</message>
</record>
<record>
  <date>2018-03-05T10:07:18</date>
  <millis>1520244438205</millis>
  <sequence>596</sequence>
  <logger>com.ibm.ws.install.configmanager.actionengine.ant.utils.AntTaskToLogToConfigManagersLogFiles</logger>
  <level>INFO</level>
  <class>C:\Program Files (x86)\IBM\WebSphere\AppServer\properties\service\productDir\PostConfigActions\service\actions\clearClassCache.ant:39: </class>
  <method>checkExecutableExistence</method>
  <thread>1</thread>
  <message>executableExists value is true</message>
</record>
<record>
  <date>2018-03-05T10:07:18</date>
  <millis>1520244438205</millis>
  <sequence>597</sequence>
  <logger>com.ibm.ws.install.configmanager.actionengine.ant.utils.ANTLogToCmtLogAdapter</logger>
  <level>INFO</level>
  <class>com.ibm.ws.install.configmanager.actionengine.ant.utils.ANTLogToCmtLogAdapter</class>
  <method>targetFinished</method>
  <thread>1</thread>
  <message>Target stopped for: checkExecutableExistence - SUCCESS</message>
</record>
<record>
  <date>2018-03-05T10:07:18</date>
  <millis>1520244438205</millis>
  <sequence>598</sequence>
  <logger>com.ibm.ws.install.configmanager.actionengine.ant.utils.ANTLogToCmtLogAdapter</logger>
  <level>INFO</level>
  <class>com.ibm.ws.install.configmanager.actionengine.ant.utils.ANTLogToCmtLogAdapter</class>
  <method>targetStarted</method>
  <thread>1</thread>
  <message>Target started for: issueWarning</message>
</record>
<record>
  <date>2018-03-05T10:07:18</date>
  <millis>1520244438205</millis>
  <sequence>599</sequence>
  <logger>com.ibm.ws.install.configmanager.actionengine.ant.utils.ANTLogToCmtLogAdapter</logger>
  <level>INFO</level>
  <class>com.ibm.ws.install.configmanager.actionengine.ant.utils.ANTLogToCmtLogAdapter</class>
  <method>targetFinished</method>
  <thread>1</thread>
  <message>Target stopped for: issueWarning - SUCCESS</message>
</record>
<record>
  <date>2018-03-05T10:07:18</date>
  <millis>1520244438205</millis>
  <sequence>600</sequence>
  <logger>com.ibm.ws.install.configmanager.actionengine.ant.utils.ANTLogToCmtLogAdapter</logger>
  <level>INFO</level>
  <class>com.ibm.ws.install.configmanager.actionengine.ant.utils.ANTLogToCmtLogAdapter</class>
  <method>targetStarted</method>
  <thread>1</thread>
  <message>Target started for: invokeExecutable</message>
</record>
<record>
  <date>2018-03-05T10:07:18</date>
  <millis>1520244438205</millis>
  <sequence>601</sequence>
  <logger>com.ibm.ws.install.configmanager.actionengine.ant.utils.AntTaskToLogToConfigManagersLogFiles</logger>
  <level>INFO</level>
  <class>C:\Program Files (x86)\IBM\WebSphere\AppServer\properties\service\productDir\PostConfigActions\service\actions\clearClassCache.ant:47: </class>
  <method>invokeExecutable</method>
  <thread>1</thread>
  <message>Invoking C:\Program Files (x86)\IBM\WebSphere\AppServer/bin/clearClassCache.bat.</message>
</record>
<record>
  <date>2018-03-05T10:07:25</date>
  <millis>1520244445214</millis>
  <sequence>602</sequence>
  <logger>com.ibm.ws.install.configmanager.actionengine.ant.utils.ANTLogToCmtLogAdapter</logger>
  <level>INFO</level>
  <class>com.ibm.ws.install.configmanager.actionengine.ant.utils.ANTLogToCmtLogAdapter</class>
  <method>targetFinished</method>
  <thread>1</thread>
  <message>Target stopped for: invokeExecutable - SUCCESS</message>
</record>
<record>
  <date>2018-03-05T10:07:25</date>
  <millis>1520244445214</millis>
  <sequence>603</sequence>
  <logger>com.ibm.ws.install.configmanager.actionengine.ant.utils.ANTLogToCmtLogAdapter</logger>
  <level>INFO</level>
  <class>com.ibm.ws.install.configmanager.actionengine.ant.utils.ANTLogToCmtLogAdapter</class>
  <method>targetStarted</method>
  <thread>1</thread>
  <message>Target started for: install</message>
</record>
<record>
  <date>2018-03-05T10:07:25</date>
  <millis>1520244445214</millis>
  <sequence>604</sequence>
  <logger>com.ibm.ws.install.configmanager.actionengine.ant.utils.ANTLogToCmtLogAdapter</logger>
  <level>INFO</level>
  <class>com.ibm.ws.install.configmanager.actionengine.ant.utils.ANTLogToCmtLogAdapter</class>
  <method>targetFinished</method>
  <thread>1</thread>
  <message>Target stopped for: install - SUCCESS</message>
</record>
<record>
  <date>2018-03-05T10:07:25</date>
  <millis>1520244445230</millis>
  <sequence>605</sequence>
  <logger>com.ibm.ws.install.configmanager.actionengine.ant.utils.ANTLogToCmtLogAdapter</logger>
  <level>INFO</level>
  <class>com.ibm.ws.install.configmanager.actionengine.ant.utils.ANTLogToCmtLogAdapter</class>
  <method>buildFinished</method>
  <thread>1</thread>
  <message>Build stopped - SUCCESS</message>
</record>
<record>
  <date>2018-03-05T10:07:25</date>
  <millis>1520244445230</millis>
  <sequence>606</sequence>
  <logger>com.ibm.ws.install.configmanager.actionengine.ANTAction</logger>
  <level>INFO</level>
  <class>com.ibm.ws.install.configmanager.actionengine.ANTAction</class>
  <method>executeAction</method>
  <thread>1</thread>
  <message>Result of executing C:\Program Files (x86)\IBM\WebSphere\AppServer\properties\service\productDir\PostConfigActions\service\actions\clearClassCache.ant was: true</message>
</record>
<record>
  <date>2018-03-05T10:07:25</date>
  <millis>1520244445230</millis>
  <sequence>607</sequence>
  <logger>com.ibm.ws.install.configmanager.ConfigManager</logger>
  <level>INFO</level>
  <class>com.ibm.ws.install.configmanager.ConfigManager</class>
  <method>executeAllActionsFound</method>
  <thread>1</thread>
  <message>Configuration action succeeded: com.ibm.ws.install.configmanager.actionengine.ConfigAction-C:\Program Files (x86)\IBM\WebSphere\AppServer\properties\service\productDir\PostConfigActions\service\actions\clearClassCache.ant</message>
</record>
<record>
  <date>2018-03-05T10:07:25</date>
  <millis>1520244445230</millis>
  <sequence>608</sequence>
  <logger>com.ibm.ws.install.configmanager.ConfigManager</logger>
  <level>INFO</level>
  <class>com.ibm.ws.install.configmanager.ConfigManager</class>
  <method>launch</method>
  <thread>1</thread>
  <message>No errors were encountered while executing the repository actions</message>
</record>
<record>
  <date>2018-03-05T10:07:25</date>
  <millis>1520244445230</millis>
  <sequence>609</sequence>
  <logger>com.ibm.ws.install.configmanager.ConfigManager</logger>
  <level>INFO</level>
  <class>com.ibm.ws.install.configmanager.ConfigManager</class>
  <method>launch</method>
  <thread>1</thread>
  <message>Returning with return code: INSTCONFSUCCESS</message>
</record>
</log>
