<?xml version="1.0" encoding="windows-1252" standalone="no"?>
<!DOCTYPE log SYSTEM "logger.dtd">
<log>
<record>
  <date>2018-03-06T01:38:17</date>
  <millis>1520300297694</millis>
  <sequence>56</sequence>
  <logger>com.ibm.ws.postinstall</logger>
  <level>INFO</level>
  <class>com.ibm.ws.postinstall.LaunchUnifiedPostInstaller</class>
  <method>runPostinstaller</method>
  <thread>1</thread>
  <message>-WS_PI_ACTION_REGISTRY_EXTENSION was not specified. Using default value C:\Program Files (x86)\IBM\WebSphere\AppServer\properties\postinstall\registryExtension.xml
-DELTA_ACTION_REGISTRY was not specified. Using default value C:\Program Files (x86)\IBM\WebSphere\AppServer\profiles\AppSrv01\properties\service\productDir\WebSphere\deltaActionRegistry.xml
</message>
</record>
<record>
  <date>2018-03-06T01:38:17</date>
  <millis>1520300297694</millis>
  <sequence>57</sequence>
  <logger>com.ibm.ws.postinstall</logger>
  <level>INFO</level>
  <class>com.ibm.ws.postinstall.LaunchUnifiedPostInstaller</class>
  <method>writeParamsToLog</method>
  <thread>1</thread>
  <message>Parameters are:  -PROFILE_MASTER_ACTION_REGISTRY  =  C:\Program Files (x86)\IBM\WebSphere\AppServer/properties/service/productDir/WebSphere/service/masterActionRegistry.xml
-MASTER_ACTION_REGISTRY  =  C:\Program Files (x86)\IBM\WebSphere\AppServer/properties/postinstall/masterRegistry.xml
-WS_CMT_LOG_HOME  =  C:\Program Files (x86)\IBM\WebSphere\AppServer\profiles\AppSrv01/properties/service/productDir/WebSphere/logs
-WS_PI_ACTION_REGISTRY_EXTENSION  =  C:\Program Files (x86)\IBM\WebSphere\AppServer\properties\postinstall\registryExtension.xml
-SUB_ACTION_REGISTRY  =  C:\Program Files (x86)\IBM\WebSphere\AppServer/properties/postinstall/masterRegistry.xml
-PROFILE_SUB_ACTION_REGISTRY  =  C:\Program Files (x86)\IBM\WebSphere\AppServer\profiles\AppSrv01/properties/service/productDir/WebSphere/cacheActionRegistry.xml
WAS_HOME  =  C:\Program Files (x86)\IBM\WebSphere\AppServer
-WS_CMT_CONF_DIR  =  C:\Program Files (x86)\IBM\WebSphere\AppServer/properties/service/productDir/WebSphere/service
-PROFILE_ACTION_REGISTRY_EXTENSION  =  C:\Program Files (x86)\IBM\WebSphere\AppServer/properties/service/productDir/WebSphere/service/registryExtension.xml
-POSTINSTALL_LOG_FILE  =  C:\Program Files (x86)\IBM\WebSphere\AppServer\profiles\AppSrv01/properties/service/productDir/WebSphere/logs/postinstall.log
-profilePath  =  C:\Program Files (x86)\IBM\WebSphere\AppServer\profiles\AppSrv01
-WS_PI_REGISTRY_EXTENSION  =  C:\Program Files (x86)\IBM\WebSphere\AppServer/properties/postinstall/registryExtension.xml
-DELTA_ACTION_REGISTRY  =  C:\Program Files (x86)\IBM\WebSphere\AppServer\profiles\AppSrv01\properties\service\productDir\WebSphere\deltaActionRegistry.xml
</message>
</record>
<record>
  <date>2018-03-06T01:38:17</date>
  <millis>1520300297834</millis>
  <sequence>58</sequence>
  <logger>com.ibm.ws.postinstall</logger>
  <level>INFO</level>
  <class>com.ibm.ws.postinstall.LaunchUnifiedPostInstaller</class>
  <method>runPostinstaller</method>
  <thread>1</thread>
  <message>There are no outstanding profile config actions. Exiting RC=0.</message>
</record>
</log>
