<?xml version="1.0" encoding="windows-1252" standalone="no"?>
<!DOCTYPE log SYSTEM "logger.dtd">
<log>
<record>
  <date>2018-03-05T10:06:26</date>
  <millis>1520244386194</millis>
  <sequence>0</sequence>
  <logger>com.ibm.ws.postinstall.runConfigActions.RunConfigActions</logger>
  <level>INFO</level>
  <class>com.ibm.ws.postinstall.runConfigActions.RunConfigActions</class>
  <method>main</method>
  <thread>1</thread>
  <message>Display product code levels - from versionInfo 
id com.ibm.websphere.NDTRIAL.v85
buildLevel cf131801.05
Feature Name: IBM 64-bit WebSphere SDK for Java
Feature Name: WebSphere Application Server Full Profile
Feature Name: EJBDeploy tool for pre-EJB 3.0 modules
Feature Name: Embeddable EJB container
Feature Name: Stand-alone thin clients and resource adapters
iFix Name: 8.5.5.7-WS-WASProd-IFPI89498
iFix Name: 8.5.5.9-WS-WAS-IFPI73197
***************************
Display config code levels from cachedInstalledProducts.xml 
Offering ID: com.ibm.websphere.NDTRIAL.v85
Build level: cf131801.05
Feature Name: IBM 64-bit WebSphere SDK for Java
Feature Name: WebSphere Application Server Full Profile
Feature Name: EJBDeploy tool for pre-EJB 3.0 modules
Feature Name: Embeddable EJB container
Feature Name: Stand-alone thin clients and resource adapters
id="com.ibm.websphere.NDTRIAL.v85":8.5.5.7-WS-WASProd-IFPI89498
id="com.ibm.websphere.NDTRIAL.v85":8.5.5.9-WS-WAS-IFPI73197
</message>
</record>
<record>
  <date>2018-03-05T10:06:26</date>
  <millis>1520244386211</millis>
  <sequence>1</sequence>
  <logger>com.ibm.ws.postinstall.runConfigActions.RunConfigActions</logger>
  <level>INFO</level>
  <class>com.ibm.ws.postinstall.runConfigActions.RunConfigActions</class>
  <method>runConfigActionsforOneProduct</method>
  <thread>1</thread>
  <message>Running product responseFile: C:\Program Files (x86)\IBM\WebSphere\AppServer\properties\service\productDir\PreConfigActions\service\responseFile.txt</message>
</record>
<record>
  <date>2018-03-05T10:06:26</date>
  <millis>1520244386710</millis>
  <sequence>53</sequence>
  <logger>com.ibm.ws.postinstall.runConfigActions.RunConfigActions</logger>
  <level>INFO</level>
  <class>com.ibm.ws.postinstall.runConfigActions.RunConfigActions</class>
  <method>runConfigActionsforOneProduct</method>
  <thread>1</thread>
  <message>All PreConfigActions config actions were successful. </message>
</record>
<record>
  <date>2018-03-05T10:06:26</date>
  <millis>1520244386710</millis>
  <sequence>54</sequence>
  <logger>com.ibm.ws.postinstall.runConfigActions.RunConfigActions</logger>
  <level>INFO</level>
  <class>com.ibm.ws.postinstall.runConfigActions.RunConfigActions</class>
  <method>runConfigActionsforOneProduct</method>
  <thread>1</thread>
  <message>See the most recent log in C:\Program Files (x86)\IBM\WebSphere\AppServer\profiles\AppSrv01/properties/service/productDir/PreConfigActions/logs</message>
</record>
<record>
  <date>2018-03-05T10:06:26</date>
  <millis>1520244386710</millis>
  <sequence>55</sequence>
  <logger>com.ibm.ws.postinstall.runConfigActions.RunConfigActions</logger>
  <level>INFO</level>
  <class>com.ibm.ws.postinstall.runConfigActions.RunConfigActions</class>
  <method>runConfigActionsforOneProduct</method>
  <thread>1</thread>
  <message>Running product responseFile: C:\Program Files (x86)\IBM\WebSphere\AppServer\properties\service\productDir\WebSphere\service\responseFile.txt</message>
</record>
<record>
  <date>2018-03-05T10:07:08</date>
  <millis>1520244428665</millis>
  <sequence>442</sequence>
  <logger>com.ibm.ws.postinstall.runConfigActions.RunConfigActions</logger>
  <level>INFO</level>
  <class>com.ibm.ws.postinstall.runConfigActions.RunConfigActions</class>
  <method>runConfigActionsforOneProduct</method>
  <thread>1</thread>
  <message>All WebSphere config actions were successful. </message>
</record>
<record>
  <date>2018-03-05T10:07:08</date>
  <millis>1520244428665</millis>
  <sequence>443</sequence>
  <logger>com.ibm.ws.postinstall.runConfigActions.RunConfigActions</logger>
  <level>INFO</level>
  <class>com.ibm.ws.postinstall.runConfigActions.RunConfigActions</class>
  <method>runConfigActionsforOneProduct</method>
  <thread>1</thread>
  <message>See the most recent log in C:\Program Files (x86)\IBM\WebSphere\AppServer\profiles\AppSrv01/properties/service/productDir/WebSphere/logs</message>
</record>
<record>
  <date>2018-03-05T10:07:08</date>
  <millis>1520244428665</millis>
  <sequence>444</sequence>
  <logger>com.ibm.ws.postinstall.runConfigActions.RunConfigActions</logger>
  <level>INFO</level>
  <class>com.ibm.ws.postinstall.runConfigActions.RunConfigActions</class>
  <method>runConfigActionsforOneProduct</method>
  <thread>1</thread>
  <message>Running product responseFile: C:\Program Files (x86)\IBM\WebSphere\AppServer\properties\service\productDir\PostConfigActions\service\responseFile.txt</message>
</record>
<record>
  <date>2018-03-05T10:07:25</date>
  <millis>1520244445245</millis>
  <sequence>611</sequence>
  <logger>com.ibm.ws.postinstall.runConfigActions.RunConfigActions</logger>
  <level>INFO</level>
  <class>com.ibm.ws.postinstall.runConfigActions.RunConfigActions</class>
  <method>runConfigActionsforOneProduct</method>
  <thread>1</thread>
  <message>All PostConfigActions config actions were successful. </message>
</record>
<record>
  <date>2018-03-05T10:07:25</date>
  <millis>1520244445245</millis>
  <sequence>612</sequence>
  <logger>com.ibm.ws.postinstall.runConfigActions.RunConfigActions</logger>
  <level>INFO</level>
  <class>com.ibm.ws.postinstall.runConfigActions.RunConfigActions</class>
  <method>runConfigActionsforOneProduct</method>
  <thread>1</thread>
  <message>See the most recent log in C:\Program Files (x86)\IBM\WebSphere\AppServer\profiles\AppSrv01/properties/service/productDir/PostConfigActions/logs</message>
</record>
<record>
  <date>2018-03-05T10:07:25</date>
  <millis>1520244445245</millis>
  <sequence>613</sequence>
  <logger>com.ibm.ws.postinstall.runConfigActions.RunConfigActions</logger>
  <level>INFO</level>
  <class>com.ibm.ws.postinstall.runConfigActions.RunConfigActions</class>
  <method>main</method>
  <thread>1</thread>
  <message>Postinstaller successful. Server will continue startup. </message>
</record>
</log>
<?xml version="1.0" encoding="windows-1252" standalone="no"?>
<!DOCTYPE log SYSTEM "logger.dtd">
<log>
<record>
  <date>2018-03-05T10:07:32</date>
  <millis>1520244452764</millis>
  <sequence>0</sequence>
  <logger>com.ibm.ws.postinstall.runConfigActions.RunConfigActions</logger>
  <level>INFO</level>
  <class>com.ibm.ws.postinstall.runConfigActions.RunConfigActions</class>
  <method>main</method>
  <thread>1</thread>
  <message>Display product code levels - from versionInfo 
id com.ibm.websphere.NDTRIAL.v85
buildLevel cf131801.05
Feature Name: IBM 64-bit WebSphere SDK for Java
Feature Name: WebSphere Application Server Full Profile
Feature Name: EJBDeploy tool for pre-EJB 3.0 modules
Feature Name: Embeddable EJB container
Feature Name: Stand-alone thin clients and resource adapters
iFix Name: 8.5.5.7-WS-WASProd-IFPI89498
iFix Name: 8.5.5.9-WS-WAS-IFPI73197
***************************
Display config code levels from cachedInstalledProducts.xml 
Offering ID: com.ibm.websphere.NDTRIAL.v85
Build level: cf131801.05
Feature Name: IBM 64-bit WebSphere SDK for Java
Feature Name: WebSphere Application Server Full Profile
Feature Name: EJBDeploy tool for pre-EJB 3.0 modules
Feature Name: Embeddable EJB container
Feature Name: Stand-alone thin clients and resource adapters
id="com.ibm.websphere.NDTRIAL.v85":8.5.5.7-WS-WASProd-IFPI89498
id="com.ibm.websphere.NDTRIAL.v85":8.5.5.9-WS-WAS-IFPI73197
</message>
</record>
<record>
  <date>2018-03-05T10:07:32</date>
  <millis>1520244452779</millis>
  <sequence>1</sequence>
  <logger>com.ibm.ws.postinstall.runConfigActions.RunConfigActions</logger>
  <level>INFO</level>
  <class>com.ibm.ws.postinstall.runConfigActions.RunConfigActions</class>
  <method>runConfigActionsforOneProduct</method>
  <thread>1</thread>
  <message>Running product responseFile: C:\Program Files (x86)\IBM\WebSphere\AppServer\properties\service\productDir\PreConfigActions\service\responseFile.txt</message>
</record>
<record>
  <date>2018-03-05T10:07:33</date>
  <millis>1520244453154</millis>
  <sequence>53</sequence>
  <logger>com.ibm.ws.postinstall.runConfigActions.RunConfigActions</logger>
  <level>INFO</level>
  <class>com.ibm.ws.postinstall.runConfigActions.RunConfigActions</class>
  <method>runConfigActionsforOneProduct</method>
  <thread>1</thread>
  <message>All PreConfigActions config actions were successful. </message>
</record>
<record>
  <date>2018-03-05T10:07:33</date>
  <millis>1520244453154</millis>
  <sequence>54</sequence>
  <logger>com.ibm.ws.postinstall.runConfigActions.RunConfigActions</logger>
  <level>INFO</level>
  <class>com.ibm.ws.postinstall.runConfigActions.RunConfigActions</class>
  <method>runConfigActionsforOneProduct</method>
  <thread>1</thread>
  <message>See the most recent log in C:\Program Files (x86)\IBM\WebSphere\AppServer\profiles\AppSrv01/properties/service/productDir/PreConfigActions/logs</message>
</record>
<record>
  <date>2018-03-05T10:07:33</date>
  <millis>1520244453154</millis>
  <sequence>55</sequence>
  <logger>com.ibm.ws.postinstall.runConfigActions.RunConfigActions</logger>
  <level>INFO</level>
  <class>com.ibm.ws.postinstall.runConfigActions.RunConfigActions</class>
  <method>runConfigActionsforOneProduct</method>
  <thread>1</thread>
  <message>Running product responseFile: C:\Program Files (x86)\IBM\WebSphere\AppServer\properties\service\productDir\WebSphere\service\responseFile.txt</message>
</record>
<record>
  <date>2018-03-05T10:07:33</date>
  <millis>1520244453170</millis>
  <sequence>59</sequence>
  <logger>com.ibm.ws.postinstall.runConfigActions.RunConfigActions</logger>
  <level>INFO</level>
  <class>com.ibm.ws.postinstall.runConfigActions.RunConfigActions</class>
  <method>runConfigActionsforOneProduct</method>
  <thread>1</thread>
  <message>All WebSphere config actions were successful. </message>
</record>
<record>
  <date>2018-03-05T10:07:33</date>
  <millis>1520244453170</millis>
  <sequence>60</sequence>
  <logger>com.ibm.ws.postinstall.runConfigActions.RunConfigActions</logger>
  <level>INFO</level>
  <class>com.ibm.ws.postinstall.runConfigActions.RunConfigActions</class>
  <method>runConfigActionsforOneProduct</method>
  <thread>1</thread>
  <message>See the most recent log in C:\Program Files (x86)\IBM\WebSphere\AppServer\profiles\AppSrv01/properties/service/productDir/WebSphere/logs</message>
</record>
<record>
  <date>2018-03-05T10:07:33</date>
  <millis>1520244453170</millis>
  <sequence>61</sequence>
  <logger>com.ibm.ws.postinstall.runConfigActions.RunConfigActions</logger>
  <level>INFO</level>
  <class>com.ibm.ws.postinstall.runConfigActions.RunConfigActions</class>
  <method>main</method>
  <thread>1</thread>
  <message>Postinstaller successful. Server will continue startup. </message>
</record>
</log>
<?xml version="1.0" encoding="windows-1252" standalone="no"?>
<!DOCTYPE log SYSTEM "logger.dtd">
<log>
<record>
  <date>2018-03-05T12:05:20</date>
  <millis>1520251520812</millis>
  <sequence>0</sequence>
  <logger>com.ibm.ws.postinstall.runConfigActions.RunConfigActions</logger>
  <level>INFO</level>
  <class>com.ibm.ws.postinstall.runConfigActions.RunConfigActions</class>
  <method>main</method>
  <thread>1</thread>
  <message>Display product code levels - from versionInfo 
id com.ibm.websphere.NDTRIAL.v85
buildLevel cf131801.05
Feature Name: IBM 64-bit WebSphere SDK for Java
Feature Name: WebSphere Application Server Full Profile
Feature Name: EJBDeploy tool for pre-EJB 3.0 modules
Feature Name: Embeddable EJB container
Feature Name: Stand-alone thin clients and resource adapters
iFix Name: 8.5.5.7-WS-WASProd-IFPI89498
iFix Name: 8.5.5.9-WS-WAS-IFPI73197
***************************
Display config code levels from cachedInstalledProducts.xml 
Offering ID: com.ibm.websphere.NDTRIAL.v85
Build level: cf131801.05
Feature Name: IBM 64-bit WebSphere SDK for Java
Feature Name: WebSphere Application Server Full Profile
Feature Name: EJBDeploy tool for pre-EJB 3.0 modules
Feature Name: Embeddable EJB container
Feature Name: Stand-alone thin clients and resource adapters
id="com.ibm.websphere.NDTRIAL.v85":8.5.5.7-WS-WASProd-IFPI89498
id="com.ibm.websphere.NDTRIAL.v85":8.5.5.9-WS-WAS-IFPI73197
</message>
</record>
<record>
  <date>2018-03-05T12:05:20</date>
  <millis>1520251520819</millis>
  <sequence>1</sequence>
  <logger>com.ibm.ws.postinstall.runConfigActions.RunConfigActions</logger>
  <level>INFO</level>
  <class>com.ibm.ws.postinstall.runConfigActions.RunConfigActions</class>
  <method>runConfigActionsforOneProduct</method>
  <thread>1</thread>
  <message>Running product responseFile: C:\Program Files (x86)\IBM\WebSphere\AppServer\properties\service\productDir\PreConfigActions\service\responseFile.txt</message>
</record>
<record>
  <date>2018-03-05T12:05:22</date>
  <millis>1520251522443</millis>
  <sequence>53</sequence>
  <logger>com.ibm.ws.postinstall.runConfigActions.RunConfigActions</logger>
  <level>INFO</level>
  <class>com.ibm.ws.postinstall.runConfigActions.RunConfigActions</class>
  <method>runConfigActionsforOneProduct</method>
  <thread>1</thread>
  <message>All PreConfigActions config actions were successful. </message>
</record>
<record>
  <date>2018-03-05T12:05:22</date>
  <millis>1520251522443</millis>
  <sequence>54</sequence>
  <logger>com.ibm.ws.postinstall.runConfigActions.RunConfigActions</logger>
  <level>INFO</level>
  <class>com.ibm.ws.postinstall.runConfigActions.RunConfigActions</class>
  <method>runConfigActionsforOneProduct</method>
  <thread>1</thread>
  <message>See the most recent log in C:\Program Files (x86)\IBM\WebSphere\AppServer\profiles\AppSrv01/properties/service/productDir/PreConfigActions/logs</message>
</record>
<record>
  <date>2018-03-05T12:05:22</date>
  <millis>1520251522444</millis>
  <sequence>55</sequence>
  <logger>com.ibm.ws.postinstall.runConfigActions.RunConfigActions</logger>
  <level>INFO</level>
  <class>com.ibm.ws.postinstall.runConfigActions.RunConfigActions</class>
  <method>runConfigActionsforOneProduct</method>
  <thread>1</thread>
  <message>Running product responseFile: C:\Program Files (x86)\IBM\WebSphere\AppServer\properties\service\productDir\WebSphere\service\responseFile.txt</message>
</record>
<record>
  <date>2018-03-05T12:05:22</date>
  <millis>1520251522528</millis>
  <sequence>59</sequence>
  <logger>com.ibm.ws.postinstall.runConfigActions.RunConfigActions</logger>
  <level>INFO</level>
  <class>com.ibm.ws.postinstall.runConfigActions.RunConfigActions</class>
  <method>runConfigActionsforOneProduct</method>
  <thread>1</thread>
  <message>All WebSphere config actions were successful. </message>
</record>
<record>
  <date>2018-03-05T12:05:22</date>
  <millis>1520251522528</millis>
  <sequence>60</sequence>
  <logger>com.ibm.ws.postinstall.runConfigActions.RunConfigActions</logger>
  <level>INFO</level>
  <class>com.ibm.ws.postinstall.runConfigActions.RunConfigActions</class>
  <method>runConfigActionsforOneProduct</method>
  <thread>1</thread>
  <message>See the most recent log in C:\Program Files (x86)\IBM\WebSphere\AppServer\profiles\AppSrv01/properties/service/productDir/WebSphere/logs</message>
</record>
<record>
  <date>2018-03-05T12:05:22</date>
  <millis>1520251522529</millis>
  <sequence>61</sequence>
  <logger>com.ibm.ws.postinstall.runConfigActions.RunConfigActions</logger>
  <level>INFO</level>
  <class>com.ibm.ws.postinstall.runConfigActions.RunConfigActions</class>
  <method>main</method>
  <thread>1</thread>
  <message>Postinstaller successful. Server will continue startup. </message>
</record>
</log>
<?xml version="1.0" encoding="windows-1252" standalone="no"?>
<!DOCTYPE log SYSTEM "logger.dtd">
<log>
<record>
  <date>2018-03-06T01:38:14</date>
  <millis>1520300294145</millis>
  <sequence>0</sequence>
  <logger>com.ibm.ws.postinstall.runConfigActions.RunConfigActions</logger>
  <level>INFO</level>
  <class>com.ibm.ws.postinstall.runConfigActions.RunConfigActions</class>
  <method>main</method>
  <thread>1</thread>
  <message>Display product code levels - from versionInfo 
id com.ibm.websphere.NDTRIAL.v85
buildLevel cf131801.05
Feature Name: IBM 64-bit WebSphere SDK for Java
Feature Name: WebSphere Application Server Full Profile
Feature Name: EJBDeploy tool for pre-EJB 3.0 modules
Feature Name: Embeddable EJB container
Feature Name: Stand-alone thin clients and resource adapters
iFix Name: 8.5.5.7-WS-WASProd-IFPI89498
iFix Name: 8.5.5.9-WS-WAS-IFPI73197
***************************
Display config code levels from cachedInstalledProducts.xml 
Offering ID: com.ibm.websphere.NDTRIAL.v85
Build level: cf131801.05
Feature Name: IBM 64-bit WebSphere SDK for Java
Feature Name: WebSphere Application Server Full Profile
Feature Name: EJBDeploy tool for pre-EJB 3.0 modules
Feature Name: Embeddable EJB container
Feature Name: Stand-alone thin clients and resource adapters
id="com.ibm.websphere.NDTRIAL.v85":8.5.5.7-WS-WASProd-IFPI89498
id="com.ibm.websphere.NDTRIAL.v85":8.5.5.9-WS-WAS-IFPI73197
</message>
</record>
<record>
  <date>2018-03-06T01:38:14</date>
  <millis>1520300294239</millis>
  <sequence>1</sequence>
  <logger>com.ibm.ws.postinstall.runConfigActions.RunConfigActions</logger>
  <level>INFO</level>
  <class>com.ibm.ws.postinstall.runConfigActions.RunConfigActions</class>
  <method>runConfigActionsforOneProduct</method>
  <thread>1</thread>
  <message>Running product responseFile: C:\Program Files (x86)\IBM\WebSphere\AppServer\properties\service\productDir\PreConfigActions\service\responseFile.txt</message>
</record>
<record>
  <date>2018-03-06T01:38:15</date>
  <millis>1520300295491</millis>
  <sequence>53</sequence>
  <logger>com.ibm.ws.postinstall.runConfigActions.RunConfigActions</logger>
  <level>INFO</level>
  <class>com.ibm.ws.postinstall.runConfigActions.RunConfigActions</class>
  <method>runConfigActionsforOneProduct</method>
  <thread>1</thread>
  <message>All PreConfigActions config actions were successful. </message>
</record>
<record>
  <date>2018-03-06T01:38:15</date>
  <millis>1520300295491</millis>
  <sequence>54</sequence>
  <logger>com.ibm.ws.postinstall.runConfigActions.RunConfigActions</logger>
  <level>INFO</level>
  <class>com.ibm.ws.postinstall.runConfigActions.RunConfigActions</class>
  <method>runConfigActionsforOneProduct</method>
  <thread>1</thread>
  <message>See the most recent log in C:\Program Files (x86)\IBM\WebSphere\AppServer\profiles\AppSrv01/properties/service/productDir/PreConfigActions/logs</message>
</record>
<record>
  <date>2018-03-06T01:38:15</date>
  <millis>1520300295491</millis>
  <sequence>55</sequence>
  <logger>com.ibm.ws.postinstall.runConfigActions.RunConfigActions</logger>
  <level>INFO</level>
  <class>com.ibm.ws.postinstall.runConfigActions.RunConfigActions</class>
  <method>runConfigActionsforOneProduct</method>
  <thread>1</thread>
  <message>Running product responseFile: C:\Program Files (x86)\IBM\WebSphere\AppServer\properties\service\productDir\WebSphere\service\responseFile.txt</message>
</record>
<record>
  <date>2018-03-06T01:38:17</date>
  <millis>1520300297834</millis>
  <sequence>59</sequence>
  <logger>com.ibm.ws.postinstall.runConfigActions.RunConfigActions</logger>
  <level>INFO</level>
  <class>com.ibm.ws.postinstall.runConfigActions.RunConfigActions</class>
  <method>runConfigActionsforOneProduct</method>
  <thread>1</thread>
  <message>All WebSphere config actions were successful. </message>
</record>
<record>
  <date>2018-03-06T01:38:17</date>
  <millis>1520300297834</millis>
  <sequence>60</sequence>
  <logger>com.ibm.ws.postinstall.runConfigActions.RunConfigActions</logger>
  <level>INFO</level>
  <class>com.ibm.ws.postinstall.runConfigActions.RunConfigActions</class>
  <method>runConfigActionsforOneProduct</method>
  <thread>1</thread>
  <message>See the most recent log in C:\Program Files (x86)\IBM\WebSphere\AppServer\profiles\AppSrv01/properties/service/productDir/WebSphere/logs</message>
</record>
<record>
  <date>2018-03-06T01:38:17</date>
  <millis>1520300297850</millis>
  <sequence>61</sequence>
  <logger>com.ibm.ws.postinstall.runConfigActions.RunConfigActions</logger>
  <level>INFO</level>
  <class>com.ibm.ws.postinstall.runConfigActions.RunConfigActions</class>
  <method>main</method>
  <thread>1</thread>
  <message>Postinstaller successful. Server will continue startup. </message>
</record>
</log>
