<?xml version="1.0" encoding="windows-1252" standalone="no"?>
<!DOCTYPE log SYSTEM "logger.dtd">
<log>
<record>
  <date>2018-03-05T10:04:56</date>
  <millis>1520244296178</millis>
  <sequence>0</sequence>
  <logger>com.ibm.ws.profile.wsadmin.WsProfileAdminListener</logger>
  <level>INFO</level>
  <class>com.ibm.wsspi.profile.defaulters.GenericDefaulter</class>
  <method>init</method>
  <thread>1</thread>
  <message>logger initialized</message>
</record>
<record>
  <date>2018-03-05T10:04:56</date>
  <millis>1520244296178</millis>
  <sequence>1</sequence>
  <logger>com.ibm.ws.profile.wsadmin.WsProfileAdminListener</logger>
  <level>INFO</level>
  <class>com.ibm.wsspi.profile.defaulters.GenericDefaulter</class>
  <method>loadTimeouts</method>
  <thread>1</thread>
  <message>loading timeout values</message>
</record>
<record>
  <date>2018-03-05T10:04:56</date>
  <millis>1520244296178</millis>
  <sequence>2</sequence>
  <logger>com.ibm.ws.profile.wsadmin.WsProfileAdminListener</logger>
  <level>INFO</level>
  <class>com.ibm.wsspi.profile.defaulters.GenericDefaulter</class>
  <method>loadTimeouts</method>
  <thread>1</thread>
  <message>wsadmin listener retry count = 240000, initialization retry count = 12000</message>
</record>
<record>
  <date>2018-03-05T10:04:56</date>
  <millis>1520244296178</millis>
  <sequence>3</sequence>
  <logger>com.ibm.ws.profile.wsadmin.WsProfileAdminListener</logger>
  <level>INFO</level>
  <class>com.ibm.wsspi.profile.defaulters.GenericDefaulter</class>
  <method>init</method>
  <thread>1</thread>
  <message>Instantiating WasxShell</message>
</record>
<record>
  <date>2018-03-05T10:04:56</date>
  <millis>1520244296694</millis>
  <sequence>4</sequence>
  <logger>com.ibm.ws.profile.wsadmin.WsProfileAdminListener</logger>
  <level>INFO</level>
  <class>com.ibm.wsspi.profile.defaulters.GenericDefaulter</class>
  <method>init</method>
  <thread>1</thread>
  <message>WasxShell instantiated</message>
</record>
<record>
  <date>2018-03-05T10:04:56</date>
  <millis>1520244296694</millis>
  <sequence>5</sequence>
  <logger>com.ibm.ws.profile.wsadmin.WsProfileAdminListener</logger>
  <level>INFO</level>
  <class>com.ibm.wsspi.profile.defaulters.GenericDefaulter</class>
  <method>init</method>
  <thread>1</thread>
  <message>Request/Response file locks created</message>
</record>
<record>
  <date>2018-03-05T10:04:56</date>
  <millis>1520244296694</millis>
  <sequence>6</sequence>
  <logger>com.ibm.ws.profile.wsadmin.WsProfileAdminListener</logger>
  <level>INFO</level>
  <class>com.ibm.wsspi.profile.defaulters.GenericDefaulter</class>
  <method>sendInitializedMessage</method>
  <thread>1</thread>
  <message>Sent initialization status: [wsadmin Listener initialized]</message>
</record>
<record>
  <date>2018-03-05T10:04:56</date>
  <millis>1520244296694</millis>
  <sequence>7</sequence>
  <logger>com.ibm.ws.profile.wsadmin.WsProfileAdminListener</logger>
  <level>INFO</level>
  <class>com.ibm.wsspi.profile.defaulters.GenericDefaulter</class>
  <method>main</method>
  <thread>1</thread>
  <message>Listener started</message>
</record>
<record>
  <date>2018-03-05T10:04:57</date>
  <millis>1520244297600</millis>
  <sequence>8</sequence>
  <logger>com.ibm.ws.profile.wsadmin.WsProfileAdminListener</logger>
  <level>INFO</level>
  <class>com.ibm.wsspi.profile.defaulters.GenericDefaulter</class>
  <method>isRequestAvailable</method>
  <thread>1</thread>
  <message>Waiting for request</message>
</record>
<record>
  <date>2018-03-05T10:04:57</date>
  <millis>1520244297600</millis>
  <sequence>9</sequence>
  <logger>com.ibm.ws.profile.wsadmin.WsProfileAdminListener</logger>
  <level>INFO</level>
  <class>com.ibm.wsspi.profile.defaulters.GenericDefaulter</class>
  <method>isRequestAvailable</method>
  <thread>1</thread>
  <message>Request found</message>
</record>
<record>
  <date>2018-03-05T10:04:57</date>
  <millis>1520244297600</millis>
  <sequence>10</sequence>
  <logger>com.ibm.ws.profile.wsadmin.WsProfileAdminListener</logger>
  <level>INFO</level>
  <class>com.ibm.wsspi.profile.defaulters.GenericDefaulter</class>
  <method>openTraceFile</method>
  <thread>1</thread>
  <message>switching trace logging to file: C:\Program Files (x86)\IBM\WebSphere\AppServer/logs/manageprofiles/AppSrv01/importConfigArchive.log</message>
</record>
<record>
  <date>2018-03-05T10:04:57</date>
  <millis>1520244297600</millis>
  <sequence>11</sequence>
  <logger>com.ibm.ws.profile.wsadmin.WsProfileAdminListener</logger>
  <level>INFO</level>
  <class>com.ibm.wsspi.profile.defaulters.GenericDefaulter</class>
  <method>runCommand</method>
  <thread>1</thread>
  <message>Running Command</message>
</record>
<record>
  <date>2018-03-05T10:04:57</date>
  <millis>1520244297600</millis>
  <sequence>12</sequence>
  <logger>com.ibm.ws.profile.wsadmin.WsProfileAdminListener</logger>
  <level>INFO</level>
  <class>com.ibm.wsspi.profile.defaulters.GenericDefaulter</class>
  <method>runCommand</method>
  <thread>1</thread>
  <message>args[0]=-c 
args[1]=$AdminTask importWasprofile { -archive  "C:\Program Files (x86)\IBM\WebSphere\AppServer\profileTemplates\default/configArchives/AppSrv.car" -options " { { resolvePorts false} { reDeployApps false } } " } 
args[2]=-lang 
args[3]=jacl 
args[4]=-conntype 
args[5]=none 
</message>
</record>
<record>
  <date>2018-03-05T10:05:30</date>
  <millis>1520244330311</millis>
  <sequence>464</sequence>
  <logger>com.ibm.ws.profile.wsadmin.WsProfileAdminListener</logger>
  <level>INFO</level>
  <class>com.ibm.wsspi.profile.defaulters.GenericDefaulter</class>
  <method>processRequest</method>
  <thread>1</thread>
  <message>returnCode=0</message>
</record>
<record>
  <date>2018-03-05T10:05:30</date>
  <millis>1520244330326</millis>
  <sequence>465</sequence>
  <logger>com.ibm.ws.profile.wsadmin.WsProfileAdminListener</logger>
  <level>INFO</level>
  <class>com.ibm.wsspi.profile.defaulters.GenericDefaulter</class>
  <method>processRequest</method>
  <thread>1</thread>
  <message>Wrote rc=0 to response file: C:\Program Files (x86)\IBM\WebSphere\AppServer\profiles\AppSrv01\temp\wsadmin.response</message>
</record>
<record>
  <date>2018-03-05T10:05:31</date>
  <millis>1520244331029</millis>
  <sequence>466</sequence>
  <logger>com.ibm.ws.profile.wsadmin.WsProfileAdminListener</logger>
  <level>INFO</level>
  <class>com.ibm.wsspi.profile.defaulters.GenericDefaulter</class>
  <method>isRequestAvailable</method>
  <thread>1</thread>
  <message>Waiting for request</message>
</record>
<record>
  <date>2018-03-05T10:05:31</date>
  <millis>1520244331029</millis>
  <sequence>467</sequence>
  <logger>com.ibm.ws.profile.wsadmin.WsProfileAdminListener</logger>
  <level>INFO</level>
  <class>com.ibm.wsspi.profile.defaulters.GenericDefaulter</class>
  <method>isRequestAvailable</method>
  <thread>1</thread>
  <message>Request found</message>
</record>
<record>
  <date>2018-03-05T10:05:31</date>
  <millis>1520244331029</millis>
  <sequence>468</sequence>
  <logger>com.ibm.ws.profile.wsadmin.WsProfileAdminListener</logger>
  <level>INFO</level>
  <class>com.ibm.wsspi.profile.defaulters.GenericDefaulter</class>
  <method>openTraceFile</method>
  <thread>1</thread>
  <message>switching trace logging to file: C:\Program Files (x86)\IBM\WebSphere\AppServer/logs/manageprofiles/AppSrv01/generateProfileKey.log</message>
</record>
<record>
  <date>2018-03-05T10:05:31</date>
  <millis>1520244331029</millis>
  <sequence>469</sequence>
  <logger>com.ibm.ws.profile.wsadmin.WsProfileAdminListener</logger>
  <level>INFO</level>
  <class>com.ibm.wsspi.profile.defaulters.GenericDefaulter</class>
  <method>runCommand</method>
  <thread>1</thread>
  <message>Running Command</message>
</record>
<record>
  <date>2018-03-05T10:05:31</date>
  <millis>1520244331029</millis>
  <sequence>470</sequence>
  <logger>com.ibm.ws.profile.wsadmin.WsProfileAdminListener</logger>
  <level>INFO</level>
  <class>com.ibm.wsspi.profile.defaulters.GenericDefaulter</class>
  <method>runCommand</method>
  <thread>1</thread>
  <message>args[0]=-c 
args[1]=$AdminTask generateProfileKey {-properties " {{com.ibm.ws.profile.name AppSrv01} {com.ibm.ws.profile.type Base} {com.ibm.ws.profile.path {C:\Program Files (x86)\IBM\WebSphere\AppServer\profiles\AppSrv01}}}"} 
args[2]=-lang 
args[3]=jacl 
args[4]=-conntype 
args[5]=none 
</message>
</record>
<record>
  <date>2018-03-05T10:05:31</date>
  <millis>1520244331499</millis>
  <sequence>476</sequence>
  <logger>com.ibm.ws.profile.wsadmin.WsProfileAdminListener</logger>
  <level>INFO</level>
  <class>com.ibm.wsspi.profile.defaulters.GenericDefaulter</class>
  <method>processRequest</method>
  <thread>1</thread>
  <message>returnCode=0</message>
</record>
<record>
  <date>2018-03-05T10:05:31</date>
  <millis>1520244331499</millis>
  <sequence>477</sequence>
  <logger>com.ibm.ws.profile.wsadmin.WsProfileAdminListener</logger>
  <level>INFO</level>
  <class>com.ibm.wsspi.profile.defaulters.GenericDefaulter</class>
  <method>processRequest</method>
  <thread>1</thread>
  <message>Wrote rc=0 to response file: C:\Program Files (x86)\IBM\WebSphere\AppServer\profiles\AppSrv01\temp\wsadmin.response</message>
</record>
<record>
  <date>2018-03-05T10:05:34</date>
  <millis>1520244334933</millis>
  <sequence>478</sequence>
  <logger>com.ibm.ws.profile.wsadmin.WsProfileAdminListener</logger>
  <level>INFO</level>
  <class>com.ibm.wsspi.profile.defaulters.GenericDefaulter</class>
  <method>isRequestAvailable</method>
  <thread>1</thread>
  <message>Waiting for request</message>
</record>
<record>
  <date>2018-03-05T10:05:34</date>
  <millis>1520244334995</millis>
  <sequence>479</sequence>
  <logger>com.ibm.ws.profile.wsadmin.WsProfileAdminListener</logger>
  <level>INFO</level>
  <class>com.ibm.wsspi.profile.defaulters.GenericDefaulter</class>
  <method>isRequestAvailable</method>
  <thread>1</thread>
  <message>Request found</message>
</record>
<record>
  <date>2018-03-05T10:05:34</date>
  <millis>1520244334995</millis>
  <sequence>480</sequence>
  <logger>com.ibm.ws.profile.wsadmin.WsProfileAdminListener</logger>
  <level>INFO</level>
  <class>com.ibm.wsspi.profile.defaulters.GenericDefaulter</class>
  <method>openTraceFile</method>
  <thread>1</thread>
  <message>switching trace logging to file: C:\Program Files (x86)\IBM\WebSphere\AppServer/logs/manageprofiles/AppSrv01/hamanager_config.log</message>
</record>
<record>
  <date>2018-03-05T10:05:34</date>
  <millis>1520244334995</millis>
  <sequence>481</sequence>
  <logger>com.ibm.ws.profile.wsadmin.WsProfileAdminListener</logger>
  <level>INFO</level>
  <class>com.ibm.wsspi.profile.defaulters.GenericDefaulter</class>
  <method>runCommand</method>
  <thread>1</thread>
  <message>Running Command</message>
</record>
<record>
  <date>2018-03-05T10:05:34</date>
  <millis>1520244334995</millis>
  <sequence>482</sequence>
  <logger>com.ibm.ws.profile.wsadmin.WsProfileAdminListener</logger>
  <level>INFO</level>
  <class>com.ibm.wsspi.profile.defaulters.GenericDefaulter</class>
  <method>runCommand</method>
  <thread>1</thread>
  <message>args[0]=-f 
args[1]=C:\Program Files (x86)\IBM\WebSphere\AppServer/util/CoreGroupInstallBase.jacl 
args[2]=-lang 
args[3]=jacl 
args[4]=-conntype 
args[5]=none 
</message>
</record>
<record>
  <date>2018-03-05T10:05:35</date>
  <millis>1520244335917</millis>
  <sequence>489</sequence>
  <logger>com.ibm.ws.profile.wsadmin.WsProfileAdminListener</logger>
  <level>INFO</level>
  <class>com.ibm.wsspi.profile.defaulters.GenericDefaulter</class>
  <method>processRequest</method>
  <thread>1</thread>
  <message>returnCode=0</message>
</record>
<record>
  <date>2018-03-05T10:05:35</date>
  <millis>1520244335917</millis>
  <sequence>490</sequence>
  <logger>com.ibm.ws.profile.wsadmin.WsProfileAdminListener</logger>
  <level>INFO</level>
  <class>com.ibm.wsspi.profile.defaulters.GenericDefaulter</class>
  <method>processRequest</method>
  <thread>1</thread>
  <message>Wrote rc=0 to response file: C:\Program Files (x86)\IBM\WebSphere\AppServer\profiles\AppSrv01\temp\wsadmin.response</message>
</record>
<record>
  <date>2018-03-05T10:05:36</date>
  <millis>1520244336042</millis>
  <sequence>491</sequence>
  <logger>com.ibm.ws.profile.wsadmin.WsProfileAdminListener</logger>
  <level>INFO</level>
  <class>com.ibm.wsspi.profile.defaulters.GenericDefaulter</class>
  <method>isRequestAvailable</method>
  <thread>1</thread>
  <message>Waiting for request</message>
</record>
<record>
  <date>2018-03-05T10:05:36</date>
  <millis>1520244336042</millis>
  <sequence>492</sequence>
  <logger>com.ibm.ws.profile.wsadmin.WsProfileAdminListener</logger>
  <level>INFO</level>
  <class>com.ibm.wsspi.profile.defaulters.GenericDefaulter</class>
  <method>isRequestAvailable</method>
  <thread>1</thread>
  <message>Request found</message>
</record>
<record>
  <date>2018-03-05T10:05:36</date>
  <millis>1520244336042</millis>
  <sequence>493</sequence>
  <logger>com.ibm.ws.profile.wsadmin.WsProfileAdminListener</logger>
  <level>INFO</level>
  <class>com.ibm.wsspi.profile.defaulters.GenericDefaulter</class>
  <method>openTraceFile</method>
  <thread>1</thread>
  <message>switching trace logging to file: C:\Program Files (x86)\IBM\WebSphere\AppServer/logs/manageprofiles/AppSrv01/SIBDefineChains.log</message>
</record>
<record>
  <date>2018-03-05T10:05:36</date>
  <millis>1520244336042</millis>
  <sequence>494</sequence>
  <logger>com.ibm.ws.profile.wsadmin.WsProfileAdminListener</logger>
  <level>INFO</level>
  <class>com.ibm.wsspi.profile.defaulters.GenericDefaulter</class>
  <method>runCommand</method>
  <thread>1</thread>
  <message>Running Command</message>
</record>
<record>
  <date>2018-03-05T10:05:36</date>
  <millis>1520244336042</millis>
  <sequence>495</sequence>
  <logger>com.ibm.ws.profile.wsadmin.WsProfileAdminListener</logger>
  <level>INFO</level>
  <class>com.ibm.wsspi.profile.defaulters.GenericDefaulter</class>
  <method>runCommand</method>
  <thread>1</thread>
  <message>args[0]=-f 
args[1]=C:\Program Files (x86)\IBM\WebSphere\AppServer\profileTemplates\default/actions/scripts/sibdefinechains.jacl 
args[2]=-lang 
args[3]=jacl 
args[4]=-conntype 
args[5]=none 
args[6]=websphereQANode01 
</message>
</record>
<record>
  <date>2018-03-05T10:05:45</date>
  <millis>1520244345933</millis>
  <sequence>506</sequence>
  <logger>com.ibm.ws.profile.wsadmin.WsProfileAdminListener</logger>
  <level>INFO</level>
  <class>com.ibm.wsspi.profile.defaulters.GenericDefaulter</class>
  <method>processRequest</method>
  <thread>1</thread>
  <message>returnCode=0</message>
</record>
<record>
  <date>2018-03-05T10:05:45</date>
  <millis>1520244345933</millis>
  <sequence>507</sequence>
  <logger>com.ibm.ws.profile.wsadmin.WsProfileAdminListener</logger>
  <level>INFO</level>
  <class>com.ibm.wsspi.profile.defaulters.GenericDefaulter</class>
  <method>processRequest</method>
  <thread>1</thread>
  <message>Wrote rc=0 to response file: C:\Program Files (x86)\IBM\WebSphere\AppServer\profiles\AppSrv01\temp\wsadmin.response</message>
</record>
<record>
  <date>2018-03-05T10:05:46</date>
  <millis>1520244346058</millis>
  <sequence>508</sequence>
  <logger>com.ibm.ws.profile.wsadmin.WsProfileAdminListener</logger>
  <level>INFO</level>
  <class>com.ibm.wsspi.profile.defaulters.GenericDefaulter</class>
  <method>isRequestAvailable</method>
  <thread>1</thread>
  <message>Waiting for request</message>
</record>
<record>
  <date>2018-03-05T10:05:46</date>
  <millis>1520244346058</millis>
  <sequence>509</sequence>
  <logger>com.ibm.ws.profile.wsadmin.WsProfileAdminListener</logger>
  <level>INFO</level>
  <class>com.ibm.wsspi.profile.defaulters.GenericDefaulter</class>
  <method>isRequestAvailable</method>
  <thread>1</thread>
  <message>Request found</message>
</record>
<record>
  <date>2018-03-05T10:05:46</date>
  <millis>1520244346058</millis>
  <sequence>510</sequence>
  <logger>com.ibm.ws.profile.wsadmin.WsProfileAdminListener</logger>
  <level>INFO</level>
  <class>com.ibm.wsspi.profile.defaulters.GenericDefaulter</class>
  <method>openTraceFile</method>
  <thread>1</thread>
  <message>switching trace logging to file: C:\Program Files (x86)\IBM\WebSphere\AppServer/logs/manageprofiles/AppSrv01/SIBGenericDeployRAs.log</message>
</record>
<record>
  <date>2018-03-05T10:05:46</date>
  <millis>1520244346058</millis>
  <sequence>511</sequence>
  <logger>com.ibm.ws.profile.wsadmin.WsProfileAdminListener</logger>
  <level>INFO</level>
  <class>com.ibm.wsspi.profile.defaulters.GenericDefaulter</class>
  <method>runCommand</method>
  <thread>1</thread>
  <message>Running Command</message>
</record>
<record>
  <date>2018-03-05T10:05:46</date>
  <millis>1520244346058</millis>
  <sequence>512</sequence>
  <logger>com.ibm.ws.profile.wsadmin.WsProfileAdminListener</logger>
  <level>INFO</level>
  <class>com.ibm.wsspi.profile.defaulters.GenericDefaulter</class>
  <method>runCommand</method>
  <thread>1</thread>
  <message>args[0]=-f 
args[1]=C:\Program Files (x86)\IBM\WebSphere\AppServer\profileTemplates\default/actions/scripts/sibgenericdeployRAs.jacl 
args[2]=-lang 
args[3]=jacl 
args[4]=-conntype 
args[5]=none 
args[6]=websphereQANode01 
args[7]=true 
args[8]=true 
</message>
</record>
<record>
  <date>2018-03-05T10:05:54</date>
  <millis>1520244354178</millis>
  <sequence>529</sequence>
  <logger>com.ibm.ws.profile.wsadmin.WsProfileAdminListener</logger>
  <level>INFO</level>
  <class>com.ibm.wsspi.profile.defaulters.GenericDefaulter</class>
  <method>processRequest</method>
  <thread>1</thread>
  <message>returnCode=0</message>
</record>
<record>
  <date>2018-03-05T10:05:54</date>
  <millis>1520244354178</millis>
  <sequence>530</sequence>
  <logger>com.ibm.ws.profile.wsadmin.WsProfileAdminListener</logger>
  <level>INFO</level>
  <class>com.ibm.wsspi.profile.defaulters.GenericDefaulter</class>
  <method>processRequest</method>
  <thread>1</thread>
  <message>Wrote rc=0 to response file: C:\Program Files (x86)\IBM\WebSphere\AppServer\profiles\AppSrv01\temp\wsadmin.response</message>
</record>
<record>
  <date>2018-03-05T10:05:54</date>
  <millis>1520244354319</millis>
  <sequence>531</sequence>
  <logger>com.ibm.ws.profile.wsadmin.WsProfileAdminListener</logger>
  <level>INFO</level>
  <class>com.ibm.wsspi.profile.defaulters.GenericDefaulter</class>
  <method>isRequestAvailable</method>
  <thread>1</thread>
  <message>Waiting for request</message>
</record>
<record>
  <date>2018-03-05T10:05:54</date>
  <millis>1520244354319</millis>
  <sequence>532</sequence>
  <logger>com.ibm.ws.profile.wsadmin.WsProfileAdminListener</logger>
  <level>INFO</level>
  <class>com.ibm.wsspi.profile.defaulters.GenericDefaulter</class>
  <method>isRequestAvailable</method>
  <thread>1</thread>
  <message>Request found</message>
</record>
<record>
  <date>2018-03-05T10:05:54</date>
  <millis>1520244354319</millis>
  <sequence>533</sequence>
  <logger>com.ibm.ws.profile.wsadmin.WsProfileAdminListener</logger>
  <level>INFO</level>
  <class>com.ibm.wsspi.profile.defaulters.GenericDefaulter</class>
  <method>openTraceFile</method>
  <thread>1</thread>
  <message>switching trace logging to file: C:\Program Files (x86)\IBM\WebSphere\AppServer/logs/manageprofiles/AppSrv01/keyGeneration.log</message>
</record>
<record>
  <date>2018-03-05T10:05:54</date>
  <millis>1520244354319</millis>
  <sequence>534</sequence>
  <logger>com.ibm.ws.profile.wsadmin.WsProfileAdminListener</logger>
  <level>INFO</level>
  <class>com.ibm.wsspi.profile.defaulters.GenericDefaulter</class>
  <method>runCommand</method>
  <thread>1</thread>
  <message>Running Command</message>
</record>
<record>
  <date>2018-03-05T10:05:54</date>
  <millis>1520244354319</millis>
  <sequence>535</sequence>
  <logger>com.ibm.ws.profile.wsadmin.WsProfileAdminListener</logger>
  <level>INFO</level>
  <class>com.ibm.wsspi.profile.defaulters.GenericDefaulter</class>
  <method>runCommand</method>
  <thread>1</thread>
  <message>args[0]=-c 
args[1]=$AdminTask prepareKeysForSingleProfile {-profileRoot {C:\Program Files (x86)\IBM\WebSphere\AppServer\profiles\AppSrv01} -cellName websphereQANode01Cell -nodeName websphereQANode01 -defaultCertDN {cn=websphereQA.xoboqrqja4lepc2vjw3aqgubpg.tx.internal.cloudapp.net,ou=websphereQANode01Cell,ou=websphereQANode01,o=IBM,c=US} -defaultCertValidityPeriod {1} -rootCertValidityPeriod {15} -rootCertDN {cn=websphereQA.xoboqrqja4lepc2vjw3aqgubpg.tx.internal.cloudapp.net,ou=Root Certificate,ou=websphereQANode01Cell,ou=websphereQANode01,o=IBM,c=US} -keyStorePassword ****************  
args[2]=-c 
args[3]=$AdminConfig save 
args[4]=-lang 
args[5]=jacl 
args[6]=-conntype 
args[7]=none 
</message>
</record>
<record>
  <date>2018-03-05T10:06:05</date>
  <millis>1520244365959</millis>
  <sequence>552</sequence>
  <logger>com.ibm.ws.profile.wsadmin.WsProfileAdminListener</logger>
  <level>INFO</level>
  <class>com.ibm.wsspi.profile.defaulters.GenericDefaulter</class>
  <method>processRequest</method>
  <thread>1</thread>
  <message>returnCode=0</message>
</record>
<record>
  <date>2018-03-05T10:06:05</date>
  <millis>1520244365959</millis>
  <sequence>553</sequence>
  <logger>com.ibm.ws.profile.wsadmin.WsProfileAdminListener</logger>
  <level>INFO</level>
  <class>com.ibm.wsspi.profile.defaulters.GenericDefaulter</class>
  <method>processRequest</method>
  <thread>1</thread>
  <message>Wrote rc=0 to response file: C:\Program Files (x86)\IBM\WebSphere\AppServer\profiles\AppSrv01\temp\wsadmin.response</message>
</record>
<record>
  <date>2018-03-05T10:06:06</date>
  <millis>1520244366084</millis>
  <sequence>554</sequence>
  <logger>com.ibm.ws.profile.wsadmin.WsProfileAdminListener</logger>
  <level>INFO</level>
  <class>com.ibm.wsspi.profile.defaulters.GenericDefaulter</class>
  <method>isRequestAvailable</method>
  <thread>1</thread>
  <message>Waiting for request</message>
</record>
<record>
  <date>2018-03-05T10:06:06</date>
  <millis>1520244366084</millis>
  <sequence>555</sequence>
  <logger>com.ibm.ws.profile.wsadmin.WsProfileAdminListener</logger>
  <level>INFO</level>
  <class>com.ibm.wsspi.profile.defaulters.GenericDefaulter</class>
  <method>isRequestAvailable</method>
  <thread>1</thread>
  <message>Request found</message>
</record>
<record>
  <date>2018-03-05T10:06:06</date>
  <millis>1520244366084</millis>
  <sequence>556</sequence>
  <logger>com.ibm.ws.profile.wsadmin.WsProfileAdminListener</logger>
  <level>INFO</level>
  <class>com.ibm.wsspi.profile.defaulters.GenericDefaulter</class>
  <method>openTraceFile</method>
  <thread>1</thread>
  <message>switching trace logging to file: C:\Program Files (x86)\IBM\WebSphere\AppServer/logs/manageprofiles/AppSrv01/SetSecurity.log</message>
</record>
<record>
  <date>2018-03-05T10:06:06</date>
  <millis>1520244366084</millis>
  <sequence>557</sequence>
  <logger>com.ibm.ws.profile.wsadmin.WsProfileAdminListener</logger>
  <level>INFO</level>
  <class>com.ibm.wsspi.profile.defaulters.GenericDefaulter</class>
  <method>runCommand</method>
  <thread>1</thread>
  <message>Running Command</message>
</record>
<record>
  <date>2018-03-05T10:06:06</date>
  <millis>1520244366084</millis>
  <sequence>558</sequence>
  <logger>com.ibm.ws.profile.wsadmin.WsProfileAdminListener</logger>
  <level>INFO</level>
  <class>com.ibm.wsspi.profile.defaulters.GenericDefaulter</class>
  <method>runCommand</method>
  <thread>1</thread>
  <message>args[0]=-c 
args[1]=$AdminTask applyProfileSecuritySettings {-enableAdmin true -adminUser vmadmin -adminPwd ****************  
args[2]=-c 
args[3]=$AdminConfig save 
args[4]=-lang 
args[5]=jacl 
args[6]=-conntype 
args[7]=none 
</message>
</record>
<record>
  <date>2018-03-05T10:06:08</date>
  <millis>1520244368209</millis>
  <sequence>568</sequence>
  <logger>com.ibm.ws.profile.wsadmin.WsProfileAdminListener</logger>
  <level>INFO</level>
  <class>com.ibm.wsspi.profile.defaulters.GenericDefaulter</class>
  <method>processRequest</method>
  <thread>1</thread>
  <message>returnCode=0</message>
</record>
<record>
  <date>2018-03-05T10:06:08</date>
  <millis>1520244368227</millis>
  <sequence>569</sequence>
  <logger>com.ibm.ws.profile.wsadmin.WsProfileAdminListener</logger>
  <level>INFO</level>
  <class>com.ibm.wsspi.profile.defaulters.GenericDefaulter</class>
  <method>processRequest</method>
  <thread>1</thread>
  <message>Wrote rc=0 to response file: C:\Program Files (x86)\IBM\WebSphere\AppServer\profiles\AppSrv01\temp\wsadmin.response</message>
</record>
<record>
  <date>2018-03-05T10:06:11</date>
  <millis>1520244371584</millis>
  <sequence>570</sequence>
  <logger>com.ibm.ws.profile.wsadmin.WsProfileAdminListener</logger>
  <level>INFO</level>
  <class>com.ibm.wsspi.profile.defaulters.GenericDefaulter</class>
  <method>isRequestAvailable</method>
  <thread>1</thread>
  <message>Waiting for request</message>
</record>
<record>
  <date>2018-03-05T10:06:11</date>
  <millis>1520244371584</millis>
  <sequence>571</sequence>
  <logger>com.ibm.ws.profile.wsadmin.WsProfileAdminListener</logger>
  <level>INFO</level>
  <class>com.ibm.wsspi.profile.defaulters.GenericDefaulter</class>
  <method>isRequestAvailable</method>
  <thread>1</thread>
  <message>Request found</message>
</record>
<record>
  <date>2018-03-05T10:06:11</date>
  <millis>1520244371584</millis>
  <sequence>572</sequence>
  <logger>com.ibm.ws.profile.wsadmin.WsProfileAdminListener</logger>
  <level>INFO</level>
  <class>com.ibm.wsspi.profile.defaulters.GenericDefaulter</class>
  <method>processRequest</method>
  <thread>1</thread>
  <message>Finished Processing</message>
</record>
<record>
  <date>2018-03-05T10:06:11</date>
  <millis>1520244371584</millis>
  <sequence>573</sequence>
  <logger>com.ibm.ws.profile.wsadmin.WsProfileAdminListener</logger>
  <level>INFO</level>
  <class>com.ibm.wsspi.profile.defaulters.GenericDefaulter</class>
  <method>serviceRequests</method>
  <thread>1</thread>
  <message>Exiting</message>
</record>
</log>
